{"/home/livesetup/Desktop/Desktop/Andela/ATLP Cohort 5/phantom-fe-techode/src/App.js": {"path":"/home/livesetup/Desktop/Desktop/Andela/ATLP Cohort 5/phantom-fe-techode/src/App.js","statementMap":{"0":{"start":{"line":30,"column":12},"end":{"line":137,"column":1}},"1":{"start":{"line":31,"column":25},"end":{"line":31,"column":45}},"2":{"start":{"line":33,"column":21},"end":{"line":33,"column":51}},"3":{"start":{"line":35,"column":2},"end":{"line":136,"column":4}},"4":{"start":{"line":42,"column":12},"end":{"line":42,"column":66}},"5":{"start":{"line":49,"column":12},"end":{"line":49,"column":75}},"6":{"start":{"line":55,"column":12},"end":{"line":55,"column":73}},"7":{"start":{"line":62,"column":12},"end":{"line":62,"column":67}},"8":{"start":{"line":69,"column":12},"end":{"line":69,"column":68}},"9":{"start":{"line":133,"column":43},"end":{"line":133,"column":60}},"10":{"start":{"line":139,"column":19},"end":{"line":143,"column":1}},"11":{"start":{"line":140,"column":2},"end":{"line":142,"column":4}}},"fnMap":{"0":{"name":"(anonymous_0)","decl":{"start":{"line":30,"column":12},"end":{"line":30,"column":13}},"loc":{"start":{"line":30,"column":23},"end":{"line":137,"column":1}},"line":30},"1":{"name":"(anonymous_1)","decl":{"start":{"line":41,"column":18},"end":{"line":41,"column":19}},"loc":{"start":{"line":42,"column":12},"end":{"line":42,"column":66}},"line":42},"2":{"name":"(anonymous_2)","decl":{"start":{"line":48,"column":18},"end":{"line":48,"column":19}},"loc":{"start":{"line":49,"column":12},"end":{"line":49,"column":75}},"line":49},"3":{"name":"(anonymous_3)","decl":{"start":{"line":54,"column":18},"end":{"line":54,"column":19}},"loc":{"start":{"line":55,"column":12},"end":{"line":55,"column":73}},"line":55},"4":{"name":"(anonymous_4)","decl":{"start":{"line":61,"column":18},"end":{"line":61,"column":19}},"loc":{"start":{"line":62,"column":12},"end":{"line":62,"column":67}},"line":62},"5":{"name":"(anonymous_5)","decl":{"start":{"line":68,"column":18},"end":{"line":68,"column":19}},"loc":{"start":{"line":69,"column":12},"end":{"line":69,"column":68}},"line":69},"6":{"name":"(anonymous_6)","decl":{"start":{"line":133,"column":36},"end":{"line":133,"column":37}},"loc":{"start":{"line":133,"column":43},"end":{"line":133,"column":60}},"line":133},"7":{"name":"(anonymous_7)","decl":{"start":{"line":139,"column":19},"end":{"line":139,"column":20}},"loc":{"start":{"line":139,"column":30},"end":{"line":143,"column":1}},"line":139}},"branchMap":{"0":{"loc":{"start":{"line":42,"column":12},"end":{"line":42,"column":66}},"type":"cond-expr","locations":[{"start":{"line":42,"column":27},"end":{"line":42,"column":55}},{"start":{"line":42,"column":58},"end":{"line":42,"column":66}}],"line":42},"1":{"loc":{"start":{"line":49,"column":12},"end":{"line":49,"column":75}},"type":"cond-expr","locations":[{"start":{"line":49,"column":27},"end":{"line":49,"column":55}},{"start":{"line":49,"column":58},"end":{"line":49,"column":75}}],"line":49},"2":{"loc":{"start":{"line":55,"column":12},"end":{"line":55,"column":73}},"type":"cond-expr","locations":[{"start":{"line":55,"column":27},"end":{"line":55,"column":55}},{"start":{"line":55,"column":58},"end":{"line":55,"column":73}}],"line":55},"3":{"loc":{"start":{"line":62,"column":12},"end":{"line":62,"column":67}},"type":"cond-expr","locations":[{"start":{"line":62,"column":27},"end":{"line":62,"column":55}},{"start":{"line":62,"column":58},"end":{"line":62,"column":67}}],"line":62},"4":{"loc":{"start":{"line":69,"column":12},"end":{"line":69,"column":68}},"type":"cond-expr","locations":[{"start":{"line":69,"column":27},"end":{"line":69,"column":55}},{"start":{"line":69,"column":58},"end":{"line":69,"column":68}}],"line":69}},"s":{"0":1,"1":5,"2":5,"3":5,"4":0,"5":0,"6":0,"7":0,"8":0,"9":0,"10":1,"11":5},"f":{"0":5,"1":0,"2":0,"3":0,"4":0,"5":0,"6":0,"7":5},"b":{"0":[0,0],"1":[0,0],"2":[0,0],"3":[0,0],"4":[0,0]},"_coverageSchema":"1a1c01bbd47fc00a2c39e90264f33305004495a9","hash":"e2a94c9f2c66599c573838a943d73340810e4548"}
,"/home/livesetup/Desktop/Desktop/Andela/ATLP Cohort 5/phantom-fe-techode/src/assets/js/main.js": {"path":"/home/livesetup/Desktop/Desktop/Andela/ATLP Cohort 5/phantom-fe-techode/src/assets/js/main.js","statementMap":{"0":{"start":{"line":2,"column":12},"end":{"line":8,"column":1}}},"fnMap":{},"branchMap":{},"s":{"0":9},"f":{},"b":{},"_coverageSchema":"1a1c01bbd47fc00a2c39e90264f33305004495a9","hash":"c63977bfd4e1bb038ef48678864305b2f4f0218d"}
,"/home/livesetup/Desktop/Desktop/Andela/ATLP Cohort 5/phantom-fe-techode/src/components/RoutesTable.js": {"path":"/home/livesetup/Desktop/Desktop/Andela/ATLP Cohort 5/phantom-fe-techode/src/components/RoutesTable.js","statementMap":{"0":{"start":{"line":6,"column":15},"end":{"line":241,"column":1}},"1":{"start":{"line":243,"column":36},"end":{"line":243,"column":52}},"2":{"start":{"line":244,"column":2},"end":{"line":244,"column":22}},"3":{"start":{"line":245,"column":23},"end":{"line":254,"column":3}},"4":{"start":{"line":256,"column":18},"end":{"line":256,"column":49}},"5":{"start":{"line":256,"column":32},"end":{"line":256,"column":44}},"6":{"start":{"line":257,"column":15},"end":{"line":257,"column":43}},"7":{"start":{"line":257,"column":29},"end":{"line":257,"column":38}},"8":{"start":{"line":272,"column":6},"end":{"line":272,"column":48}},"9":{"start":{"line":273,"column":34},"end":{"line":273,"column":39}},"10":{"start":{"line":274,"column":19},"end":{"line":282,"column":3}},"11":{"start":{"line":283,"column":18},"end":{"line":283,"column":26}},"12":{"start":{"line":284,"column":23},"end":{"line":296,"column":3}},"13":{"start":{"line":285,"column":4},"end":{"line":285,"column":23}},"14":{"start":{"line":286,"column":4},"end":{"line":286,"column":27}},"15":{"start":{"line":287,"column":17},"end":{"line":287,"column":36}},"16":{"start":{"line":288,"column":4},"end":{"line":288,"column":28}},"17":{"start":{"line":289,"column":20},"end":{"line":289,"column":52}},"18":{"start":{"line":290,"column":4},"end":{"line":290,"column":26}},"19":{"start":{"line":291,"column":4},"end":{"line":293,"column":5}},"20":{"start":{"line":292,"column":6},"end":{"line":292,"column":30}},"21":{"start":{"line":294,"column":4},"end":{"line":294,"column":27}},"22":{"start":{"line":295,"column":4},"end":{"line":295,"column":40}},"23":{"start":{"line":298,"column":2},"end":{"line":376,"column":4}},"24":{"start":{"line":303,"column":12},"end":{"line":313,"column":14}},"25":{"start":{"line":306,"column":18},"end":{"line":310,"column":20}},"26":{"start":{"line":318,"column":12},"end":{"line":318,"column":28}},"27":{"start":{"line":319,"column":12},"end":{"line":327,"column":14}},"28":{"start":{"line":322,"column":18},"end":{"line":324,"column":20}},"29":{"start":{"line":334,"column":39},"end":{"line":334,"column":53}},"30":{"start":{"line":341,"column":39},"end":{"line":341,"column":49}}},"fnMap":{"0":{"name":"RoutesTable","decl":{"start":{"line":242,"column":24},"end":{"line":242,"column":35}},"loc":{"start":{"line":242,"column":43},"end":{"line":377,"column":1}},"line":242},"1":{"name":"(anonymous_1)","decl":{"start":{"line":256,"column":26},"end":{"line":256,"column":27}},"loc":{"start":{"line":256,"column":32},"end":{"line":256,"column":44}},"line":256},"2":{"name":"(anonymous_2)","decl":{"start":{"line":257,"column":23},"end":{"line":257,"column":24}},"loc":{"start":{"line":257,"column":29},"end":{"line":257,"column":38}},"line":257},"3":{"name":"(anonymous_3)","decl":{"start":{"line":284,"column":23},"end":{"line":284,"column":24}},"loc":{"start":{"line":284,"column":30},"end":{"line":296,"column":3}},"line":284},"4":{"name":"(anonymous_4)","decl":{"start":{"line":302,"column":28},"end":{"line":302,"column":29}},"loc":{"start":{"line":302,"column":45},"end":{"line":314,"column":11}},"line":302},"5":{"name":"(anonymous_5)","decl":{"start":{"line":305,"column":41},"end":{"line":305,"column":42}},"loc":{"start":{"line":305,"column":53},"end":{"line":311,"column":17}},"line":305},"6":{"name":"(anonymous_6)","decl":{"start":{"line":317,"column":20},"end":{"line":317,"column":21}},"loc":{"start":{"line":317,"column":29},"end":{"line":328,"column":11}},"line":317},"7":{"name":"(anonymous_7)","decl":{"start":{"line":321,"column":31},"end":{"line":321,"column":32}},"loc":{"start":{"line":321,"column":41},"end":{"line":325,"column":17}},"line":321},"8":{"name":"(anonymous_8)","decl":{"start":{"line":334,"column":33},"end":{"line":334,"column":34}},"loc":{"start":{"line":334,"column":39},"end":{"line":334,"column":53}},"line":334},"9":{"name":"(anonymous_9)","decl":{"start":{"line":341,"column":33},"end":{"line":341,"column":34}},"loc":{"start":{"line":341,"column":39},"end":{"line":341,"column":49}},"line":341}},"branchMap":{"0":{"loc":{"start":{"line":291,"column":4},"end":{"line":293,"column":5}},"type":"if","locations":[{"start":{"line":291,"column":4},"end":{"line":293,"column":5}},{"start":{},"end":{}}],"line":291},"1":{"loc":{"start":{"line":333,"column":15},"end":{"line":337,"column":15}},"type":"cond-expr","locations":[{"start":{"line":334,"column":16},"end":{"line":334,"column":68}},{"start":{"line":336,"column":16},"end":{"line":336,"column":18}}],"line":333},"2":{"loc":{"start":{"line":340,"column":15},"end":{"line":344,"column":15}},"type":"cond-expr","locations":[{"start":{"line":341,"column":16},"end":{"line":341,"column":64}},{"start":{"line":343,"column":16},"end":{"line":343,"column":18}}],"line":340}},"s":{"0":0,"1":0,"2":0,"3":0,"4":0,"5":0,"6":0,"7":0,"8":0,"9":0,"10":0,"11":0,"12":0,"13":0,"14":0,"15":0,"16":0,"17":0,"18":0,"19":0,"20":0,"21":0,"22":0,"23":0,"24":0,"25":0,"26":0,"27":0,"28":0,"29":0,"30":0},"f":{"0":0,"1":0,"2":0,"3":0,"4":0,"5":0,"6":0,"7":0,"8":0,"9":0},"b":{"0":[0,0],"1":[0,0],"2":[0,0]}}
,"/home/livesetup/Desktop/Desktop/Andela/ATLP Cohort 5/phantom-fe-techode/src/components/BusSim/BusSim.js": {"path":"/home/livesetup/Desktop/Desktop/Andela/ATLP Cohort 5/phantom-fe-techode/src/components/BusSim/BusSim.js","statementMap":{"0":{"start":{"line":4,"column":2},"end":{"line":83,"column":4}}},"fnMap":{"0":{"name":"BusSim","decl":{"start":{"line":3,"column":24},"end":{"line":3,"column":30}},"loc":{"start":{"line":3,"column":33},"end":{"line":84,"column":1}},"line":3}},"branchMap":{},"s":{"0":0},"f":{"0":0},"b":{},"_coverageSchema":"1a1c01bbd47fc00a2c39e90264f33305004495a9","hash":"5b62fd8b23cbbf606c4f7b8d92540bb181d1000e"}
,"/home/livesetup/Desktop/Desktop/Andela/ATLP Cohort 5/phantom-fe-techode/src/components/Buttons/Buttons.js": {"path":"/home/livesetup/Desktop/Desktop/Andela/ATLP Cohort 5/phantom-fe-techode/src/components/Buttons/Buttons.js","statementMap":{"0":{"start":{"line":3,"column":28},"end":{"line":9,"column":1}},"1":{"start":{"line":4,"column":4},"end":{"line":8,"column":7}},"2":{"start":{"line":10,"column":29},"end":{"line":16,"column":1}},"3":{"start":{"line":11,"column":4},"end":{"line":15,"column":7}},"4":{"start":{"line":17,"column":29},"end":{"line":23,"column":1}},"5":{"start":{"line":18,"column":4},"end":{"line":22,"column":7}},"6":{"start":{"line":24,"column":26},"end":{"line":30,"column":1}},"7":{"start":{"line":25,"column":4},"end":{"line":29,"column":7}},"8":{"start":{"line":32,"column":29},"end":{"line":34,"column":1}},"9":{"start":{"line":33,"column":4},"end":{"line":33,"column":177}},"10":{"start":{"line":36,"column":23},"end":{"line":42,"column":1}},"11":{"start":{"line":37,"column":4},"end":{"line":41,"column":7}},"12":{"start":{"line":43,"column":32},"end":{"line":50,"column":1}},"13":{"start":{"line":44,"column":4},"end":{"line":49,"column":7}},"14":{"start":{"line":53,"column":27},"end":{"line":60,"column":1}},"15":{"start":{"line":54,"column":4},"end":{"line":59,"column":7}}},"fnMap":{"0":{"name":"(anonymous_0)","decl":{"start":{"line":3,"column":28},"end":{"line":3,"column":29}},"loc":{"start":{"line":3,"column":51},"end":{"line":9,"column":1}},"line":3},"1":{"name":"(anonymous_1)","decl":{"start":{"line":10,"column":29},"end":{"line":10,"column":30}},"loc":{"start":{"line":10,"column":52},"end":{"line":16,"column":1}},"line":10},"2":{"name":"(anonymous_2)","decl":{"start":{"line":17,"column":29},"end":{"line":17,"column":30}},"loc":{"start":{"line":17,"column":52},"end":{"line":23,"column":1}},"line":17},"3":{"name":"(anonymous_3)","decl":{"start":{"line":24,"column":26},"end":{"line":24,"column":27}},"loc":{"start":{"line":24,"column":57},"end":{"line":30,"column":1}},"line":24},"4":{"name":"(anonymous_4)","decl":{"start":{"line":32,"column":29},"end":{"line":32,"column":30}},"loc":{"start":{"line":32,"column":52},"end":{"line":34,"column":1}},"line":32},"5":{"name":"(anonymous_5)","decl":{"start":{"line":36,"column":23},"end":{"line":36,"column":24}},"loc":{"start":{"line":36,"column":55},"end":{"line":42,"column":1}},"line":36},"6":{"name":"(anonymous_6)","decl":{"start":{"line":43,"column":32},"end":{"line":43,"column":33}},"loc":{"start":{"line":43,"column":80},"end":{"line":50,"column":1}},"line":43},"7":{"name":"(anonymous_7)","decl":{"start":{"line":53,"column":27},"end":{"line":53,"column":28}},"loc":{"start":{"line":53,"column":69},"end":{"line":60,"column":1}},"line":53}},"branchMap":{},"s":{"0":0,"1":0,"2":0,"3":0,"4":0,"5":0,"6":0,"7":0,"8":0,"9":0,"10":0,"11":0,"12":0,"13":0,"14":0,"15":0},"f":{"0":0,"1":0,"2":0,"3":0,"4":0,"5":0,"6":0,"7":0},"b":{}}
,"/home/livesetup/Desktop/Desktop/Andela/ATLP Cohort 5/phantom-fe-techode/src/components/Buttons/LebalButton.js": {"path":"/home/livesetup/Desktop/Desktop/Andela/ATLP Cohort 5/phantom-fe-techode/src/components/Buttons/LebalButton.js","statementMap":{"0":{"start":{"line":2,"column":27},"end":{"line":8,"column":1}},"1":{"start":{"line":3,"column":4},"end":{"line":7,"column":7}},"2":{"start":{"line":10,"column":10},"end":{"line":10,"column":12}},"3":{"start":{"line":11,"column":20},"end":{"line":60,"column":1}},"4":{"start":{"line":12,"column":4},"end":{"line":59,"column":5}},"5":{"start":{"line":14,"column":12},"end":{"line":20,"column":14}},"6":{"start":{"line":22,"column":12},"end":{"line":28,"column":14}},"7":{"start":{"line":30,"column":12},"end":{"line":36,"column":14}},"8":{"start":{"line":38,"column":12},"end":{"line":44,"column":14}},"9":{"start":{"line":46,"column":12},"end":{"line":52,"column":14}},"10":{"start":{"line":54,"column":12},"end":{"line":58,"column":13}},"11":{"start":{"line":62,"column":31},"end":{"line":65,"column":1}},"12":{"start":{"line":63,"column":19},"end":{"line":63,"column":66}},"13":{"start":{"line":64,"column":4},"end":{"line":64,"column":20}}},"fnMap":{"0":{"name":"(anonymous_0)","decl":{"start":{"line":2,"column":27},"end":{"line":2,"column":28}},"loc":{"start":{"line":2,"column":55},"end":{"line":8,"column":1}},"line":2},"1":{"name":"(anonymous_1)","decl":{"start":{"line":11,"column":20},"end":{"line":11,"column":21}},"loc":{"start":{"line":11,"column":61},"end":{"line":60,"column":1}},"line":11},"2":{"name":"(anonymous_2)","decl":{"start":{"line":62,"column":31},"end":{"line":62,"column":32}},"loc":{"start":{"line":62,"column":92},"end":{"line":65,"column":1}},"line":62}},"branchMap":{"0":{"loc":{"start":{"line":11,"column":35},"end":{"line":11,"column":45}},"type":"default-arg","locations":[{"start":{"line":11,"column":43},"end":{"line":11,"column":45}}],"line":11},"1":{"loc":{"start":{"line":12,"column":4},"end":{"line":59,"column":5}},"type":"switch","locations":[{"start":{"line":13,"column":8},"end":{"line":20,"column":14}},{"start":{"line":21,"column":8},"end":{"line":28,"column":14}},{"start":{"line":29,"column":8},"end":{"line":36,"column":14}},{"start":{"line":37,"column":8},"end":{"line":44,"column":14}},{"start":{"line":45,"column":8},"end":{"line":52,"column":14}},{"start":{"line":53,"column":8},"end":{"line":58,"column":13}}],"line":12},"2":{"loc":{"start":{"line":56,"column":21},"end":{"line":56,"column":57}},"type":"cond-expr","locations":[{"start":{"line":56,"column":34},"end":{"line":56,"column":50}},{"start":{"line":56,"column":53},"end":{"line":56,"column":57}}],"line":56}},"s":{"0":0,"1":0,"2":0,"3":0,"4":0,"5":0,"6":0,"7":0,"8":0,"9":0,"10":0,"11":0,"12":0,"13":0},"f":{"0":0,"1":0,"2":0},"b":{"0":[0],"1":[0,0,0,0,0,0],"2":[0,0]}}
,"/home/livesetup/Desktop/Desktop/Andela/ATLP Cohort 5/phantom-fe-techode/src/components/Cards/CardService.js": {"path":"/home/livesetup/Desktop/Desktop/Andela/ATLP Cohort 5/phantom-fe-techode/src/components/Cards/CardService.js","statementMap":{"0":{"start":{"line":4,"column":20},"end":{"line":20,"column":1}},"1":{"start":{"line":5,"column":2},"end":{"line":19,"column":3}}},"fnMap":{"0":{"name":"(anonymous_0)","decl":{"start":{"line":4,"column":20},"end":{"line":4,"column":21}},"loc":{"start":{"line":4,"column":63},"end":{"line":20,"column":1}},"line":4}},"branchMap":{},"s":{"0":2,"1":0},"f":{"0":0},"b":{},"_coverageSchema":"1a1c01bbd47fc00a2c39e90264f33305004495a9","hash":"b2846f839669345c7d4a8c7789ddebebdb27db1e"}
,"/home/livesetup/Desktop/Desktop/Andela/ATLP Cohort 5/phantom-fe-techode/src/components/Cards/CardTestimonial.js": {"path":"/home/livesetup/Desktop/Desktop/Andela/ATLP Cohort 5/phantom-fe-techode/src/components/Cards/CardTestimonial.js","statementMap":{"0":{"start":{"line":4,"column":24},"end":{"line":17,"column":1}},"1":{"start":{"line":5,"column":2},"end":{"line":16,"column":4}}},"fnMap":{"0":{"name":"(anonymous_0)","decl":{"start":{"line":4,"column":24},"end":{"line":4,"column":25}},"loc":{"start":{"line":4,"column":63},"end":{"line":17,"column":1}},"line":4}},"branchMap":{},"s":{"0":2,"1":0},"f":{"0":0},"b":{},"_coverageSchema":"1a1c01bbd47fc00a2c39e90264f33305004495a9","hash":"9b715d656aed0523f550fe3a2ea51196392d704e"}
,"/home/livesetup/Desktop/Desktop/Andela/ATLP Cohort 5/phantom-fe-techode/src/components/Cards/CardToStart.js": {"path":"/home/livesetup/Desktop/Desktop/Andela/ATLP Cohort 5/phantom-fe-techode/src/components/Cards/CardToStart.js","statementMap":{"0":{"start":{"line":4,"column":20},"end":{"line":12,"column":1}},"1":{"start":{"line":5,"column":2},"end":{"line":11,"column":3}}},"fnMap":{"0":{"name":"(anonymous_0)","decl":{"start":{"line":4,"column":20},"end":{"line":4,"column":21}},"loc":{"start":{"line":4,"column":54},"end":{"line":12,"column":1}},"line":4}},"branchMap":{},"s":{"0":2,"1":0},"f":{"0":0},"b":{},"_coverageSchema":"1a1c01bbd47fc00a2c39e90264f33305004495a9","hash":"86a6a122ba2f0fe91c3b63dd1d00218c8c354a78"}
,"/home/livesetup/Desktop/Desktop/Andela/ATLP Cohort 5/phantom-fe-techode/src/components/Cards/RouteCard.js": {"path":"/home/livesetup/Desktop/Desktop/Andela/ATLP Cohort 5/phantom-fe-techode/src/components/Cards/RouteCard.js","statementMap":{"0":{"start":{"line":8,"column":18},"end":{"line":146,"column":1}},"1":{"start":{"line":9,"column":32},"end":{"line":9,"column":47}},"2":{"start":{"line":10,"column":47},"end":{"line":10,"column":52}},"3":{"start":{"line":11,"column":32},"end":{"line":47,"column":6}},"4":{"start":{"line":49,"column":21},"end":{"line":49,"column":33}},"5":{"start":{"line":50,"column":18},"end":{"line":53,"column":5}},"6":{"start":{"line":51,"column":8},"end":{"line":51,"column":38}},"7":{"start":{"line":52,"column":8},"end":{"line":52,"column":35}},"8":{"start":{"line":54,"column":22},"end":{"line":56,"column":5}},"9":{"start":{"line":55,"column":8},"end":{"line":55,"column":27}},"10":{"start":{"line":57,"column":4},"end":{"line":145,"column":7}},"11":{"start":{"line":80,"column":96},"end":{"line":80,"column":126}},"12":{"start":{"line":102,"column":54},"end":{"line":102,"column":84}},"13":{"start":{"line":103,"column":28},"end":{"line":138,"column":29}},"14":{"start":{"line":130,"column":150},"end":{"line":130,"column":181}},"15":{"start":{"line":148,"column":19},"end":{"line":153,"column":1}},"16":{"start":{"line":149,"column":4},"end":{"line":152,"column":5}}},"fnMap":{"0":{"name":"(anonymous_0)","decl":{"start":{"line":8,"column":18},"end":{"line":8,"column":19}},"loc":{"start":{"line":8,"column":29},"end":{"line":146,"column":1}},"line":8},"1":{"name":"(anonymous_1)","decl":{"start":{"line":50,"column":18},"end":{"line":50,"column":19}},"loc":{"start":{"line":50,"column":58},"end":{"line":53,"column":5}},"line":50},"2":{"name":"(anonymous_2)","decl":{"start":{"line":54,"column":22},"end":{"line":54,"column":23}},"loc":{"start":{"line":54,"column":28},"end":{"line":56,"column":5}},"line":54},"3":{"name":"(anonymous_3)","decl":{"start":{"line":80,"column":80},"end":{"line":80,"column":81}},"loc":{"start":{"line":80,"column":96},"end":{"line":80,"column":126}},"line":80},"4":{"name":"(anonymous_4)","decl":{"start":{"line":102,"column":38},"end":{"line":102,"column":39}},"loc":{"start":{"line":102,"column":54},"end":{"line":102,"column":84}},"line":102},"5":{"name":"(anonymous_5)","decl":{"start":{"line":102,"column":93},"end":{"line":102,"column":94}},"loc":{"start":{"line":102,"column":112},"end":{"line":139,"column":25}},"line":102},"6":{"name":"(anonymous_6)","decl":{"start":{"line":130,"column":144},"end":{"line":130,"column":145}},"loc":{"start":{"line":130,"column":150},"end":{"line":130,"column":181}},"line":130},"7":{"name":"(anonymous_7)","decl":{"start":{"line":148,"column":19},"end":{"line":148,"column":20}},"loc":{"start":{"line":148,"column":30},"end":{"line":153,"column":1}},"line":148}},"branchMap":{"0":{"loc":{"start":{"line":50,"column":20},"end":{"line":50,"column":29}},"type":"default-arg","locations":[{"start":{"line":50,"column":27},"end":{"line":50,"column":29}}],"line":50},"1":{"loc":{"start":{"line":50,"column":32},"end":{"line":50,"column":39}},"type":"default-arg","locations":[{"start":{"line":50,"column":37},"end":{"line":50,"column":39}}],"line":50},"2":{"loc":{"start":{"line":50,"column":42},"end":{"line":50,"column":53}},"type":"default-arg","locations":[{"start":{"line":50,"column":52},"end":{"line":50,"column":53}}],"line":50},"3":{"loc":{"start":{"line":94,"column":116},"end":{"line":94,"column":159}},"type":"cond-expr","locations":[{"start":{"line":94,"column":133},"end":{"line":94,"column":145}},{"start":{"line":94,"column":148},"end":{"line":94,"column":159}}],"line":94}},"s":{"0":1,"1":0,"2":0,"3":0,"4":0,"5":0,"6":0,"7":0,"8":0,"9":0,"10":0,"11":0,"12":0,"13":0,"14":0,"15":1,"16":0},"f":{"0":0,"1":0,"2":0,"3":0,"4":0,"5":0,"6":0,"7":0},"b":{"0":[0],"1":[0],"2":[0],"3":[0,0]},"_coverageSchema":"1a1c01bbd47fc00a2c39e90264f33305004495a9","hash":"3a0f68aada70b5009e0c96cb2508e561d144b6ab"}
,"/home/livesetup/Desktop/Desktop/Andela/ATLP Cohort 5/phantom-fe-techode/src/components/DriverAction/DriverAction.js": {"path":"/home/livesetup/Desktop/Desktop/Andela/ATLP Cohort 5/phantom-fe-techode/src/components/DriverAction/DriverAction.js","statementMap":{"0":{"start":{"line":8,"column":21},"end":{"line":72,"column":1}},"1":{"start":{"line":9,"column":60},"end":{"line":9,"column":65}},"2":{"start":{"line":11,"column":31},"end":{"line":11,"column":35}},"3":{"start":{"line":13,"column":4},"end":{"line":15,"column":14}},"4":{"start":{"line":14,"column":8},"end":{"line":14,"column":27}},"5":{"start":{"line":17,"column":27},"end":{"line":20,"column":5}},"6":{"start":{"line":18,"column":8},"end":{"line":18,"column":44}},"7":{"start":{"line":19,"column":8},"end":{"line":19,"column":29}},"8":{"start":{"line":22,"column":28},"end":{"line":25,"column":5}},"9":{"start":{"line":23,"column":8},"end":{"line":23,"column":47}},"10":{"start":{"line":24,"column":8},"end":{"line":24,"column":30}},"11":{"start":{"line":27,"column":26},"end":{"line":32,"column":5}},"12":{"start":{"line":29,"column":12},"end":{"line":29,"column":50}},"13":{"start":{"line":31,"column":8},"end":{"line":31,"column":53}},"14":{"start":{"line":33,"column":4},"end":{"line":71,"column":5}},"15":{"start":{"line":74,"column":19},"end":{"line":79,"column":1}},"16":{"start":{"line":75,"column":4},"end":{"line":78,"column":5}}},"fnMap":{"0":{"name":"(anonymous_0)","decl":{"start":{"line":8,"column":21},"end":{"line":8,"column":22}},"loc":{"start":{"line":8,"column":34},"end":{"line":72,"column":1}},"line":8},"1":{"name":"(anonymous_1)","decl":{"start":{"line":13,"column":15},"end":{"line":13,"column":16}},"loc":{"start":{"line":13,"column":21},"end":{"line":15,"column":7}},"line":13},"2":{"name":"(anonymous_2)","decl":{"start":{"line":17,"column":27},"end":{"line":17,"column":28}},"loc":{"start":{"line":17,"column":33},"end":{"line":20,"column":5}},"line":17},"3":{"name":"(anonymous_3)","decl":{"start":{"line":22,"column":28},"end":{"line":22,"column":29}},"loc":{"start":{"line":22,"column":34},"end":{"line":25,"column":5}},"line":22},"4":{"name":"(anonymous_4)","decl":{"start":{"line":27,"column":26},"end":{"line":27,"column":27}},"loc":{"start":{"line":27,"column":32},"end":{"line":32,"column":5}},"line":27},"5":{"name":"(anonymous_5)","decl":{"start":{"line":74,"column":19},"end":{"line":74,"column":20}},"loc":{"start":{"line":74,"column":29},"end":{"line":79,"column":1}},"line":74}},"branchMap":{"0":{"loc":{"start":{"line":53,"column":20},"end":{"line":65,"column":24}},"type":"cond-expr","locations":[{"start":{"line":54,"column":24},"end":{"line":64,"column":30}},{"start":{"line":65,"column":22},"end":{"line":65,"column":24}}],"line":53}},"s":{"0":7,"1":0,"2":0,"3":0,"4":0,"5":0,"6":0,"7":0,"8":0,"9":0,"10":0,"11":0,"12":0,"13":0,"14":0,"15":7,"16":0},"f":{"0":0,"1":0,"2":0,"3":0,"4":0,"5":0},"b":{"0":[0,0]},"_coverageSchema":"1a1c01bbd47fc00a2c39e90264f33305004495a9","hash":"f59e460e95545a817c3139bab0f729330e1799ed"}
,"/home/livesetup/Desktop/Desktop/Andela/ATLP Cohort 5/phantom-fe-techode/src/components/Explore/Explore.js": {"path":"/home/livesetup/Desktop/Desktop/Andela/ATLP Cohort 5/phantom-fe-techode/src/components/Explore/Explore.js","statementMap":{"0":{"start":{"line":7,"column":16},"end":{"line":46,"column":1}},"1":{"start":{"line":8,"column":36},"end":{"line":8,"column":50}},"2":{"start":{"line":10,"column":2},"end":{"line":12,"column":10}},"3":{"start":{"line":11,"column":4},"end":{"line":11,"column":23}},"4":{"start":{"line":14,"column":2},"end":{"line":45,"column":4}}},"fnMap":{"0":{"name":"(anonymous_0)","decl":{"start":{"line":7,"column":16},"end":{"line":7,"column":17}},"loc":{"start":{"line":7,"column":22},"end":{"line":46,"column":1}},"line":7},"1":{"name":"(anonymous_1)","decl":{"start":{"line":10,"column":13},"end":{"line":10,"column":14}},"loc":{"start":{"line":10,"column":19},"end":{"line":12,"column":3}},"line":10}},"branchMap":{"0":{"loc":{"start":{"line":29,"column":11},"end":{"line":29,"column":31}},"type":"binary-expr","locations":[{"start":{"line":29,"column":11},"end":{"line":29,"column":20}},{"start":{"line":29,"column":24},"end":{"line":29,"column":31}}],"line":29},"1":{"loc":{"start":{"line":30,"column":11},"end":{"line":40,"column":25}},"type":"binary-expr","locations":[{"start":{"line":30,"column":11},"end":{"line":30,"column":21}},{"start":{"line":30,"column":25},"end":{"line":40,"column":25}}],"line":30}},"s":{"0":2,"1":0,"2":0,"3":0,"4":0},"f":{"0":0,"1":0},"b":{"0":[0,0],"1":[0,0]},"_coverageSchema":"1a1c01bbd47fc00a2c39e90264f33305004495a9","hash":"0fbab441ee5eeaaa1725a435fbf31829ad4f87f5"}
,"/home/livesetup/Desktop/Desktop/Andela/ATLP Cohort 5/phantom-fe-techode/src/components/Footer/Footer.js": {"path":"/home/livesetup/Desktop/Desktop/Andela/ATLP Cohort 5/phantom-fe-techode/src/components/Footer/Footer.js","statementMap":{"0":{"start":{"line":9,"column":15},"end":{"line":159,"column":1}},"1":{"start":{"line":11,"column":17},"end":{"line":34,"column":4}},"2":{"start":{"line":32,"column":6},"end":{"line":32,"column":45}},"3":{"start":{"line":36,"column":2},"end":{"line":158,"column":4}}},"fnMap":{"0":{"name":"(anonymous_0)","decl":{"start":{"line":9,"column":15},"end":{"line":9,"column":16}},"loc":{"start":{"line":9,"column":21},"end":{"line":159,"column":1}},"line":9},"1":{"name":"(anonymous_1)","decl":{"start":{"line":31,"column":14},"end":{"line":31,"column":15}},"loc":{"start":{"line":31,"column":24},"end":{"line":33,"column":5}},"line":31}},"branchMap":{"0":{"loc":{"start":{"line":91,"column":15},"end":{"line":93,"column":22}},"type":"cond-expr","locations":[{"start":{"line":92,"column":16},"end":{"line":92,"column":92}},{"start":{"line":93,"column":18},"end":{"line":93,"column":22}}],"line":91},"1":{"loc":{"start":{"line":91,"column":15},"end":{"line":91,"column":66}},"type":"binary-expr","locations":[{"start":{"line":91,"column":15},"end":{"line":91,"column":39}},{"start":{"line":91,"column":43},"end":{"line":91,"column":66}}],"line":91},"2":{"loc":{"start":{"line":107,"column":15},"end":{"line":109,"column":22}},"type":"cond-expr","locations":[{"start":{"line":108,"column":16},"end":{"line":108,"column":95}},{"start":{"line":109,"column":18},"end":{"line":109,"column":22}}],"line":107},"3":{"loc":{"start":{"line":107,"column":15},"end":{"line":107,"column":69}},"type":"binary-expr","locations":[{"start":{"line":107,"column":15},"end":{"line":107,"column":39}},{"start":{"line":107,"column":43},"end":{"line":107,"column":69}}],"line":107},"4":{"loc":{"start":{"line":121,"column":16},"end":{"line":123,"column":22}},"type":"cond-expr","locations":[{"start":{"line":122,"column":16},"end":{"line":122,"column":89}},{"start":{"line":123,"column":18},"end":{"line":123,"column":22}}],"line":121},"5":{"loc":{"start":{"line":121,"column":16},"end":{"line":121,"column":64}},"type":"binary-expr","locations":[{"start":{"line":121,"column":16},"end":{"line":121,"column":40}},{"start":{"line":121,"column":44},"end":{"line":121,"column":64}}],"line":121},"6":{"loc":{"start":{"line":136,"column":16},"end":{"line":138,"column":22}},"type":"cond-expr","locations":[{"start":{"line":137,"column":16},"end":{"line":137,"column":91}},{"start":{"line":138,"column":18},"end":{"line":138,"column":22}}],"line":136},"7":{"loc":{"start":{"line":136,"column":16},"end":{"line":136,"column":66}},"type":"binary-expr","locations":[{"start":{"line":136,"column":16},"end":{"line":136,"column":40}},{"start":{"line":136,"column":44},"end":{"line":136,"column":66}}],"line":136}},"s":{"0":2,"1":0,"2":0,"3":0},"f":{"0":0,"1":0},"b":{"0":[0,0],"1":[0,0],"2":[0,0],"3":[0,0],"4":[0,0],"5":[0,0],"6":[0,0],"7":[0,0]},"_coverageSchema":"1a1c01bbd47fc00a2c39e90264f33305004495a9","hash":"242dbde93e5fc8985a942c12776c5fe0015f803c"}
,"/home/livesetup/Desktop/Desktop/Andela/ATLP Cohort 5/phantom-fe-techode/src/components/Header/Header.js": {"path":"/home/livesetup/Desktop/Desktop/Andela/ATLP Cohort 5/phantom-fe-techode/src/components/Header/Header.js","statementMap":{"0":{"start":{"line":7,"column":15},"end":{"line":111,"column":1}},"1":{"start":{"line":8,"column":2},"end":{"line":110,"column":4}}},"fnMap":{"0":{"name":"(anonymous_0)","decl":{"start":{"line":7,"column":15},"end":{"line":7,"column":16}},"loc":{"start":{"line":7,"column":21},"end":{"line":111,"column":1}},"line":7}},"branchMap":{},"s":{"0":2,"1":0},"f":{"0":0},"b":{},"_coverageSchema":"1a1c01bbd47fc00a2c39e90264f33305004495a9","hash":"7ecb34b2ccce023391939feab7124e97393c94c3"}
,"/home/livesetup/Desktop/Desktop/Andela/ATLP Cohort 5/phantom-fe-techode/src/components/HowToStart/HowToStart.js": {"path":"/home/livesetup/Desktop/Desktop/Andela/ATLP Cohort 5/phantom-fe-techode/src/components/HowToStart/HowToStart.js","statementMap":{"0":{"start":{"line":9,"column":19},"end":{"line":25,"column":1}},"1":{"start":{"line":10,"column":2},"end":{"line":24,"column":3}}},"fnMap":{"0":{"name":"(anonymous_0)","decl":{"start":{"line":9,"column":19},"end":{"line":9,"column":20}},"loc":{"start":{"line":9,"column":25},"end":{"line":25,"column":1}},"line":9}},"branchMap":{},"s":{"0":2,"1":0},"f":{"0":0},"b":{},"_coverageSchema":"1a1c01bbd47fc00a2c39e90264f33305004495a9","hash":"62f302b59090e7e5d9853d90324ffdf5eb40fc9c"}
,"/home/livesetup/Desktop/Desktop/Andela/ATLP Cohort 5/phantom-fe-techode/src/components/Intro/Intro.js": {"path":"/home/livesetup/Desktop/Desktop/Andela/ATLP Cohort 5/phantom-fe-techode/src/components/Intro/Intro.js","statementMap":{"0":{"start":{"line":4,"column":14},"end":{"line":43,"column":1}},"1":{"start":{"line":6,"column":2},"end":{"line":23,"column":3}},"2":{"start":{"line":26,"column":4},"end":{"line":41,"column":5}}},"fnMap":{"0":{"name":"(anonymous_0)","decl":{"start":{"line":4,"column":14},"end":{"line":4,"column":15}},"loc":{"start":{"line":4,"column":20},"end":{"line":43,"column":1}},"line":4}},"branchMap":{},"s":{"0":2,"1":0,"2":0},"f":{"0":0},"b":{},"_coverageSchema":"1a1c01bbd47fc00a2c39e90264f33305004495a9","hash":"5ed334cc883aaac9e7017e2f759fe00620080658"}
,"/home/livesetup/Desktop/Desktop/Andela/ATLP Cohort 5/phantom-fe-techode/src/components/LocationSim/DriverSim.js": {"path":"/home/livesetup/Desktop/Desktop/Andela/ATLP Cohort 5/phantom-fe-techode/src/components/LocationSim/DriverSim.js","statementMap":{"0":{"start":{"line":17,"column":18},"end":{"line":119,"column":1}},"1":{"start":{"line":18,"column":89},"end":{"line":18,"column":94}},"2":{"start":{"line":20,"column":31},"end":{"line":20,"column":35}},"3":{"start":{"line":22,"column":38},"end":{"line":22,"column":52}},"4":{"start":{"line":24,"column":4},"end":{"line":26,"column":14}},"5":{"start":{"line":25,"column":8},"end":{"line":25,"column":27}},"6":{"start":{"line":28,"column":27},"end":{"line":31,"column":5}},"7":{"start":{"line":29,"column":8},"end":{"line":29,"column":44}},"8":{"start":{"line":30,"column":8},"end":{"line":30,"column":29}},"9":{"start":{"line":33,"column":28},"end":{"line":36,"column":5}},"10":{"start":{"line":34,"column":8},"end":{"line":34,"column":47}},"11":{"start":{"line":35,"column":8},"end":{"line":35,"column":30}},"12":{"start":{"line":38,"column":26},"end":{"line":43,"column":5}},"13":{"start":{"line":40,"column":12},"end":{"line":40,"column":50}},"14":{"start":{"line":42,"column":8},"end":{"line":42,"column":53}},"15":{"start":{"line":44,"column":4},"end":{"line":118,"column":5}},"16":{"start":{"line":121,"column":19},"end":{"line":126,"column":1}},"17":{"start":{"line":122,"column":4},"end":{"line":125,"column":5}}},"fnMap":{"0":{"name":"(anonymous_0)","decl":{"start":{"line":17,"column":18},"end":{"line":17,"column":19}},"loc":{"start":{"line":17,"column":31},"end":{"line":119,"column":1}},"line":17},"1":{"name":"(anonymous_1)","decl":{"start":{"line":24,"column":15},"end":{"line":24,"column":16}},"loc":{"start":{"line":24,"column":21},"end":{"line":26,"column":7}},"line":24},"2":{"name":"(anonymous_2)","decl":{"start":{"line":28,"column":27},"end":{"line":28,"column":28}},"loc":{"start":{"line":28,"column":33},"end":{"line":31,"column":5}},"line":28},"3":{"name":"(anonymous_3)","decl":{"start":{"line":33,"column":28},"end":{"line":33,"column":29}},"loc":{"start":{"line":33,"column":34},"end":{"line":36,"column":5}},"line":33},"4":{"name":"(anonymous_4)","decl":{"start":{"line":38,"column":26},"end":{"line":38,"column":27}},"loc":{"start":{"line":38,"column":32},"end":{"line":43,"column":5}},"line":38},"5":{"name":"(anonymous_5)","decl":{"start":{"line":121,"column":19},"end":{"line":121,"column":20}},"loc":{"start":{"line":121,"column":29},"end":{"line":126,"column":1}},"line":121}},"branchMap":{"0":{"loc":{"start":{"line":65,"column":20},"end":{"line":77,"column":24}},"type":"cond-expr","locations":[{"start":{"line":66,"column":24},"end":{"line":76,"column":30}},{"start":{"line":77,"column":22},"end":{"line":77,"column":24}}],"line":65},"1":{"loc":{"start":{"line":86,"column":55},"end":{"line":86,"column":114}},"type":"cond-expr","locations":[{"start":{"line":86,"column":101},"end":{"line":86,"column":109}},{"start":{"line":86,"column":112},"end":{"line":86,"column":114}}],"line":86},"2":{"loc":{"start":{"line":86,"column":55},"end":{"line":86,"column":98}},"type":"binary-expr","locations":[{"start":{"line":86,"column":55},"end":{"line":86,"column":72}},{"start":{"line":86,"column":76},"end":{"line":86,"column":98}}],"line":86},"3":{"loc":{"start":{"line":87,"column":33},"end":{"line":87,"column":53}},"type":"binary-expr","locations":[{"start":{"line":87,"column":33},"end":{"line":87,"column":42}},{"start":{"line":87,"column":46},"end":{"line":87,"column":53}}],"line":87},"4":{"loc":{"start":{"line":88,"column":33},"end":{"line":107,"column":51}},"type":"binary-expr","locations":[{"start":{"line":88,"column":33},"end":{"line":88,"column":43}},{"start":{"line":89,"column":36},"end":{"line":107,"column":51}}],"line":88},"5":{"loc":{"start":{"line":101,"column":145},"end":{"line":101,"column":230}},"type":"cond-expr","locations":[{"start":{"line":101,"column":177},"end":{"line":101,"column":203}},{"start":{"line":101,"column":206},"end":{"line":101,"column":230}}],"line":101}},"s":{"0":2,"1":0,"2":0,"3":0,"4":0,"5":0,"6":0,"7":0,"8":0,"9":0,"10":0,"11":0,"12":0,"13":0,"14":0,"15":0,"16":2,"17":0},"f":{"0":0,"1":0,"2":0,"3":0,"4":0,"5":0},"b":{"0":[0,0],"1":[0,0],"2":[0,0],"3":[0,0],"4":[0,0],"5":[0,0]},"_coverageSchema":"1a1c01bbd47fc00a2c39e90264f33305004495a9","hash":"f7f4d65ec1e316d4b2e2cdc56880d0ee70eb6ba5"}
,"/home/livesetup/Desktop/Desktop/Andela/ATLP Cohort 5/phantom-fe-techode/src/components/LocationSim/LocationSim.js": {"path":"/home/livesetup/Desktop/Desktop/Andela/ATLP Cohort 5/phantom-fe-techode/src/components/LocationSim/LocationSim.js","statementMap":{"0":{"start":{"line":17,"column":20},"end":{"line":216,"column":1}},"1":{"start":{"line":18,"column":76},"end":{"line":18,"column":81}},"2":{"start":{"line":20,"column":31},"end":{"line":20,"column":35}},"3":{"start":{"line":21,"column":4},"end":{"line":21,"column":22}},"4":{"start":{"line":23,"column":34},"end":{"line":23,"column":49}},"5":{"start":{"line":24,"column":27},"end":{"line":27,"column":5}},"6":{"start":{"line":25,"column":8},"end":{"line":25,"column":44}},"7":{"start":{"line":26,"column":8},"end":{"line":26,"column":29}},"8":{"start":{"line":29,"column":28},"end":{"line":32,"column":5}},"9":{"start":{"line":30,"column":8},"end":{"line":30,"column":47}},"10":{"start":{"line":31,"column":8},"end":{"line":31,"column":30}},"11":{"start":{"line":34,"column":26},"end":{"line":36,"column":5}},"12":{"start":{"line":35,"column":8},"end":{"line":35,"column":53}},"13":{"start":{"line":38,"column":4},"end":{"line":215,"column":5}},"14":{"start":{"line":58,"column":93},"end":{"line":58,"column":117}},"15":{"start":{"line":218,"column":19},"end":{"line":224,"column":1}},"16":{"start":{"line":219,"column":4},"end":{"line":223,"column":5}}},"fnMap":{"0":{"name":"(anonymous_0)","decl":{"start":{"line":17,"column":20},"end":{"line":17,"column":21}},"loc":{"start":{"line":17,"column":33},"end":{"line":216,"column":1}},"line":17},"1":{"name":"(anonymous_1)","decl":{"start":{"line":24,"column":27},"end":{"line":24,"column":28}},"loc":{"start":{"line":24,"column":33},"end":{"line":27,"column":5}},"line":24},"2":{"name":"(anonymous_2)","decl":{"start":{"line":29,"column":28},"end":{"line":29,"column":29}},"loc":{"start":{"line":29,"column":34},"end":{"line":32,"column":5}},"line":29},"3":{"name":"(anonymous_3)","decl":{"start":{"line":34,"column":26},"end":{"line":34,"column":27}},"loc":{"start":{"line":34,"column":32},"end":{"line":36,"column":5}},"line":34},"4":{"name":"(anonymous_4)","decl":{"start":{"line":58,"column":87},"end":{"line":58,"column":88}},"loc":{"start":{"line":58,"column":93},"end":{"line":58,"column":117}},"line":58},"5":{"name":"(anonymous_5)","decl":{"start":{"line":218,"column":19},"end":{"line":218,"column":20}},"loc":{"start":{"line":218,"column":29},"end":{"line":224,"column":1}},"line":218}},"branchMap":{"0":{"loc":{"start":{"line":68,"column":60},"end":{"line":68,"column":119}},"type":"cond-expr","locations":[{"start":{"line":68,"column":106},"end":{"line":68,"column":114}},{"start":{"line":68,"column":117},"end":{"line":68,"column":119}}],"line":68},"1":{"loc":{"start":{"line":68,"column":60},"end":{"line":68,"column":103}},"type":"binary-expr","locations":[{"start":{"line":68,"column":60},"end":{"line":68,"column":77}},{"start":{"line":68,"column":81},"end":{"line":68,"column":103}}],"line":68},"2":{"loc":{"start":{"line":69,"column":25},"end":{"line":69,"column":45}},"type":"binary-expr","locations":[{"start":{"line":69,"column":25},"end":{"line":69,"column":34}},{"start":{"line":69,"column":38},"end":{"line":69,"column":45}}],"line":69},"3":{"loc":{"start":{"line":70,"column":25},"end":{"line":205,"column":43}},"type":"binary-expr","locations":[{"start":{"line":70,"column":25},"end":{"line":70,"column":35}},{"start":{"line":71,"column":28},"end":{"line":205,"column":43}}],"line":70}},"s":{"0":2,"1":0,"2":0,"3":0,"4":0,"5":0,"6":0,"7":0,"8":0,"9":0,"10":0,"11":0,"12":0,"13":0,"14":0,"15":2,"16":0},"f":{"0":0,"1":0,"2":0,"3":0,"4":0,"5":0},"b":{"0":[0,0],"1":[0,0],"2":[0,0],"3":[0,0]},"_coverageSchema":"1a1c01bbd47fc00a2c39e90264f33305004495a9","hash":"04c30bac8d5f3a3928955dd940a499a61c4c9d56"}
,"/home/livesetup/Desktop/Desktop/Andela/ATLP Cohort 5/phantom-fe-techode/src/components/LocationSim/locationSimUpdate.js": {"path":"/home/livesetup/Desktop/Desktop/Andela/ATLP Cohort 5/phantom-fe-techode/src/components/LocationSim/locationSimUpdate.js","statementMap":{"0":{"start":{"line":17,"column":20},"end":{"line":207,"column":1}},"1":{"start":{"line":18,"column":91},"end":{"line":18,"column":96}},"2":{"start":{"line":20,"column":31},"end":{"line":20,"column":35}},"3":{"start":{"line":22,"column":38},"end":{"line":22,"column":52}},"4":{"start":{"line":24,"column":4},"end":{"line":26,"column":14}},"5":{"start":{"line":25,"column":8},"end":{"line":25,"column":27}},"6":{"start":{"line":30,"column":4},"end":{"line":206,"column":5}},"7":{"start":{"line":50,"column":87},"end":{"line":50,"column":111}},"8":{"start":{"line":209,"column":19},"end":{"line":215,"column":1}},"9":{"start":{"line":210,"column":4},"end":{"line":214,"column":5}}},"fnMap":{"0":{"name":"(anonymous_0)","decl":{"start":{"line":17,"column":20},"end":{"line":17,"column":21}},"loc":{"start":{"line":17,"column":33},"end":{"line":207,"column":1}},"line":17},"1":{"name":"(anonymous_1)","decl":{"start":{"line":24,"column":15},"end":{"line":24,"column":16}},"loc":{"start":{"line":24,"column":21},"end":{"line":26,"column":7}},"line":24},"2":{"name":"(anonymous_2)","decl":{"start":{"line":50,"column":81},"end":{"line":50,"column":82}},"loc":{"start":{"line":50,"column":87},"end":{"line":50,"column":111}},"line":50},"3":{"name":"(anonymous_3)","decl":{"start":{"line":209,"column":19},"end":{"line":209,"column":20}},"loc":{"start":{"line":209,"column":29},"end":{"line":215,"column":1}},"line":209}},"branchMap":{"0":{"loc":{"start":{"line":59,"column":54},"end":{"line":59,"column":113}},"type":"cond-expr","locations":[{"start":{"line":59,"column":100},"end":{"line":59,"column":108}},{"start":{"line":59,"column":111},"end":{"line":59,"column":113}}],"line":59},"1":{"loc":{"start":{"line":59,"column":54},"end":{"line":59,"column":97}},"type":"binary-expr","locations":[{"start":{"line":59,"column":54},"end":{"line":59,"column":71}},{"start":{"line":59,"column":75},"end":{"line":59,"column":97}}],"line":59},"2":{"loc":{"start":{"line":60,"column":25},"end":{"line":60,"column":45}},"type":"binary-expr","locations":[{"start":{"line":60,"column":25},"end":{"line":60,"column":34}},{"start":{"line":60,"column":38},"end":{"line":60,"column":45}}],"line":60},"3":{"loc":{"start":{"line":61,"column":25},"end":{"line":196,"column":43}},"type":"binary-expr","locations":[{"start":{"line":61,"column":25},"end":{"line":61,"column":35}},{"start":{"line":62,"column":28},"end":{"line":196,"column":43}}],"line":61}},"s":{"0":0,"1":0,"2":0,"3":0,"4":0,"5":0,"6":0,"7":0,"8":0,"9":0},"f":{"0":0,"1":0,"2":0,"3":0},"b":{"0":[0,0],"1":[0,0],"2":[0,0],"3":[0,0]}}
,"/home/livesetup/Desktop/Desktop/Andela/ATLP Cohort 5/phantom-fe-techode/src/components/Navbars/navbar/Navbar.js": {"path":"/home/livesetup/Desktop/Desktop/Andela/ATLP Cohort 5/phantom-fe-techode/src/components/Navbars/navbar/Navbar.js","statementMap":{"0":{"start":{"line":8,"column":15},"end":{"line":65,"column":1}},"1":{"start":{"line":9,"column":30},"end":{"line":9,"column":45}},"2":{"start":{"line":11,"column":18},"end":{"line":13,"column":3}},"3":{"start":{"line":12,"column":4},"end":{"line":12,"column":23}},"4":{"start":{"line":15,"column":2},"end":{"line":64,"column":4}}},"fnMap":{"0":{"name":"(anonymous_0)","decl":{"start":{"line":8,"column":15},"end":{"line":8,"column":16}},"loc":{"start":{"line":8,"column":21},"end":{"line":65,"column":1}},"line":8},"1":{"name":"(anonymous_1)","decl":{"start":{"line":11,"column":18},"end":{"line":11,"column":19}},"loc":{"start":{"line":11,"column":24},"end":{"line":13,"column":3}},"line":11}},"branchMap":{"0":{"loc":{"start":{"line":30,"column":14},"end":{"line":30,"column":33}},"type":"binary-expr","locations":[{"start":{"line":30,"column":14},"end":{"line":30,"column":21}},{"start":{"line":30,"column":25},"end":{"line":30,"column":33}}],"line":30}},"s":{"0":3,"1":1,"2":1,"3":0,"4":1},"f":{"0":1,"1":0},"b":{"0":[1,1]},"_coverageSchema":"1a1c01bbd47fc00a2c39e90264f33305004495a9","hash":"b777774097bbefbf1a3de73ef6b036e57684df8c"}
,"/home/livesetup/Desktop/Desktop/Andela/ATLP Cohort 5/phantom-fe-techode/src/components/ProtectedRoute/ProtectedRoute.js": {"path":"/home/livesetup/Desktop/Desktop/Andela/ATLP Cohort 5/phantom-fe-techode/src/components/ProtectedRoute/ProtectedRoute.js","statementMap":{"0":{"start":{"line":4,"column":23},"end":{"line":21,"column":1}},"1":{"start":{"line":5,"column":21},"end":{"line":5,"column":51}},"2":{"start":{"line":6,"column":2},"end":{"line":20,"column":4}},"3":{"start":{"line":10,"column":8},"end":{"line":16,"column":9}},"4":{"start":{"line":11,"column":10},"end":{"line":11,"column":42}},"5":{"start":{"line":13,"column":10},"end":{"line":15,"column":12}}},"fnMap":{"0":{"name":"(anonymous_0)","decl":{"start":{"line":4,"column":23},"end":{"line":4,"column":24}},"loc":{"start":{"line":4,"column":68},"end":{"line":21,"column":1}},"line":4},"1":{"name":"(anonymous_1)","decl":{"start":{"line":9,"column":14},"end":{"line":9,"column":15}},"loc":{"start":{"line":9,"column":25},"end":{"line":18,"column":7}},"line":9}},"branchMap":{"0":{"loc":{"start":{"line":10,"column":8},"end":{"line":16,"column":9}},"type":"if","locations":[{"start":{"line":10,"column":8},"end":{"line":16,"column":9}},{"start":{"line":12,"column":15},"end":{"line":16,"column":9}}],"line":10}},"s":{"0":1,"1":0,"2":0,"3":0,"4":0,"5":0},"f":{"0":0,"1":0},"b":{"0":[0,0]},"_coverageSchema":"1a1c01bbd47fc00a2c39e90264f33305004495a9","hash":"1c0f96852d11a99c59dbfebb141fac5278fccfde"}
,"/home/livesetup/Desktop/Desktop/Andela/ATLP Cohort 5/phantom-fe-techode/src/components/Services/Services.js": {"path":"/home/livesetup/Desktop/Desktop/Andela/ATLP Cohort 5/phantom-fe-techode/src/components/Services/Services.js","statementMap":{"0":{"start":{"line":7,"column":17},"end":{"line":40,"column":1}},"1":{"start":{"line":8,"column":2},"end":{"line":39,"column":4}}},"fnMap":{"0":{"name":"(anonymous_0)","decl":{"start":{"line":7,"column":17},"end":{"line":7,"column":18}},"loc":{"start":{"line":7,"column":23},"end":{"line":40,"column":1}},"line":7}},"branchMap":{},"s":{"0":2,"1":0},"f":{"0":0},"b":{},"_coverageSchema":"1a1c01bbd47fc00a2c39e90264f33305004495a9","hash":"2bb1d17ab64ef570122d1f84c6f7c42def404384"}
,"/home/livesetup/Desktop/Desktop/Andela/ATLP Cohort 5/phantom-fe-techode/src/components/Testimonials/Testimonials.js": {"path":"/home/livesetup/Desktop/Desktop/Andela/ATLP Cohort 5/phantom-fe-techode/src/components/Testimonials/Testimonials.js","statementMap":{"0":{"start":{"line":4,"column":21},"end":{"line":44,"column":1}},"1":{"start":{"line":5,"column":2},"end":{"line":43,"column":4}}},"fnMap":{"0":{"name":"(anonymous_0)","decl":{"start":{"line":4,"column":21},"end":{"line":4,"column":22}},"loc":{"start":{"line":4,"column":27},"end":{"line":44,"column":1}},"line":4}},"branchMap":{},"s":{"0":2,"1":0},"f":{"0":0},"b":{},"_coverageSchema":"1a1c01bbd47fc00a2c39e90264f33305004495a9","hash":"f5a401c66ec661bfa1a361d9e03d4542be4df425"}
,"/home/livesetup/Desktop/Desktop/Andela/ATLP Cohort 5/phantom-fe-techode/src/components/buttons/Buttons.js": {"path":"/home/livesetup/Desktop/Desktop/Andela/ATLP Cohort 5/phantom-fe-techode/src/components/buttons/Buttons.js","statementMap":{"0":{"start":{"line":3,"column":28},"end":{"line":9,"column":1}},"1":{"start":{"line":4,"column":4},"end":{"line":8,"column":7}},"2":{"start":{"line":10,"column":29},"end":{"line":16,"column":1}},"3":{"start":{"line":11,"column":4},"end":{"line":15,"column":7}},"4":{"start":{"line":17,"column":29},"end":{"line":23,"column":1}},"5":{"start":{"line":18,"column":4},"end":{"line":22,"column":7}},"6":{"start":{"line":24,"column":26},"end":{"line":30,"column":1}},"7":{"start":{"line":25,"column":4},"end":{"line":29,"column":7}},"8":{"start":{"line":31,"column":29},"end":{"line":33,"column":1}},"9":{"start":{"line":32,"column":4},"end":{"line":32,"column":177}},"10":{"start":{"line":35,"column":23},"end":{"line":41,"column":1}},"11":{"start":{"line":36,"column":4},"end":{"line":40,"column":7}},"12":{"start":{"line":42,"column":32},"end":{"line":49,"column":1}},"13":{"start":{"line":43,"column":4},"end":{"line":48,"column":7}},"14":{"start":{"line":51,"column":27},"end":{"line":58,"column":1}},"15":{"start":{"line":52,"column":4},"end":{"line":57,"column":7}}},"fnMap":{"0":{"name":"(anonymous_0)","decl":{"start":{"line":3,"column":28},"end":{"line":3,"column":29}},"loc":{"start":{"line":3,"column":51},"end":{"line":9,"column":1}},"line":3},"1":{"name":"(anonymous_1)","decl":{"start":{"line":10,"column":29},"end":{"line":10,"column":30}},"loc":{"start":{"line":10,"column":52},"end":{"line":16,"column":1}},"line":10},"2":{"name":"(anonymous_2)","decl":{"start":{"line":17,"column":29},"end":{"line":17,"column":30}},"loc":{"start":{"line":17,"column":52},"end":{"line":23,"column":1}},"line":17},"3":{"name":"(anonymous_3)","decl":{"start":{"line":24,"column":26},"end":{"line":24,"column":27}},"loc":{"start":{"line":24,"column":57},"end":{"line":30,"column":1}},"line":24},"4":{"name":"(anonymous_4)","decl":{"start":{"line":31,"column":29},"end":{"line":31,"column":30}},"loc":{"start":{"line":31,"column":52},"end":{"line":33,"column":1}},"line":31},"5":{"name":"(anonymous_5)","decl":{"start":{"line":35,"column":23},"end":{"line":35,"column":24}},"loc":{"start":{"line":35,"column":55},"end":{"line":41,"column":1}},"line":35},"6":{"name":"(anonymous_6)","decl":{"start":{"line":42,"column":32},"end":{"line":42,"column":33}},"loc":{"start":{"line":42,"column":80},"end":{"line":49,"column":1}},"line":42},"7":{"name":"(anonymous_7)","decl":{"start":{"line":51,"column":27},"end":{"line":51,"column":28}},"loc":{"start":{"line":51,"column":69},"end":{"line":58,"column":1}},"line":51}},"branchMap":{},"s":{"0":7,"1":0,"2":7,"3":0,"4":7,"5":0,"6":7,"7":0,"8":7,"9":0,"10":7,"11":0,"12":7,"13":0,"14":7,"15":0},"f":{"0":0,"1":0,"2":0,"3":0,"4":0,"5":0,"6":0,"7":0},"b":{},"_coverageSchema":"1a1c01bbd47fc00a2c39e90264f33305004495a9","hash":"887b4f5481e4e5fe3a575744bb9e6626a0fba1e0"}
,"/home/livesetup/Desktop/Desktop/Andela/ATLP Cohort 5/phantom-fe-techode/src/components/buttons/LebalButton.js": {"path":"/home/livesetup/Desktop/Desktop/Andela/ATLP Cohort 5/phantom-fe-techode/src/components/buttons/LebalButton.js","statementMap":{"0":{"start":{"line":2,"column":27},"end":{"line":8,"column":1}},"1":{"start":{"line":3,"column":4},"end":{"line":7,"column":7}},"2":{"start":{"line":10,"column":10},"end":{"line":10,"column":12}},"3":{"start":{"line":11,"column":20},"end":{"line":60,"column":1}},"4":{"start":{"line":12,"column":4},"end":{"line":59,"column":5}},"5":{"start":{"line":14,"column":12},"end":{"line":20,"column":14}},"6":{"start":{"line":22,"column":12},"end":{"line":28,"column":14}},"7":{"start":{"line":30,"column":12},"end":{"line":36,"column":14}},"8":{"start":{"line":38,"column":12},"end":{"line":44,"column":14}},"9":{"start":{"line":46,"column":12},"end":{"line":52,"column":14}},"10":{"start":{"line":54,"column":12},"end":{"line":58,"column":13}},"11":{"start":{"line":62,"column":31},"end":{"line":65,"column":1}},"12":{"start":{"line":63,"column":19},"end":{"line":63,"column":66}},"13":{"start":{"line":64,"column":4},"end":{"line":64,"column":20}}},"fnMap":{"0":{"name":"(anonymous_0)","decl":{"start":{"line":2,"column":27},"end":{"line":2,"column":28}},"loc":{"start":{"line":2,"column":55},"end":{"line":8,"column":1}},"line":2},"1":{"name":"(anonymous_1)","decl":{"start":{"line":11,"column":20},"end":{"line":11,"column":21}},"loc":{"start":{"line":11,"column":61},"end":{"line":60,"column":1}},"line":11},"2":{"name":"(anonymous_2)","decl":{"start":{"line":62,"column":31},"end":{"line":62,"column":32}},"loc":{"start":{"line":62,"column":92},"end":{"line":65,"column":1}},"line":62}},"branchMap":{"0":{"loc":{"start":{"line":11,"column":35},"end":{"line":11,"column":45}},"type":"default-arg","locations":[{"start":{"line":11,"column":43},"end":{"line":11,"column":45}}],"line":11},"1":{"loc":{"start":{"line":12,"column":4},"end":{"line":59,"column":5}},"type":"switch","locations":[{"start":{"line":13,"column":8},"end":{"line":20,"column":14}},{"start":{"line":21,"column":8},"end":{"line":28,"column":14}},{"start":{"line":29,"column":8},"end":{"line":36,"column":14}},{"start":{"line":37,"column":8},"end":{"line":44,"column":14}},{"start":{"line":45,"column":8},"end":{"line":52,"column":14}},{"start":{"line":53,"column":8},"end":{"line":58,"column":13}}],"line":12},"2":{"loc":{"start":{"line":56,"column":21},"end":{"line":56,"column":57}},"type":"cond-expr","locations":[{"start":{"line":56,"column":34},"end":{"line":56,"column":50}},{"start":{"line":56,"column":53},"end":{"line":56,"column":57}}],"line":56}},"s":{"0":4,"1":0,"2":4,"3":4,"4":0,"5":0,"6":0,"7":0,"8":0,"9":0,"10":0,"11":4,"12":0,"13":0},"f":{"0":0,"1":0,"2":0},"b":{"0":[0],"1":[0,0,0,0,0,0],"2":[0,0]},"_coverageSchema":"1a1c01bbd47fc00a2c39e90264f33305004495a9","hash":"f318c62767877b1ed58b8c6d4ba3f86d8805460f"}
,"/home/livesetup/Desktop/Desktop/Andela/ATLP Cohort 5/phantom-fe-techode/src/components/dashBoardLayout/DashBoardLayout.js": {"path":"/home/livesetup/Desktop/Desktop/Andela/ATLP Cohort 5/phantom-fe-techode/src/components/dashBoardLayout/DashBoardLayout.js","statementMap":{"0":{"start":{"line":8,"column":24},"end":{"line":58,"column":1}},"1":{"start":{"line":9,"column":35},"end":{"line":9,"column":49}},"2":{"start":{"line":10,"column":39},"end":{"line":10,"column":54}},"3":{"start":{"line":11,"column":36},"end":{"line":11,"column":63}},"4":{"start":{"line":13,"column":21},"end":{"line":13,"column":39}},"5":{"start":{"line":15,"column":8},"end":{"line":15,"column":36}},"6":{"start":{"line":16,"column":8},"end":{"line":16,"column":39}},"7":{"start":{"line":16,"column":21},"end":{"line":16,"column":39}},"8":{"start":{"line":18,"column":4},"end":{"line":26,"column":11}},"9":{"start":{"line":19,"column":12},"end":{"line":22,"column":16}},"10":{"start":{"line":20,"column":16},"end":{"line":20,"column":41}},"11":{"start":{"line":23,"column":8},"end":{"line":25,"column":9}},"12":{"start":{"line":24,"column":12},"end":{"line":24,"column":73}},"13":{"start":{"line":28,"column":26},"end":{"line":31,"column":5}},"14":{"start":{"line":29,"column":19},"end":{"line":29,"column":27}},"15":{"start":{"line":30,"column":8},"end":{"line":30,"column":25}},"16":{"start":{"line":32,"column":4},"end":{"line":57,"column":6}}},"fnMap":{"0":{"name":"(anonymous_0)","decl":{"start":{"line":8,"column":24},"end":{"line":8,"column":25}},"loc":{"start":{"line":8,"column":42},"end":{"line":58,"column":1}},"line":8},"1":{"name":"handleWindowSizeChange","decl":{"start":{"line":14,"column":13},"end":{"line":14,"column":35}},"loc":{"start":{"line":14,"column":38},"end":{"line":17,"column":5}},"line":14},"2":{"name":"(anonymous_2)","decl":{"start":{"line":18,"column":14},"end":{"line":18,"column":15}},"loc":{"start":{"line":18,"column":20},"end":{"line":26,"column":5}},"line":18},"3":{"name":"(anonymous_3)","decl":{"start":{"line":19,"column":45},"end":{"line":19,"column":46}},"loc":{"start":{"line":19,"column":50},"end":{"line":22,"column":13}},"line":19},"4":{"name":"(anonymous_4)","decl":{"start":{"line":23,"column":15},"end":{"line":23,"column":16}},"loc":{"start":{"line":23,"column":21},"end":{"line":25,"column":9}},"line":23},"5":{"name":"(anonymous_5)","decl":{"start":{"line":28,"column":26},"end":{"line":28,"column":27}},"loc":{"start":{"line":28,"column":32},"end":{"line":31,"column":5}},"line":28}},"branchMap":{"0":{"loc":{"start":{"line":16,"column":8},"end":{"line":16,"column":39}},"type":"if","locations":[{"start":{"line":16,"column":8},"end":{"line":16,"column":39}},{"start":{},"end":{}}],"line":16},"1":{"loc":{"start":{"line":35,"column":56},"end":{"line":35,"column":160}},"type":"cond-expr","locations":[{"start":{"line":35,"column":74},"end":{"line":35,"column":134}},{"start":{"line":35,"column":138},"end":{"line":35,"column":160}}],"line":35},"2":{"loc":{"start":{"line":43,"column":73},"end":{"line":43,"column":148}},"type":"cond-expr","locations":[{"start":{"line":43,"column":91},"end":{"line":43,"column":133}},{"start":{"line":43,"column":137},"end":{"line":43,"column":148}}],"line":43}},"s":{"0":7,"1":0,"2":0,"3":0,"4":0,"5":0,"6":0,"7":0,"8":0,"9":0,"10":0,"11":0,"12":0,"13":0,"14":0,"15":0,"16":0},"f":{"0":0,"1":0,"2":0,"3":0,"4":0,"5":0},"b":{"0":[0,0],"1":[0,0],"2":[0,0]},"_coverageSchema":"1a1c01bbd47fc00a2c39e90264f33305004495a9","hash":"947651facf353c96204f5fbe5de276f5f9aa569e"}
,"/home/livesetup/Desktop/Desktop/Andela/ATLP Cohort 5/phantom-fe-techode/src/components/fields/TextField.js": {"path":"/home/livesetup/Desktop/Desktop/Andela/ATLP Cohort 5/phantom-fe-techode/src/components/fields/TextField.js","statementMap":{"0":{"start":{"line":10,"column":18},"end":{"line":73,"column":1}},"1":{"start":{"line":11,"column":68},"end":{"line":11,"column":100}},"2":{"start":{"line":11,"column":89},"end":{"line":11,"column":99}},"3":{"start":{"line":12,"column":21},"end":{"line":12,"column":34}},"4":{"start":{"line":13,"column":19},"end":{"line":37,"column":6}},"5":{"start":{"line":29,"column":12},"end":{"line":29,"column":29}},"6":{"start":{"line":30,"column":12},"end":{"line":30,"column":44}},"7":{"start":{"line":31,"column":12},"end":{"line":34,"column":21}},"8":{"start":{"line":32,"column":16},"end":{"line":32,"column":45}},"9":{"start":{"line":33,"column":16},"end":{"line":33,"column":34}},"10":{"start":{"line":39,"column":4},"end":{"line":72,"column":7}}},"fnMap":{"0":{"name":"(anonymous_0)","decl":{"start":{"line":10,"column":18},"end":{"line":10,"column":19}},"loc":{"start":{"line":10,"column":38},"end":{"line":73,"column":1}},"line":10},"1":{"name":"(anonymous_1)","decl":{"start":{"line":11,"column":80},"end":{"line":11,"column":81}},"loc":{"start":{"line":11,"column":89},"end":{"line":11,"column":99}},"line":11},"2":{"name":"(anonymous_2)","decl":{"start":{"line":28,"column":18},"end":{"line":28,"column":19}},"loc":{"start":{"line":28,"column":30},"end":{"line":36,"column":9}},"line":28},"3":{"name":"(anonymous_3)","decl":{"start":{"line":31,"column":23},"end":{"line":31,"column":24}},"loc":{"start":{"line":31,"column":29},"end":{"line":34,"column":13}},"line":31}},"branchMap":{"0":{"loc":{"start":{"line":43,"column":37},"end":{"line":43,"column":86}},"type":"binary-expr","locations":[{"start":{"line":43,"column":37},"end":{"line":43,"column":60}},{"start":{"line":43,"column":64},"end":{"line":43,"column":86}}],"line":43},"1":{"loc":{"start":{"line":47,"column":37},"end":{"line":47,"column":88}},"type":"binary-expr","locations":[{"start":{"line":47,"column":37},"end":{"line":47,"column":61}},{"start":{"line":47,"column":65},"end":{"line":47,"column":88}}],"line":47},"2":{"loc":{"start":{"line":52,"column":25},"end":{"line":52,"column":74}},"type":"binary-expr","locations":[{"start":{"line":52,"column":25},"end":{"line":52,"column":48}},{"start":{"line":52,"column":52},"end":{"line":52,"column":74}}],"line":52},"3":{"loc":{"start":{"line":59,"column":21},"end":{"line":59,"column":64}},"type":"binary-expr","locations":[{"start":{"line":59,"column":21},"end":{"line":59,"column":41}},{"start":{"line":59,"column":45},"end":{"line":59,"column":64}}],"line":59},"4":{"loc":{"start":{"line":65,"column":25},"end":{"line":65,"column":68}},"type":"binary-expr","locations":[{"start":{"line":65,"column":25},"end":{"line":65,"column":45}},{"start":{"line":65,"column":49},"end":{"line":65,"column":68}}],"line":65}},"s":{"0":2,"1":0,"2":0,"3":0,"4":0,"5":0,"6":0,"7":0,"8":0,"9":0,"10":0},"f":{"0":0,"1":0,"2":0,"3":0},"b":{"0":[0,0],"1":[0,0],"2":[0,0],"3":[0,0],"4":[0,0]},"_coverageSchema":"1a1c01bbd47fc00a2c39e90264f33305004495a9","hash":"d9f72f015d5946cf51e8194a042b26a3a0553f63"}
,"/home/livesetup/Desktop/Desktop/Andela/ATLP Cohort 5/phantom-fe-techode/src/components/header/DashBoardHeader.js": {"path":"/home/livesetup/Desktop/Desktop/Andela/ATLP Cohort 5/phantom-fe-techode/src/components/header/DashBoardHeader.js","statementMap":{"0":{"start":{"line":10,"column":24},"end":{"line":35,"column":1}},"1":{"start":{"line":11,"column":21},"end":{"line":11,"column":33}},"2":{"start":{"line":12,"column":21},"end":{"line":12,"column":34}},"3":{"start":{"line":13,"column":40},"end":{"line":13,"column":44}},"4":{"start":{"line":14,"column":4},"end":{"line":14,"column":34}},"5":{"start":{"line":15,"column":4},"end":{"line":34,"column":6}},"6":{"start":{"line":17,"column":64},"end":{"line":17,"column":70}},"7":{"start":{"line":30,"column":189},"end":{"line":30,"column":214}},"8":{"start":{"line":37,"column":19},"end":{"line":41,"column":1}},"9":{"start":{"line":38,"column":4},"end":{"line":40,"column":5}}},"fnMap":{"0":{"name":"(anonymous_0)","decl":{"start":{"line":10,"column":24},"end":{"line":10,"column":25}},"loc":{"start":{"line":10,"column":57},"end":{"line":35,"column":1}},"line":10},"1":{"name":"(anonymous_1)","decl":{"start":{"line":17,"column":58},"end":{"line":17,"column":59}},"loc":{"start":{"line":17,"column":64},"end":{"line":17,"column":70}},"line":17},"2":{"name":"(anonymous_2)","decl":{"start":{"line":30,"column":183},"end":{"line":30,"column":184}},"loc":{"start":{"line":30,"column":189},"end":{"line":30,"column":214}},"line":30},"3":{"name":"(anonymous_3)","decl":{"start":{"line":37,"column":19},"end":{"line":37,"column":20}},"loc":{"start":{"line":37,"column":30},"end":{"line":41,"column":1}},"line":37}},"branchMap":{"0":{"loc":{"start":{"line":30,"column":30},"end":{"line":30,"column":70}},"type":"cond-expr","locations":[{"start":{"line":30,"column":46},"end":{"line":30,"column":60}},{"start":{"line":30,"column":63},"end":{"line":30,"column":70}}],"line":30}},"s":{"0":7,"1":0,"2":0,"3":0,"4":0,"5":0,"6":0,"7":0,"8":7,"9":0},"f":{"0":0,"1":0,"2":0,"3":0},"b":{"0":[0,0]},"_coverageSchema":"1a1c01bbd47fc00a2c39e90264f33305004495a9","hash":"accd7e2a8e99ed66889fdc7c11cfb8f8a1bf4288"}
,"/home/livesetup/Desktop/Desktop/Andela/ATLP Cohort 5/phantom-fe-techode/src/components/icons/Icons.js": {"path":"/home/livesetup/Desktop/Desktop/Andela/ATLP Cohort 5/phantom-fe-techode/src/components/icons/Icons.js","statementMap":{"0":{"start":{"line":6,"column":16},"end":{"line":10,"column":2}},"1":{"start":{"line":12,"column":23},"end":{"line":16,"column":2}},"2":{"start":{"line":18,"column":23},"end":{"line":22,"column":2}}},"fnMap":{},"branchMap":{},"s":{"0":2,"1":2,"2":2},"f":{},"b":{},"_coverageSchema":"1a1c01bbd47fc00a2c39e90264f33305004495a9","hash":"dd6ebf01cd01b54dd140f8b939bf38eaba8fe5b1"}
,"/home/livesetup/Desktop/Desktop/Andela/ATLP Cohort 5/phantom-fe-techode/src/components/inputs/SearchInput.js": {"path":"/home/livesetup/Desktop/Desktop/Andela/ATLP Cohort 5/phantom-fe-techode/src/components/inputs/SearchInput.js","statementMap":{},"fnMap":{},"branchMap":{},"s":{},"f":{},"b":{}}
,"/home/livesetup/Desktop/Desktop/Andela/ATLP Cohort 5/phantom-fe-techode/src/components/links/Links.js": {"path":"/home/livesetup/Desktop/Desktop/Andela/ATLP Cohort 5/phantom-fe-techode/src/components/links/Links.js","statementMap":{"0":{"start":{"line":5,"column":14},"end":{"line":16,"column":1}},"1":{"start":{"line":6,"column":4},"end":{"line":15,"column":7}}},"fnMap":{"0":{"name":"(anonymous_0)","decl":{"start":{"line":5,"column":14},"end":{"line":5,"column":15}},"loc":{"start":{"line":5,"column":54},"end":{"line":16,"column":1}},"line":5}},"branchMap":{},"s":{"0":7,"1":0},"f":{"0":0},"b":{},"_coverageSchema":"1a1c01bbd47fc00a2c39e90264f33305004495a9","hash":"63c660e0d580a212d2181533894c90f4ba7b646d"}
,"/home/livesetup/Desktop/Desktop/Andela/ATLP Cohort 5/phantom-fe-techode/src/components/logout/Logout.js": {"path":"/home/livesetup/Desktop/Desktop/Andela/ATLP Cohort 5/phantom-fe-techode/src/components/logout/Logout.js","statementMap":{"0":{"start":{"line":14,"column":15},"end":{"line":106,"column":1}},"1":{"start":{"line":16,"column":34},"end":{"line":16,"column":48}},"2":{"start":{"line":18,"column":4},"end":{"line":22,"column":10}},"3":{"start":{"line":19,"column":6},"end":{"line":21,"column":14}},"4":{"start":{"line":20,"column":8},"end":{"line":20,"column":26}},"5":{"start":{"line":24,"column":4},"end":{"line":105,"column":7}}},"fnMap":{"0":{"name":"(anonymous_0)","decl":{"start":{"line":14,"column":15},"end":{"line":14,"column":16}},"loc":{"start":{"line":14,"column":21},"end":{"line":106,"column":1}},"line":14},"1":{"name":"(anonymous_1)","decl":{"start":{"line":18,"column":14},"end":{"line":18,"column":15}},"loc":{"start":{"line":18,"column":20},"end":{"line":22,"column":5}},"line":18},"2":{"name":"(anonymous_2)","decl":{"start":{"line":19,"column":17},"end":{"line":19,"column":18}},"loc":{"start":{"line":19,"column":23},"end":{"line":21,"column":7}},"line":19}},"branchMap":{"0":{"loc":{"start":{"line":39,"column":21},"end":{"line":39,"column":53}},"type":"binary-expr","locations":[{"start":{"line":39,"column":21},"end":{"line":39,"column":28}},{"start":{"line":39,"column":34},"end":{"line":39,"column":52}}],"line":39},"1":{"loc":{"start":{"line":40,"column":25},"end":{"line":50,"column":25}},"type":"binary-expr","locations":[{"start":{"line":40,"column":25},"end":{"line":40,"column":33}},{"start":{"line":41,"column":28},"end":{"line":49,"column":34}}],"line":40},"2":{"loc":{"start":{"line":56,"column":17},"end":{"line":56,"column":49}},"type":"binary-expr","locations":[{"start":{"line":56,"column":17},"end":{"line":56,"column":24}},{"start":{"line":56,"column":30},"end":{"line":56,"column":48}}],"line":56},"3":{"loc":{"start":{"line":57,"column":21},"end":{"line":100,"column":21}},"type":"binary-expr","locations":[{"start":{"line":57,"column":21},"end":{"line":57,"column":29}},{"start":{"line":58,"column":24},"end":{"line":99,"column":30}}],"line":57}},"s":{"0":1,"1":0,"2":0,"3":0,"4":0,"5":0},"f":{"0":0,"1":0,"2":0},"b":{"0":[0,0],"1":[0,0],"2":[0,0],"3":[0,0]},"_coverageSchema":"1a1c01bbd47fc00a2c39e90264f33305004495a9","hash":"2f15b19c2bded2520465d1eb56ef4f803536ef19"}
,"/home/livesetup/Desktop/Desktop/Andela/ATLP Cohort 5/phantom-fe-techode/src/components/notification/Notification.js": {"path":"/home/livesetup/Desktop/Desktop/Andela/ATLP Cohort 5/phantom-fe-techode/src/components/notification/Notification.js","statementMap":{"0":{"start":{"line":6,"column":21},"end":{"line":34,"column":1}},"1":{"start":{"line":7,"column":38},"end":{"line":7,"column":52}},"2":{"start":{"line":9,"column":4},"end":{"line":9,"column":63}},"3":{"start":{"line":9,"column":42},"end":{"line":9,"column":61}},"4":{"start":{"line":10,"column":26},"end":{"line":12,"column":5}},"5":{"start":{"line":11,"column":8},"end":{"line":11,"column":27}},"6":{"start":{"line":13,"column":4},"end":{"line":33,"column":7}},"7":{"start":{"line":26,"column":24},"end":{"line":28,"column":29}}},"fnMap":{"0":{"name":"(anonymous_0)","decl":{"start":{"line":6,"column":21},"end":{"line":6,"column":22}},"loc":{"start":{"line":6,"column":27},"end":{"line":34,"column":1}},"line":6},"1":{"name":"(anonymous_1)","decl":{"start":{"line":9,"column":31},"end":{"line":9,"column":32}},"loc":{"start":{"line":9,"column":42},"end":{"line":9,"column":61}},"line":9},"2":{"name":"(anonymous_2)","decl":{"start":{"line":10,"column":26},"end":{"line":10,"column":27}},"loc":{"start":{"line":10,"column":32},"end":{"line":12,"column":5}},"line":10},"3":{"name":"(anonymous_3)","decl":{"start":{"line":25,"column":39},"end":{"line":25,"column":40}},"loc":{"start":{"line":26,"column":24},"end":{"line":28,"column":29}},"line":26}},"branchMap":{"0":{"loc":{"start":{"line":20,"column":23},"end":{"line":20,"column":177}},"type":"binary-expr","locations":[{"start":{"line":20,"column":23},"end":{"line":20,"column":32}},{"start":{"line":20,"column":36},"end":{"line":20,"column":177}}],"line":20}},"s":{"0":7,"1":0,"2":0,"3":0,"4":0,"5":0,"6":0,"7":0},"f":{"0":0,"1":0,"2":0,"3":0},"b":{"0":[0,0]},"_coverageSchema":"1a1c01bbd47fc00a2c39e90264f33305004495a9","hash":"42ef2958a4f64230ce8e6db9e5d17aed684ca1da"}
,"/home/livesetup/Desktop/Desktop/Andela/ATLP Cohort 5/phantom-fe-techode/src/components/pagination/Pagination.js": {"path":"/home/livesetup/Desktop/Desktop/Andela/ATLP Cohort 5/phantom-fe-techode/src/components/pagination/Pagination.js","statementMap":{"0":{"start":{"line":5,"column":19},"end":{"line":25,"column":1}},"1":{"start":{"line":6,"column":24},"end":{"line":6,"column":26}},"2":{"start":{"line":7,"column":4},"end":{"line":9,"column":7}},"3":{"start":{"line":7,"column":17},"end":{"line":7,"column":18}},"4":{"start":{"line":8,"column":8},"end":{"line":8,"column":28}},"5":{"start":{"line":10,"column":4},"end":{"line":24,"column":7}},"6":{"start":{"line":17,"column":16},"end":{"line":17,"column":239}},"7":{"start":{"line":17,"column":49},"end":{"line":17,"column":65}}},"fnMap":{"0":{"name":"(anonymous_0)","decl":{"start":{"line":5,"column":19},"end":{"line":5,"column":20}},"loc":{"start":{"line":5,"column":63},"end":{"line":25,"column":1}},"line":5},"1":{"name":"(anonymous_1)","decl":{"start":{"line":16,"column":34},"end":{"line":16,"column":35}},"loc":{"start":{"line":17,"column":16},"end":{"line":17,"column":239}},"line":17},"2":{"name":"(anonymous_2)","decl":{"start":{"line":17,"column":43},"end":{"line":17,"column":44}},"loc":{"start":{"line":17,"column":49},"end":{"line":17,"column":65}},"line":17}},"branchMap":{},"s":{"0":3,"1":0,"2":0,"3":0,"4":0,"5":0,"6":0,"7":0},"f":{"0":0,"1":0,"2":0},"b":{},"_coverageSchema":"1a1c01bbd47fc00a2c39e90264f33305004495a9","hash":"67f2513205b04180c0c1499d5f98bfc4f353c830"}
,"/home/livesetup/Desktop/Desktop/Andela/ATLP Cohort 5/phantom-fe-techode/src/components/passwordReset/newpassword.js": {"path":"/home/livesetup/Desktop/Desktop/Andela/ATLP Cohort 5/phantom-fe-techode/src/components/passwordReset/newpassword.js","statementMap":{"0":{"start":{"line":20,"column":18},"end":{"line":20,"column":30}},"1":{"start":{"line":21,"column":17},"end":{"line":35,"column":4}},"2":{"start":{"line":33,"column":6},"end":{"line":33,"column":29}},"3":{"start":{"line":37,"column":2},"end":{"line":138,"column":4}}},"fnMap":{"0":{"name":"NewPassword","decl":{"start":{"line":19,"column":24},"end":{"line":19,"column":35}},"loc":{"start":{"line":19,"column":38},"end":{"line":139,"column":1}},"line":19},"1":{"name":"(anonymous_1)","decl":{"start":{"line":32,"column":14},"end":{"line":32,"column":15}},"loc":{"start":{"line":32,"column":26},"end":{"line":34,"column":5}},"line":32}},"branchMap":{"0":{"loc":{"start":{"line":62,"column":17},"end":{"line":62,"column":64}},"type":"binary-expr","locations":[{"start":{"line":62,"column":17},"end":{"line":62,"column":39}},{"start":{"line":62,"column":43},"end":{"line":62,"column":64}}],"line":62},"1":{"loc":{"start":{"line":75,"column":17},"end":{"line":75,"column":66}},"type":"binary-expr","locations":[{"start":{"line":75,"column":17},"end":{"line":75,"column":40}},{"start":{"line":75,"column":44},"end":{"line":75,"column":66}}],"line":75}},"s":{"0":2,"1":2,"2":0,"3":2},"f":{"0":2,"1":0},"b":{"0":[2,0],"1":[2,0]},"_coverageSchema":"1a1c01bbd47fc00a2c39e90264f33305004495a9","hash":"6e51c42c18d346fbe3356fe245c2da37b9761ef4"}
,"/home/livesetup/Desktop/Desktop/Andela/ATLP Cohort 5/phantom-fe-techode/src/components/passwordReset/passwordereset.js": {"path":"/home/livesetup/Desktop/Desktop/Andela/ATLP Cohort 5/phantom-fe-techode/src/components/passwordReset/passwordereset.js","statementMap":{"0":{"start":{"line":11,"column":18},"end":{"line":11,"column":30}},"1":{"start":{"line":12,"column":28},"end":{"line":12,"column":40}},"2":{"start":{"line":13,"column":19},"end":{"line":15,"column":3}},"3":{"start":{"line":14,"column":4},"end":{"line":14,"column":29}},"4":{"start":{"line":16,"column":32},"end":{"line":16,"column":47}},"5":{"start":{"line":17,"column":2},"end":{"line":17,"column":32}},"6":{"start":{"line":18,"column":19},"end":{"line":20,"column":4}},"7":{"start":{"line":21,"column":17},"end":{"line":36,"column":2}},"8":{"start":{"line":29,"column":4},"end":{"line":29,"column":21}},"9":{"start":{"line":31,"column":4},"end":{"line":34,"column":13}},"10":{"start":{"line":32,"column":6},"end":{"line":32,"column":24}},"11":{"start":{"line":33,"column":6},"end":{"line":33,"column":31}},"12":{"start":{"line":37,"column":2},"end":{"line":138,"column":4}}},"fnMap":{"0":{"name":"PasswordReset","decl":{"start":{"line":10,"column":24},"end":{"line":10,"column":37}},"loc":{"start":{"line":10,"column":40},"end":{"line":139,"column":1}},"line":10},"1":{"name":"(anonymous_1)","decl":{"start":{"line":13,"column":19},"end":{"line":13,"column":20}},"loc":{"start":{"line":13,"column":26},"end":{"line":15,"column":3}},"line":13},"2":{"name":"(anonymous_2)","decl":{"start":{"line":17,"column":18},"end":{"line":17,"column":19}},"loc":{"start":{"line":17,"column":29},"end":{"line":17,"column":31}},"line":17},"3":{"name":"(anonymous_3)","decl":{"start":{"line":28,"column":12},"end":{"line":28,"column":13}},"loc":{"start":{"line":28,"column":24},"end":{"line":35,"column":3}},"line":28},"4":{"name":"(anonymous_4)","decl":{"start":{"line":31,"column":15},"end":{"line":31,"column":16}},"loc":{"start":{"line":31,"column":21},"end":{"line":34,"column":5}},"line":31}},"branchMap":{"0":{"loc":{"start":{"line":39,"column":7},"end":{"line":87,"column":7}},"type":"binary-expr","locations":[{"start":{"line":39,"column":7},"end":{"line":39,"column":15}},{"start":{"line":40,"column":8},"end":{"line":86,"column":27}}],"line":39},"1":{"loc":{"start":{"line":64,"column":31},"end":{"line":64,"column":74}},"type":"binary-expr","locations":[{"start":{"line":64,"column":31},"end":{"line":64,"column":51}},{"start":{"line":64,"column":55},"end":{"line":64,"column":74}}],"line":64},"2":{"loc":{"start":{"line":89,"column":7},"end":{"line":136,"column":7}},"type":"binary-expr","locations":[{"start":{"line":89,"column":7},"end":{"line":89,"column":14}},{"start":{"line":90,"column":9},"end":{"line":135,"column":18}}],"line":89},"3":{"loc":{"start":{"line":111,"column":22},"end":{"line":111,"column":65}},"type":"binary-expr","locations":[{"start":{"line":111,"column":22},"end":{"line":111,"column":42}},{"start":{"line":111,"column":46},"end":{"line":111,"column":65}}],"line":111}},"s":{"0":1,"1":1,"2":1,"3":0,"4":1,"5":1,"6":1,"7":1,"8":0,"9":0,"10":0,"11":0,"12":1},"f":{"0":1,"1":0,"2":0,"3":0,"4":0},"b":{"0":[1,1],"1":[1,0],"2":[1,0],"3":[0,0]},"_coverageSchema":"1a1c01bbd47fc00a2c39e90264f33305004495a9","hash":"f0f3c98038c229576fca3ee134f7059159219c9d"}
,"/home/livesetup/Desktop/Desktop/Andela/ATLP Cohort 5/phantom-fe-techode/src/components/roles/Roles.js": {"path":"/home/livesetup/Desktop/Desktop/Andela/ATLP Cohort 5/phantom-fe-techode/src/components/roles/Roles.js","statementMap":{"0":{"start":{"line":24,"column":14},"end":{"line":489,"column":1}},"1":{"start":{"line":25,"column":32},"end":{"line":25,"column":46}},"2":{"start":{"line":26,"column":42},"end":{"line":26,"column":57}},"3":{"start":{"line":27,"column":34},"end":{"line":27,"column":46}},"4":{"start":{"line":28,"column":54},"end":{"line":28,"column":69}},"5":{"start":{"line":29,"column":58},"end":{"line":29,"column":73}},"6":{"start":{"line":30,"column":46},"end":{"line":30,"column":58}},"7":{"start":{"line":31,"column":51},"end":{"line":31,"column":66}},"8":{"start":{"line":32,"column":54},"end":{"line":32,"column":66}},"9":{"start":{"line":33,"column":31},"end":{"line":33,"column":43}},"10":{"start":{"line":34,"column":42},"end":{"line":34,"column":54}},"11":{"start":{"line":35,"column":85},"end":{"line":35,"column":90}},"12":{"start":{"line":37,"column":2},"end":{"line":41,"column":6}},"13":{"start":{"line":38,"column":4},"end":{"line":40,"column":12}},"14":{"start":{"line":39,"column":8},"end":{"line":39,"column":25}},"15":{"start":{"line":44,"column":20},"end":{"line":44,"column":21}},"16":{"start":{"line":45,"column":26},"end":{"line":45,"column":27}},"17":{"start":{"line":46,"column":16},"end":{"line":46,"column":27}},"18":{"start":{"line":47,"column":22},"end":{"line":47,"column":39}},"19":{"start":{"line":50,"column":22},"end":{"line":53,"column":3}},"20":{"start":{"line":51,"column":19},"end":{"line":51,"column":32}},"21":{"start":{"line":52,"column":4},"end":{"line":52,"column":30}},"22":{"start":{"line":54,"column":32},"end":{"line":57,"column":3}},"23":{"start":{"line":55,"column":26},"end":{"line":55,"column":45}},"24":{"start":{"line":56,"column":4},"end":{"line":56,"column":43}},"25":{"start":{"line":58,"column":32},"end":{"line":62,"column":3}},"26":{"start":{"line":59,"column":4},"end":{"line":59,"column":20}},"27":{"start":{"line":60,"column":22},"end":{"line":60,"column":40}},"28":{"start":{"line":61,"column":4},"end":{"line":61,"column":37}},"29":{"start":{"line":64,"column":21},"end":{"line":85,"column":3}},"30":{"start":{"line":65,"column":4},"end":{"line":65,"column":23}},"31":{"start":{"line":68,"column":4},"end":{"line":68,"column":80}},"32":{"start":{"line":68,"column":38},"end":{"line":68,"column":80}},"33":{"start":{"line":71,"column":22},"end":{"line":71,"column":69}},"34":{"start":{"line":71,"column":44},"end":{"line":71,"column":68}},"35":{"start":{"line":73,"column":4},"end":{"line":80,"column":5}},"36":{"start":{"line":74,"column":6},"end":{"line":74,"column":39}},"37":{"start":{"line":76,"column":6},"end":{"line":76,"column":24}},"38":{"start":{"line":77,"column":7},"end":{"line":77,"column":21}},"39":{"start":{"line":79,"column":6},"end":{"line":79,"column":47}},"40":{"start":{"line":82,"column":4},"end":{"line":82,"column":20}},"41":{"start":{"line":87,"column":27},"end":{"line":98,"column":3}},"42":{"start":{"line":88,"column":4},"end":{"line":88,"column":23}},"43":{"start":{"line":91,"column":4},"end":{"line":91,"column":92}},"44":{"start":{"line":91,"column":44},"end":{"line":91,"column":92}},"45":{"start":{"line":94,"column":4},"end":{"line":94,"column":34}},"46":{"start":{"line":95,"column":4},"end":{"line":97,"column":13}},"47":{"start":{"line":96,"column":6},"end":{"line":96,"column":30}},"48":{"start":{"line":100,"column":30},"end":{"line":103,"column":3}},"49":{"start":{"line":101,"column":4},"end":{"line":101,"column":32}},"50":{"start":{"line":102,"column":4},"end":{"line":102,"column":53}},"51":{"start":{"line":104,"column":30},"end":{"line":113,"column":3}},"52":{"start":{"line":105,"column":4},"end":{"line":105,"column":23}},"53":{"start":{"line":110,"column":4},"end":{"line":110,"column":54}},"54":{"start":{"line":111,"column":4},"end":{"line":111,"column":28}},"55":{"start":{"line":112,"column":4},"end":{"line":112,"column":51}},"56":{"start":{"line":115,"column":38},"end":{"line":120,"column":3}},"57":{"start":{"line":116,"column":22},"end":{"line":116,"column":43}},"58":{"start":{"line":117,"column":4},"end":{"line":117,"column":41}},"59":{"start":{"line":118,"column":4},"end":{"line":118,"column":34}},"60":{"start":{"line":119,"column":4},"end":{"line":119,"column":23}},"61":{"start":{"line":122,"column":27},"end":{"line":127,"column":3}},"62":{"start":{"line":123,"column":4},"end":{"line":123,"column":23}},"63":{"start":{"line":124,"column":4},"end":{"line":126,"column":13}},"64":{"sta
[...]
,"/home/livesetup/Desktop/Desktop/Andela/ATLP Cohort 5/phantom-fe-techode/src/redux/reducers/countReducer.js": {"path":"/home/livesetup/Desktop/Desktop/Andela/ATLP Cohort 5/phantom-fe-techode/src/redux/reducers/countReducer.js","statementMap":{"0":{"start":{"line":3,"column":105},"end":{"line":3,"column":116}},"1":{"start":{"line":5,"column":21},"end":{"line":7,"column":1}},"2":{"start":{"line":9,"column":30},"end":{"line":28,"column":1}},"3":{"start":{"line":10,"column":4},"end":{"line":27,"column":5}},"4":{"start":{"line":12,"column":12},"end":{"line":12,"column":25}},"5":{"start":{"line":14,"column":27},"end":{"line":14,"column":42}},"6":{"start":{"line":15,"column":12},"end":{"line":15,"column":45}},"7":{"start":{"line":17,"column":30},"end":{"line":17,"column":45}},"8":{"start":{"line":18,"column":12},"end":{"line":18,"column":48}},"9":{"start":{"line":20,"column":32},"end":{"line":20,"column":53}},"10":{"start":{"line":21,"column":12},"end":{"line":21,"column":50}},"11":{"start":{"line":23,"column":26},"end":{"line":23,"column":47}},"12":{"start":{"line":24,"column":12},"end":{"line":24,"column":45}},"13":{"start":{"line":26,"column":12},"end":{"line":26,"column":25}}},"fnMap":{"0":{"name":"(anonymous_0)","decl":{"start":{"line":9,"column":30},"end":{"line":9,"column":31}},"loc":{"start":{"line":9,"column":75},"end":{"line":28,"column":1}},"line":9}},"branchMap":{"0":{"loc":{"start":{"line":9,"column":31},"end":{"line":9,"column":51}},"type":"default-arg","locations":[{"start":{"line":9,"column":39},"end":{"line":9,"column":51}}],"line":9},"1":{"loc":{"start":{"line":10,"column":4},"end":{"line":27,"column":5}},"type":"switch","locations":[{"start":{"line":11,"column":8},"end":{"line":12,"column":25}},{"start":{"line":13,"column":8},"end":{"line":15,"column":45}},{"start":{"line":16,"column":8},"end":{"line":18,"column":48}},{"start":{"line":19,"column":8},"end":{"line":21,"column":50}},{"start":{"line":22,"column":8},"end":{"line":24,"column":45}},{"start":{"line":25,"column":8},"end":{"line":26,"column":25}}],"line":10}},"s":{"0":10,"1":10,"2":10,"3":48,"4":0,"5":0,"6":0,"7":0,"8":0,"9":0,"10":0,"11":0,"12":0,"13":48},"f":{"0":48},"b":{"0":[40],"1":[0,0,0,0,0,48]},"_coverageSchema":"1a1c01bbd47fc00a2c39e90264f33305004495a9","hash":"b093efd5cd2700fc2e9b68e4154f7e9852148afe"}
,"/home/livesetup/Desktop/Desktop/Andela/ATLP Cohort 5/phantom-fe-techode/src/redux/reducers/index.js": {"path":"/home/livesetup/Desktop/Desktop/Andela/ATLP Cohort 5/phantom-fe-techode/src/redux/reducers/index.js","statementMap":{"0":{"start":{"line":14,"column":18},"end":{"line":27,"column":2}}},"fnMap":{},"branchMap":{},"s":{"0":10},"f":{},"b":{},"_coverageSchema":"1a1c01bbd47fc00a2c39e90264f33305004495a9","hash":"f6ccb091390aa7a4a2d24cb005d791ed537fc204"}
,"/home/livesetup/Desktop/Desktop/Andela/ATLP Cohort 5/phantom-fe-techode/src/redux/reducers/isAuthReducer.js": {"path":"/home/livesetup/Desktop/Desktop/Andela/ATLP Cohort 5/phantom-fe-techode/src/redux/reducers/isAuthReducer.js","statementMap":{"0":{"start":{"line":3,"column":20},"end":{"line":3,"column":30}},"1":{"start":{"line":5,"column":21},"end":{"line":7,"column":1}},"2":{"start":{"line":9,"column":29},"end":{"line":17,"column":1}},"3":{"start":{"line":10,"column":4},"end":{"line":16,"column":5}},"4":{"start":{"line":12,"column":12},"end":{"line":12,"column":50}},"5":{"start":{"line":13,"column":12},"end":{"line":13,"column":46}},"6":{"start":{"line":15,"column":12},"end":{"line":15,"column":25}}},"fnMap":{"0":{"name":"(anonymous_0)","decl":{"start":{"line":9,"column":29},"end":{"line":9,"column":30}},"loc":{"start":{"line":9,"column":72},"end":{"line":17,"column":1}},"line":9}},"branchMap":{"0":{"loc":{"start":{"line":9,"column":30},"end":{"line":9,"column":50}},"type":"default-arg","locations":[{"start":{"line":9,"column":38},"end":{"line":9,"column":50}}],"line":9},"1":{"loc":{"start":{"line":10,"column":4},"end":{"line":16,"column":5}},"type":"switch","locations":[{"start":{"line":11,"column":8},"end":{"line":13,"column":46}},{"start":{"line":14,"column":8},"end":{"line":15,"column":25}}],"line":10}},"s":{"0":10,"1":10,"2":10,"3":48,"4":0,"5":0,"6":48},"f":{"0":48},"b":{"0":[40],"1":[0,48]},"_coverageSchema":"1a1c01bbd47fc00a2c39e90264f33305004495a9","hash":"2754d2f3520b35a82740ca2b36767316d3fb0f6e"}
,"/home/livesetup/Desktop/Desktop/Andela/ATLP Cohort 5/phantom-fe-techode/src/redux/reducers/notificationReducer.js": {"path":"/home/livesetup/Desktop/Desktop/Andela/ATLP Cohort 5/phantom-fe-techode/src/redux/reducers/notificationReducer.js","statementMap":{"0":{"start":{"line":3,"column":26},"end":{"line":8,"column":1}},"1":{"start":{"line":10,"column":38},"end":{"line":31,"column":1}},"2":{"start":{"line":11,"column":4},"end":{"line":30,"column":5}},"3":{"start":{"line":13,"column":32},"end":{"line":13,"column":42}},"4":{"start":{"line":14,"column":35},"end":{"line":17,"column":16}},"5":{"start":{"line":19,"column":12},"end":{"line":19,"column":45}},"6":{"start":{"line":20,"column":12},"end":{"line":20,"column":31}},"7":{"start":{"line":21,"column":12},"end":{"line":21,"column":24}},"8":{"start":{"line":24,"column":35},"end":{"line":24,"column":45}},"9":{"start":{"line":25,"column":39},"end":{"line":25,"column":95}},"10":{"start":{"line":25,"column":73},"end":{"line":25,"column":94}},"11":{"start":{"line":26,"column":12},"end":{"line":26,"column":38}},"12":{"start":{"line":27,"column":12},"end":{"line":27,"column":24}},"13":{"start":{"line":29,"column":12},"end":{"line":29,"column":24}}},"fnMap":{"0":{"name":"(anonymous_0)","decl":{"start":{"line":10,"column":38},"end":{"line":10,"column":39}},"loc":{"start":{"line":10,"column":87},"end":{"line":31,"column":1}},"line":10},"1":{"name":"(anonymous_1)","decl":{"start":{"line":25,"column":62},"end":{"line":25,"column":63}},"loc":{"start":{"line":25,"column":73},"end":{"line":25,"column":94}},"line":25}},"branchMap":{"0":{"loc":{"start":{"line":10,"column":40},"end":{"line":10,"column":65}},"type":"default-arg","locations":[{"start":{"line":10,"column":48},"end":{"line":10,"column":65}}],"line":10},"1":{"loc":{"start":{"line":11,"column":4},"end":{"line":30,"column":5}},"type":"switch","locations":[{"start":{"line":12,"column":8},"end":{"line":21,"column":24}},{"start":{"line":23,"column":8},"end":{"line":27,"column":24}},{"start":{"line":28,"column":8},"end":{"line":29,"column":24}}],"line":11}},"s":{"0":10,"1":10,"2":48,"3":0,"4":0,"5":0,"6":0,"7":0,"8":0,"9":0,"10":0,"11":0,"12":0,"13":48},"f":{"0":48,"1":0},"b":{"0":[40],"1":[0,0,48]},"_coverageSchema":"1a1c01bbd47fc00a2c39e90264f33305004495a9","hash":"0454f634e14b63c65bf3f99ef8bd7e4aee2afb56"}
,"/home/livesetup/Desktop/Desktop/Andela/ATLP Cohort 5/phantom-fe-techode/src/redux/reducers/permissionsReducer.js": {"path":"/home/livesetup/Desktop/Desktop/Andela/ATLP Cohort 5/phantom-fe-techode/src/redux/reducers/permissionsReducer.js","statementMap":{"0":{"start":{"line":2,"column":27},"end":{"line":2,"column":47}},"1":{"start":{"line":4,"column":24},"end":{"line":20,"column":1}},"2":{"start":{"line":22,"column":34},"end":{"line":36,"column":1}},"3":{"start":{"line":23,"column":4},"end":{"line":35,"column":5}},"4":{"start":{"line":25,"column":32},"end":{"line":25,"column":42}},"5":{"start":{"line":26,"column":34},"end":{"line":29,"column":13}},"6":{"start":{"line":30,"column":12},"end":{"line":30,"column":44}},"7":{"start":{"line":31,"column":12},"end":{"line":31,"column":32}},"8":{"start":{"line":32,"column":12},"end":{"line":32,"column":25}},"9":{"start":{"line":34,"column":12},"end":{"line":34,"column":25}}},"fnMap":{"0":{"name":"(anonymous_0)","decl":{"start":{"line":22,"column":34},"end":{"line":22,"column":35}},"loc":{"start":{"line":22,"column":81},"end":{"line":36,"column":1}},"line":22}},"branchMap":{"0":{"loc":{"start":{"line":22,"column":35},"end":{"line":22,"column":58}},"type":"default-arg","locations":[{"start":{"line":22,"column":43},"end":{"line":22,"column":58}}],"line":22},"1":{"loc":{"start":{"line":23,"column":4},"end":{"line":35,"column":5}},"type":"switch","locations":[{"start":{"line":24,"column":8},"end":{"line":32,"column":25}},{"start":{"line":33,"column":8},"end":{"line":34,"column":25}}],"line":23}},"s":{"0":10,"1":10,"2":10,"3":48,"4":0,"5":0,"6":0,"7":0,"8":0,"9":48},"f":{"0":48},"b":{"0":[40],"1":[0,48]},"_coverageSchema":"1a1c01bbd47fc00a2c39e90264f33305004495a9","hash":"96b068d2574798d624c16207197b75fa639693c4"}
,"/home/livesetup/Desktop/Desktop/Andela/ATLP Cohort 5/phantom-fe-techode/src/redux/reducers/rolesReducer.js": {"path":"/home/livesetup/Desktop/Desktop/Andela/ATLP Cohort 5/phantom-fe-techode/src/redux/reducers/rolesReducer.js","statementMap":{"0":{"start":{"line":3,"column":71},"end":{"line":3,"column":82}},"1":{"start":{"line":5,"column":18},"end":{"line":13,"column":1}},"2":{"start":{"line":15,"column":28},"end":{"line":62,"column":1}},"3":{"start":{"line":16,"column":4},"end":{"line":61,"column":5}},"4":{"start":{"line":18,"column":32},"end":{"line":18,"column":42}},"5":{"start":{"line":19,"column":29},"end":{"line":23,"column":13}},"6":{"start":{"line":24,"column":12},"end":{"line":24,"column":38}},"7":{"start":{"line":25,"column":12},"end":{"line":25,"column":32}},"8":{"start":{"line":26,"column":12},"end":{"line":26,"column":25}},"9":{"start":{"line":28,"column":35},"end":{"line":28,"column":45}},"10":{"start":{"line":29,"column":29},"end":{"line":29,"column":84}},"11":{"start":{"line":29,"column":62},"end":{"line":29,"column":83}},"12":{"start":{"line":30,"column":12},"end":{"line":30,"column":29}},"13":{"start":{"line":31,"column":12},"end":{"line":31,"column":25}},"14":{"start":{"line":33,"column":47},"end":{"line":33,"column":54}},"15":{"start":{"line":34,"column":35},"end":{"line":34,"column":45}},"16":{"start":{"line":35,"column":36},"end":{"line":35,"column":93}},"17":{"start":{"line":35,"column":70},"end":{"line":35,"column":91}},"18":{"start":{"line":36,"column":29},"end":{"line":36,"column":87}},"19":{"start":{"line":36,"column":65},"end":{"line":36,"column":86}},"20":{"start":{"line":37,"column":38},"end":{"line":37,"column":73}},"21":{"start":{"line":38,"column":34},"end":{"line":38,"column":103}},"22":{"start":{"line":38,"column":73},"end":{"line":38,"column":102}},"23":{"start":{"line":39,"column":12},"end":{"line":39,"column":65}},"24":{"start":{"line":41,"column":12},"end":{"line":41,"column":35}},"25":{"start":{"line":42,"column":12},"end":{"line":42,"column":25}},"26":{"start":{"line":44,"column":50},"end":{"line":44,"column":57}},"27":{"start":{"line":45,"column":32},"end":{"line":45,"column":42}},"28":{"start":{"line":46,"column":36},"end":{"line":46,"column":88}},"29":{"start":{"line":46,"column":66},"end":{"line":46,"column":87}},"30":{"start":{"line":47,"column":26},"end":{"line":47,"column":81}},"31":{"start":{"line":47,"column":59},"end":{"line":47,"column":80}},"32":{"start":{"line":48,"column":37},"end":{"line":48,"column":72}},"33":{"start":{"line":49,"column":33},"end":{"line":49,"column":70}},"34":{"start":{"line":50,"column":12},"end":{"line":50,"column":45}},"35":{"start":{"line":51,"column":12},"end":{"line":54,"column":15}},"36":{"start":{"line":56,"column":12},"end":{"line":56,"column":62}},"37":{"start":{"line":57,"column":12},"end":{"line":57,"column":33}},"38":{"start":{"line":58,"column":12},"end":{"line":58,"column":25}},"39":{"start":{"line":60,"column":12},"end":{"line":60,"column":25}}},"fnMap":{"0":{"name":"(anonymous_0)","decl":{"start":{"line":15,"column":28},"end":{"line":15,"column":29}},"loc":{"start":{"line":15,"column":70},"end":{"line":62,"column":1}},"line":15},"1":{"name":"(anonymous_1)","decl":{"start":{"line":29,"column":51},"end":{"line":29,"column":52}},"loc":{"start":{"line":29,"column":62},"end":{"line":29,"column":83}},"line":29},"2":{"name":"(anonymous_2)","decl":{"start":{"line":35,"column":59},"end":{"line":35,"column":60}},"loc":{"start":{"line":35,"column":70},"end":{"line":35,"column":91}},"line":35},"3":{"name":"(anonymous_3)","decl":{"start":{"line":36,"column":54},"end":{"line":36,"column":55}},"loc":{"start":{"line":36,"column":65},"end":{"line":36,"column":86}},"line":36},"4":{"name":"(anonymous_4)","decl":{"start":{"line":38,"column":59},"end":{"line":38,"column":60}},"loc":{"start":{"line":38,"column":73},"end":{"line":38,"column":102}},"line":38},"5":{"name":"(anonymous_5)","decl":{"start":{"line":46,"column":55},"end":{"line":46,"column":56}},"loc":{"start":{"line":46,"column":66},"end":{"line":46,"column":87}},"line":46},"6":{"name":"(anonymous_6)","decl":{"start":{"line":47,"column":48},"end":{"line":47,"column":49}},"loc":{"start":{"line":47,"column":59},"end":{"line":47,"column":80}},"line":47}},"branchMap":{"0":{"loc":{"start":{"line":15,"column":29},"end":{"line":15,"column":46}},"type":"default-arg","locations":[{"start":{"line":15,"column":37},"end":{"line":15,"column":46}}],"line":15},"1":{"loc":{"start":{"line":16,"column":4},"end":{"line":61,"column":5}},"type":"switch","locations":[{"start":{"line":17,"column":8},"end":{"line":26,"column":25}},{"start":{"line":27,"column":8},"end":{"line":31,"column":25}},{"start":{"line":32,"column":8},"end":{"line":42,"column":25}},{"start":{"line":43,"column":8},"end":{"line":58,"column":25}},{"start":{"line":59,"column":8},"end":{"line":60,"column":25}}],"line":16}},"s":{"0":11,"1":11,"2":11,"3":53,"4":1,"5":1,"6":1,"7":1,"8":1,"9":1,"10":1,"11":1,"12":1,"13":1,"14":1,"15":1,"16":1,"17":1,"18":1,"19":1,"20":1,"21":1,"22":1,"23":1,"24":1,"25":1,"26":1,"27":1,"28":1,"29":1,"30":1,"31":1,"32":1,"33":1,"34":1,"35":1,"36":1,"37":1,"38":1,"39":49},"f":{"0":53,"1":1,"2":1,"3":1,"4":1,"5":1,"6":1},"b":{"0":[42],"1":[1,1,1,1,49]},"_coverageSchema":"1a1c01bbd47fc00a2c39e90264f33305004495a9","hash":"58312d1d9d7786c758d7d2defe9383da631650a3"}
,"/home/livesetup/Desktop/Desktop/Andela/ATLP Cohort 5/phantom-fe-techode/src/redux/reducers/userReducer.js": {"path":"/home/livesetup/Desktop/Desktop/Andela/ATLP Cohort 5/phantom-fe-techode/src/redux/reducers/userReducer.js","statementMap":{"0":{"start":{"line":3,"column":75},"end":{"line":3,"column":90}},"1":{"start":{"line":6,"column":21},"end":{"line":15,"column":1}},"2":{"start":{"line":17,"column":27},"end":{"line":46,"column":1}},"3":{"start":{"line":18,"column":4},"end":{"line":45,"column":5}},"4":{"start":{"line":20,"column":12},"end":{"line":20,"column":34}},"5":{"start":{"line":22,"column":12},"end":{"line":22,"column":35}},"6":{"start":{"line":24,"column":12},"end":{"line":24,"column":34}},"7":{"start":{"line":26,"column":30},"end":{"line":26,"column":40}},"8":{"start":{"line":27,"column":12},"end":{"line":27,"column":42}},"9":{"start":{"line":28,"column":12},"end":{"line":28,"column":32}},"10":{"start":{"line":29,"column":12},"end":{"line":29,"column":25}},"11":{"start":{"line":31,"column":26},"end":{"line":31,"column":36}},"12":{"start":{"line":33,"column":12},"end":{"line":33,"column":42}},"13":{"start":{"line":34,"column":12},"end":{"line":34,"column":48}},"14":{"start":{"line":35,"column":12},"end":{"line":35,"column":46}},"15":{"start":{"line":36,"column":12},"end":{"line":36,"column":50}},"16":{"start":{"line":37,"column":12},"end":{"line":37,"column":48}},"17":{"start":{"line":38,"column":12},"end":{"line":40,"column":13}},"18":{"start":{"line":39,"column":16},"end":{"line":39,"column":43}},"19":{"start":{"line":41,"column":12},"end":{"line":41,"column":28}},"20":{"start":{"line":42,"column":12},"end":{"line":42,"column":25}},"21":{"start":{"line":44,"column":12},"end":{"line":44,"column":25}}},"fnMap":{"0":{"name":"(anonymous_0)","decl":{"start":{"line":17,"column":27},"end":{"line":17,"column":28}},"loc":{"start":{"line":17,"column":72},"end":{"line":46,"column":1}},"line":17}},"branchMap":{"0":{"loc":{"start":{"line":17,"column":28},"end":{"line":17,"column":48}},"type":"default-arg","locations":[{"start":{"line":17,"column":36},"end":{"line":17,"column":48}}],"line":17},"1":{"loc":{"start":{"line":18,"column":4},"end":{"line":45,"column":5}},"type":"switch","locations":[{"start":{"line":19,"column":8},"end":{"line":20,"column":34}},{"start":{"line":21,"column":8},"end":{"line":22,"column":35}},{"start":{"line":23,"column":8},"end":{"line":24,"column":34}},{"start":{"line":25,"column":8},"end":{"line":29,"column":25}},{"start":{"line":30,"column":8},"end":{"line":42,"column":25}},{"start":{"line":43,"column":8},"end":{"line":44,"column":25}}],"line":18},"2":{"loc":{"start":{"line":38,"column":12},"end":{"line":40,"column":13}},"type":"if","locations":[{"start":{"line":38,"column":12},"end":{"line":40,"column":13}},{"start":{},"end":{}}],"line":38}},"s":{"0":10,"1":10,"2":10,"3":48,"4":0,"5":0,"6":0,"7":1,"8":1,"9":1,"10":1,"11":2,"12":2,"13":2,"14":2,"15":2,"16":2,"17":2,"18":0,"19":2,"20":2,"21":45},"f":{"0":48},"b":{"0":[40],"1":[0,0,0,1,2,45],"2":[0,2]},"_coverageSchema":"1a1c01bbd47fc00a2c39e90264f33305004495a9","hash":"3255a026f1ff9c29e8acc03a69ce110aa046cd25"}
,"/home/livesetup/Desktop/Desktop/Andela/ATLP Cohort 5/phantom-fe-techode/src/skeleton/skeletonElement.js": {"path":"/home/livesetup/Desktop/Desktop/Andela/ATLP Cohort 5/phantom-fe-techode/src/skeleton/skeletonElement.js","statementMap":{"0":{"start":{"line":2,"column":20},"end":{"line":10,"column":1}},"1":{"start":{"line":3,"column":20},"end":{"line":3,"column":38}},"2":{"start":{"line":5,"column":4},"end":{"line":9,"column":5}}},"fnMap":{"0":{"name":"(anonymous_0)","decl":{"start":{"line":2,"column":20},"end":{"line":2,"column":21}},"loc":{"start":{"line":2,"column":31},"end":{"line":10,"column":1}},"line":2}},"branchMap":{},"s":{"0":0,"1":0,"2":0},"f":{"0":0},"b":{}}
,"/home/livesetup/Desktop/Desktop/Andela/ATLP Cohort 5/phantom-fe-techode/src/utls/testStore.js": {"path":"/home/livesetup/Desktop/Desktop/Andela/ATLP Cohort 5/phantom-fe-techode/src/utls/testStore.js","statementMap":{"0":{"start":{"line":9,"column":25},"end":{"line":12,"column":1}},"1":{"start":{"line":10,"column":38},"end":{"line":10,"column":82}},"2":{"start":{"line":11,"column":4},"end":{"line":11,"column":60}}},"fnMap":{"0":{"name":"(anonymous_0)","decl":{"start":{"line":9,"column":25},"end":{"line":9,"column":26}},"loc":{"start":{"line":9,"column":42},"end":{"line":12,"column":1}},"line":9}},"branchMap":{},"s":{"0":3,"1":10,"2":10},"f":{"0":10},"b":{},"_coverageSchema":"1a1c01bbd47fc00a2c39e90264f33305004495a9","hash":"128e5a8bed68107a0c33cf9b0e1e6ef0a2bfb0fb"}
}
