{"/home/livesetup/Desktop/Desktop/Andela/ATLP Cohort 5/phantom-fe-techode/src/App.js": {"path":"/home/livesetup/Desktop/Desktop/Andela/ATLP Cohort 5/phantom-fe-techode/src/App.js","statementMap":{"0":{"start":{"line":18,"column":12},"end":{"line":36,"column":1}},"1":{"start":{"line":19,"column":4},"end":{"line":35,"column":6}},"2":{"start":{"line":32,"column":52},"end":{"line":32,"column":71}}},"fnMap":{"0":{"name":"(anonymous_0)","decl":{"start":{"line":18,"column":12},"end":{"line":18,"column":13}},"loc":{"start":{"line":18,"column":18},"end":{"line":36,"column":1}},"line":18},"1":{"name":"(anonymous_1)","decl":{"start":{"line":32,"column":45},"end":{"line":32,"column":46}},"loc":{"start":{"line":32,"column":52},"end":{"line":32,"column":71}},"line":32}},"branchMap":{},"s":{"0":1,"1":3,"2":0},"f":{"0":3,"1":0},"b":{},"_coverageSchema":"1a1c01bbd47fc00a2c39e90264f33305004495a9","hash":"07f8322f40805240b94e0569d59491982d3ddba7"}
,"/home/livesetup/Desktop/Desktop/Andela/ATLP Cohort 5/phantom-fe-techode/src/assets/js/main.js": {"path":"/home/livesetup/Desktop/Desktop/Andela/ATLP Cohort 5/phantom-fe-techode/src/assets/js/main.js","statementMap":{"0":{"start":{"line":2,"column":12},"end":{"line":8,"column":1}}},"fnMap":{},"branchMap":{},"s":{"0":8},"f":{},"b":{},"_coverageSchema":"1a1c01bbd47fc00a2c39e90264f33305004495a9","hash":"c63977bfd4e1bb038ef48678864305b2f4f0218d"}
,"/home/livesetup/Desktop/Desktop/Andela/ATLP Cohort 5/phantom-fe-techode/src/components/BusSim/BusSim.js": {"path":"/home/livesetup/Desktop/Desktop/Andela/ATLP Cohort 5/phantom-fe-techode/src/components/BusSim/BusSim.js","statementMap":{"0":{"start":{"line":4,"column":2},"end":{"line":83,"column":4}}},"fnMap":{"0":{"name":"BusSim","decl":{"start":{"line":3,"column":24},"end":{"line":3,"column":30}},"loc":{"start":{"line":3,"column":33},"end":{"line":84,"column":1}},"line":3}},"branchMap":{},"s":{"0":0},"f":{"0":0},"b":{},"_coverageSchema":"1a1c01bbd47fc00a2c39e90264f33305004495a9","hash":"5b62fd8b23cbbf606c4f7b8d92540bb181d1000e"}
,"/home/livesetup/Desktop/Desktop/Andela/ATLP Cohort 5/phantom-fe-techode/src/components/Cards/CardService.js": {"path":"/home/livesetup/Desktop/Desktop/Andela/ATLP Cohort 5/phantom-fe-techode/src/components/Cards/CardService.js","statementMap":{"0":{"start":{"line":4,"column":20},"end":{"line":18,"column":1}},"1":{"start":{"line":5,"column":2},"end":{"line":17,"column":3}}},"fnMap":{"0":{"name":"(anonymous_0)","decl":{"start":{"line":4,"column":20},"end":{"line":4,"column":21}},"loc":{"start":{"line":4,"column":63},"end":{"line":18,"column":1}},"line":4}},"branchMap":{},"s":{"0":2,"1":0},"f":{"0":0},"b":{},"_coverageSchema":"1a1c01bbd47fc00a2c39e90264f33305004495a9","hash":"6e73dc0c9834e8267d794785734fc3db4a8601e6"}
,"/home/livesetup/Desktop/Desktop/Andela/ATLP Cohort 5/phantom-fe-techode/src/components/Cards/CardTestimonial.js": {"path":"/home/livesetup/Desktop/Desktop/Andela/ATLP Cohort 5/phantom-fe-techode/src/components/Cards/CardTestimonial.js","statementMap":{"0":{"start":{"line":4,"column":24},"end":{"line":17,"column":1}},"1":{"start":{"line":5,"column":2},"end":{"line":16,"column":4}}},"fnMap":{"0":{"name":"(anonymous_0)","decl":{"start":{"line":4,"column":24},"end":{"line":4,"column":25}},"loc":{"start":{"line":4,"column":63},"end":{"line":17,"column":1}},"line":4}},"branchMap":{},"s":{"0":2,"1":0},"f":{"0":0},"b":{},"_coverageSchema":"1a1c01bbd47fc00a2c39e90264f33305004495a9","hash":"9b715d656aed0523f550fe3a2ea51196392d704e"}
,"/home/livesetup/Desktop/Desktop/Andela/ATLP Cohort 5/phantom-fe-techode/src/components/Cards/CardToStart.js": {"path":"/home/livesetup/Desktop/Desktop/Andela/ATLP Cohort 5/phantom-fe-techode/src/components/Cards/CardToStart.js","statementMap":{"0":{"start":{"line":4,"column":20},"end":{"line":12,"column":1}},"1":{"start":{"line":5,"column":2},"end":{"line":11,"column":3}}},"fnMap":{"0":{"name":"(anonymous_0)","decl":{"start":{"line":4,"column":20},"end":{"line":4,"column":21}},"loc":{"start":{"line":4,"column":54},"end":{"line":12,"column":1}},"line":4}},"branchMap":{},"s":{"0":2,"1":0},"f":{"0":0},"b":{},"_coverageSchema":"1a1c01bbd47fc00a2c39e90264f33305004495a9","hash":"86a6a122ba2f0fe91c3b63dd1d00218c8c354a78"}
,"/home/livesetup/Desktop/Desktop/Andela/ATLP Cohort 5/phantom-fe-techode/src/components/Cards/RouteCard.js": {"path":"/home/livesetup/Desktop/Desktop/Andela/ATLP Cohort 5/phantom-fe-techode/src/components/Cards/RouteCard.js","statementMap":{"0":{"start":{"line":8,"column":18},"end":{"line":146,"column":1}},"1":{"start":{"line":9,"column":32},"end":{"line":9,"column":47}},"2":{"start":{"line":10,"column":47},"end":{"line":10,"column":52}},"3":{"start":{"line":11,"column":32},"end":{"line":47,"column":6}},"4":{"start":{"line":49,"column":21},"end":{"line":49,"column":33}},"5":{"start":{"line":50,"column":18},"end":{"line":53,"column":5}},"6":{"start":{"line":51,"column":8},"end":{"line":51,"column":38}},"7":{"start":{"line":52,"column":8},"end":{"line":52,"column":35}},"8":{"start":{"line":54,"column":22},"end":{"line":56,"column":5}},"9":{"start":{"line":55,"column":8},"end":{"line":55,"column":27}},"10":{"start":{"line":57,"column":4},"end":{"line":145,"column":7}},"11":{"start":{"line":80,"column":96},"end":{"line":80,"column":126}},"12":{"start":{"line":102,"column":54},"end":{"line":102,"column":84}},"13":{"start":{"line":103,"column":28},"end":{"line":138,"column":29}},"14":{"start":{"line":130,"column":150},"end":{"line":130,"column":181}},"15":{"start":{"line":148,"column":19},"end":{"line":153,"column":1}},"16":{"start":{"line":149,"column":4},"end":{"line":152,"column":5}}},"fnMap":{"0":{"name":"(anonymous_0)","decl":{"start":{"line":8,"column":18},"end":{"line":8,"column":19}},"loc":{"start":{"line":8,"column":29},"end":{"line":146,"column":1}},"line":8},"1":{"name":"(anonymous_1)","decl":{"start":{"line":50,"column":18},"end":{"line":50,"column":19}},"loc":{"start":{"line":50,"column":58},"end":{"line":53,"column":5}},"line":50},"2":{"name":"(anonymous_2)","decl":{"start":{"line":54,"column":22},"end":{"line":54,"column":23}},"loc":{"start":{"line":54,"column":28},"end":{"line":56,"column":5}},"line":54},"3":{"name":"(anonymous_3)","decl":{"start":{"line":80,"column":80},"end":{"line":80,"column":81}},"loc":{"start":{"line":80,"column":96},"end":{"line":80,"column":126}},"line":80},"4":{"name":"(anonymous_4)","decl":{"start":{"line":102,"column":38},"end":{"line":102,"column":39}},"loc":{"start":{"line":102,"column":54},"end":{"line":102,"column":84}},"line":102},"5":{"name":"(anonymous_5)","decl":{"start":{"line":102,"column":93},"end":{"line":102,"column":94}},"loc":{"start":{"line":102,"column":112},"end":{"line":139,"column":25}},"line":102},"6":{"name":"(anonymous_6)","decl":{"start":{"line":130,"column":144},"end":{"line":130,"column":145}},"loc":{"start":{"line":130,"column":150},"end":{"line":130,"column":181}},"line":130},"7":{"name":"(anonymous_7)","decl":{"start":{"line":148,"column":19},"end":{"line":148,"column":20}},"loc":{"start":{"line":148,"column":30},"end":{"line":153,"column":1}},"line":148}},"branchMap":{"0":{"loc":{"start":{"line":50,"column":20},"end":{"line":50,"column":29}},"type":"default-arg","locations":[{"start":{"line":50,"column":27},"end":{"line":50,"column":29}}],"line":50},"1":{"loc":{"start":{"line":50,"column":32},"end":{"line":50,"column":39}},"type":"default-arg","locations":[{"start":{"line":50,"column":37},"end":{"line":50,"column":39}}],"line":50},"2":{"loc":{"start":{"line":50,"column":42},"end":{"line":50,"column":53}},"type":"default-arg","locations":[{"start":{"line":50,"column":52},"end":{"line":50,"column":53}}],"line":50},"3":{"loc":{"start":{"line":94,"column":116},"end":{"line":94,"column":159}},"type":"cond-expr","locations":[{"start":{"line":94,"column":133},"end":{"line":94,"column":145}},{"start":{"line":94,"column":148},"end":{"line":94,"column":159}}],"line":94}},"s":{"0":1,"1":0,"2":0,"3":0,"4":0,"5":0,"6":0,"7":0,"8":0,"9":0,"10":0,"11":0,"12":0,"13":0,"14":0,"15":1,"16":0},"f":{"0":0,"1":0,"2":0,"3":0,"4":0,"5":0,"6":0,"7":0},"b":{"0":[0],"1":[0],"2":[0],"3":[0,0]},"_coverageSchema":"1a1c01bbd47fc00a2c39e90264f33305004495a9","hash":"3a0f68aada70b5009e0c96cb2508e561d144b6ab"}
,"/home/livesetup/Desktop/Desktop/Andela/ATLP Cohort 5/phantom-fe-techode/src/components/Explore/Explore.js": {"path":"/home/livesetup/Desktop/Desktop/Andela/ATLP Cohort 5/phantom-fe-techode/src/components/Explore/Explore.js","statementMap":{"0":{"start":{"line":7,"column":16},"end":{"line":46,"column":1}},"1":{"start":{"line":8,"column":36},"end":{"line":8,"column":50}},"2":{"start":{"line":10,"column":2},"end":{"line":12,"column":10}},"3":{"start":{"line":11,"column":4},"end":{"line":11,"column":23}},"4":{"start":{"line":14,"column":2},"end":{"line":45,"column":4}}},"fnMap":{"0":{"name":"(anonymous_0)","decl":{"start":{"line":7,"column":16},"end":{"line":7,"column":17}},"loc":{"start":{"line":7,"column":22},"end":{"line":46,"column":1}},"line":7},"1":{"name":"(anonymous_1)","decl":{"start":{"line":10,"column":13},"end":{"line":10,"column":14}},"loc":{"start":{"line":10,"column":19},"end":{"line":12,"column":3}},"line":10}},"branchMap":{"0":{"loc":{"start":{"line":29,"column":11},"end":{"line":29,"column":31}},"type":"binary-expr","locations":[{"start":{"line":29,"column":11},"end":{"line":29,"column":20}},{"start":{"line":29,"column":24},"end":{"line":29,"column":31}}],"line":29},"1":{"loc":{"start":{"line":30,"column":11},"end":{"line":40,"column":25}},"type":"binary-expr","locations":[{"start":{"line":30,"column":11},"end":{"line":30,"column":21}},{"start":{"line":30,"column":25},"end":{"line":40,"column":25}}],"line":30}},"s":{"0":2,"1":0,"2":0,"3":0,"4":0},"f":{"0":0,"1":0},"b":{"0":[0,0],"1":[0,0]},"_coverageSchema":"1a1c01bbd47fc00a2c39e90264f33305004495a9","hash":"0fbab441ee5eeaaa1725a435fbf31829ad4f87f5"}
,"/home/livesetup/Desktop/Desktop/Andela/ATLP Cohort 5/phantom-fe-techode/src/components/Footer/Footer.js": {"path":"/home/livesetup/Desktop/Desktop/Andela/ATLP Cohort 5/phantom-fe-techode/src/components/Footer/Footer.js","statementMap":{"0":{"start":{"line":9,"column":15},"end":{"line":159,"column":1}},"1":{"start":{"line":11,"column":17},"end":{"line":34,"column":4}},"2":{"start":{"line":32,"column":6},"end":{"line":32,"column":45}},"3":{"start":{"line":36,"column":2},"end":{"line":158,"column":4}}},"fnMap":{"0":{"name":"(anonymous_0)","decl":{"start":{"line":9,"column":15},"end":{"line":9,"column":16}},"loc":{"start":{"line":9,"column":21},"end":{"line":159,"column":1}},"line":9},"1":{"name":"(anonymous_1)","decl":{"start":{"line":31,"column":14},"end":{"line":31,"column":15}},"loc":{"start":{"line":31,"column":24},"end":{"line":33,"column":5}},"line":31}},"branchMap":{"0":{"loc":{"start":{"line":91,"column":15},"end":{"line":93,"column":22}},"type":"cond-expr","locations":[{"start":{"line":92,"column":16},"end":{"line":92,"column":92}},{"start":{"line":93,"column":18},"end":{"line":93,"column":22}}],"line":91},"1":{"loc":{"start":{"line":91,"column":15},"end":{"line":91,"column":66}},"type":"binary-expr","locations":[{"start":{"line":91,"column":15},"end":{"line":91,"column":39}},{"start":{"line":91,"column":43},"end":{"line":91,"column":66}}],"line":91},"2":{"loc":{"start":{"line":107,"column":15},"end":{"line":109,"column":22}},"type":"cond-expr","locations":[{"start":{"line":108,"column":16},"end":{"line":108,"column":95}},{"start":{"line":109,"column":18},"end":{"line":109,"column":22}}],"line":107},"3":{"loc":{"start":{"line":107,"column":15},"end":{"line":107,"column":69}},"type":"binary-expr","locations":[{"start":{"line":107,"column":15},"end":{"line":107,"column":39}},{"start":{"line":107,"column":43},"end":{"line":107,"column":69}}],"line":107},"4":{"loc":{"start":{"line":121,"column":16},"end":{"line":123,"column":22}},"type":"cond-expr","locations":[{"start":{"line":122,"column":16},"end":{"line":122,"column":89}},{"start":{"line":123,"column":18},"end":{"line":123,"column":22}}],"line":121},"5":{"loc":{"start":{"line":121,"column":16},"end":{"line":121,"column":64}},"type":"binary-expr","locations":[{"start":{"line":121,"column":16},"end":{"line":121,"column":40}},{"start":{"line":121,"column":44},"end":{"line":121,"column":64}}],"line":121},"6":{"loc":{"start":{"line":136,"column":16},"end":{"line":138,"column":22}},"type":"cond-expr","locations":[{"start":{"line":137,"column":16},"end":{"line":137,"column":91}},{"start":{"line":138,"column":18},"end":{"line":138,"column":22}}],"line":136},"7":{"loc":{"start":{"line":136,"column":16},"end":{"line":136,"column":66}},"type":"binary-expr","locations":[{"start":{"line":136,"column":16},"end":{"line":136,"column":40}},{"start":{"line":136,"column":44},"end":{"line":136,"column":66}}],"line":136}},"s":{"0":2,"1":0,"2":0,"3":0},"f":{"0":0,"1":0},"b":{"0":[0,0],"1":[0,0],"2":[0,0],"3":[0,0],"4":[0,0],"5":[0,0],"6":[0,0],"7":[0,0]},"_coverageSchema":"1a1c01bbd47fc00a2c39e90264f33305004495a9","hash":"242dbde93e5fc8985a942c12776c5fe0015f803c"}
,"/home/livesetup/Desktop/Desktop/Andela/ATLP Cohort 5/phantom-fe-techode/src/components/Header/Header.js": {"path":"/home/livesetup/Desktop/Desktop/Andela/ATLP Cohort 5/phantom-fe-techode/src/components/Header/Header.js","statementMap":{"0":{"start":{"line":7,"column":15},"end":{"line":117,"column":1}},"1":{"start":{"line":8,"column":2},"end":{"line":116,"column":4}},"2":{"start":{"line":100,"column":35},"end":{"line":100,"column":59}}},"fnMap":{"0":{"name":"(anonymous_0)","decl":{"start":{"line":7,"column":15},"end":{"line":7,"column":16}},"loc":{"start":{"line":7,"column":21},"end":{"line":117,"column":1}},"line":7},"1":{"name":"(anonymous_1)","decl":{"start":{"line":100,"column":29},"end":{"line":100,"column":30}},"loc":{"start":{"line":100,"column":35},"end":{"line":100,"column":59}},"line":100}},"branchMap":{},"s":{"0":2,"1":0,"2":0},"f":{"0":0,"1":0},"b":{},"_coverageSchema":"1a1c01bbd47fc00a2c39e90264f33305004495a9","hash":"3e865360a2cd0ec7331af44858edec4a2beb1e44"}
,"/home/livesetup/Desktop/Desktop/Andela/ATLP Cohort 5/phantom-fe-techode/src/components/HowToStart/HowToStart.js": {"path":"/home/livesetup/Desktop/Desktop/Andela/ATLP Cohort 5/phantom-fe-techode/src/components/HowToStart/HowToStart.js","statementMap":{"0":{"start":{"line":9,"column":19},"end":{"line":28,"column":1}},"1":{"start":{"line":10,"column":2},"end":{"line":27,"column":3}}},"fnMap":{"0":{"name":"(anonymous_0)","decl":{"start":{"line":9,"column":19},"end":{"line":9,"column":20}},"loc":{"start":{"line":9,"column":25},"end":{"line":28,"column":1}},"line":9}},"branchMap":{},"s":{"0":2,"1":0},"f":{"0":0},"b":{},"_coverageSchema":"1a1c01bbd47fc00a2c39e90264f33305004495a9","hash":"e5e663d79aa027a37349e82c4db854c1aee9054a"}
,"/home/livesetup/Desktop/Desktop/Andela/ATLP Cohort 5/phantom-fe-techode/src/components/Intro/Intro.js": {"path":"/home/livesetup/Desktop/Desktop/Andela/ATLP Cohort 5/phantom-fe-techode/src/components/Intro/Intro.js","statementMap":{"0":{"start":{"line":4,"column":14},"end":{"line":23,"column":1}},"1":{"start":{"line":5,"column":2},"end":{"line":22,"column":3}}},"fnMap":{"0":{"name":"(anonymous_0)","decl":{"start":{"line":4,"column":14},"end":{"line":4,"column":15}},"loc":{"start":{"line":4,"column":20},"end":{"line":23,"column":1}},"line":4}},"branchMap":{},"s":{"0":2,"1":0},"f":{"0":0},"b":{},"_coverageSchema":"1a1c01bbd47fc00a2c39e90264f33305004495a9","hash":"a7f29914bae71bca721cbf67f5354fe9ed14c34d"}
,"/home/livesetup/Desktop/Desktop/Andela/ATLP Cohort 5/phantom-fe-techode/src/components/LocationSim/DriverSim.js": {"path":"/home/livesetup/Desktop/Desktop/Andela/ATLP Cohort 5/phantom-fe-techode/src/components/LocationSim/DriverSim.js","statementMap":{"0":{"start":{"line":19,"column":18},"end":{"line":121,"column":1}},"1":{"start":{"line":20,"column":76},"end":{"line":20,"column":81}},"2":{"start":{"line":22,"column":31},"end":{"line":22,"column":35}},"3":{"start":{"line":24,"column":38},"end":{"line":24,"column":52}},"4":{"start":{"line":26,"column":4},"end":{"line":28,"column":14}},"5":{"start":{"line":27,"column":8},"end":{"line":27,"column":27}},"6":{"start":{"line":30,"column":27},"end":{"line":33,"column":5}},"7":{"start":{"line":31,"column":8},"end":{"line":31,"column":44}},"8":{"start":{"line":32,"column":8},"end":{"line":32,"column":29}},"9":{"start":{"line":35,"column":28},"end":{"line":38,"column":5}},"10":{"start":{"line":36,"column":8},"end":{"line":36,"column":47}},"11":{"start":{"line":37,"column":8},"end":{"line":37,"column":30}},"12":{"start":{"line":40,"column":26},"end":{"line":42,"column":5}},"13":{"start":{"line":41,"column":8},"end":{"line":41,"column":53}},"14":{"start":{"line":44,"column":4},"end":{"line":120,"column":5}},"15":{"start":{"line":123,"column":19},"end":{"line":128,"column":1}},"16":{"start":{"line":124,"column":4},"end":{"line":127,"column":5}}},"fnMap":{"0":{"name":"(anonymous_0)","decl":{"start":{"line":19,"column":18},"end":{"line":19,"column":19}},"loc":{"start":{"line":19,"column":31},"end":{"line":121,"column":1}},"line":19},"1":{"name":"(anonymous_1)","decl":{"start":{"line":26,"column":15},"end":{"line":26,"column":16}},"loc":{"start":{"line":26,"column":21},"end":{"line":28,"column":7}},"line":26},"2":{"name":"(anonymous_2)","decl":{"start":{"line":30,"column":27},"end":{"line":30,"column":28}},"loc":{"start":{"line":30,"column":33},"end":{"line":33,"column":5}},"line":30},"3":{"name":"(anonymous_3)","decl":{"start":{"line":35,"column":28},"end":{"line":35,"column":29}},"loc":{"start":{"line":35,"column":34},"end":{"line":38,"column":5}},"line":35},"4":{"name":"(anonymous_4)","decl":{"start":{"line":40,"column":26},"end":{"line":40,"column":27}},"loc":{"start":{"line":40,"column":32},"end":{"line":42,"column":5}},"line":40},"5":{"name":"(anonymous_5)","decl":{"start":{"line":123,"column":19},"end":{"line":123,"column":20}},"loc":{"start":{"line":123,"column":29},"end":{"line":128,"column":1}},"line":123}},"branchMap":{"0":{"loc":{"start":{"line":65,"column":20},"end":{"line":77,"column":24}},"type":"cond-expr","locations":[{"start":{"line":66,"column":24},"end":{"line":76,"column":30}},{"start":{"line":77,"column":22},"end":{"line":77,"column":24}}],"line":65},"1":{"loc":{"start":{"line":93,"column":59},"end":{"line":93,"column":118}},"type":"cond-expr","locations":[{"start":{"line":93,"column":105},"end":{"line":93,"column":113}},{"start":{"line":93,"column":116},"end":{"line":93,"column":118}}],"line":93},"2":{"loc":{"start":{"line":93,"column":59},"end":{"line":93,"column":102}},"type":"binary-expr","locations":[{"start":{"line":93,"column":59},"end":{"line":93,"column":76}},{"start":{"line":93,"column":80},"end":{"line":93,"column":102}}],"line":93},"3":{"loc":{"start":{"line":94,"column":37},"end":{"line":94,"column":57}},"type":"binary-expr","locations":[{"start":{"line":94,"column":37},"end":{"line":94,"column":46}},{"start":{"line":94,"column":50},"end":{"line":94,"column":57}}],"line":94},"4":{"loc":{"start":{"line":95,"column":37},"end":{"line":108,"column":55}},"type":"binary-expr","locations":[{"start":{"line":95,"column":37},"end":{"line":95,"column":47}},{"start":{"line":96,"column":40},"end":{"line":108,"column":55}}],"line":95}},"s":{"0":2,"1":0,"2":0,"3":0,"4":0,"5":0,"6":0,"7":0,"8":0,"9":0,"10":0,"11":0,"12":0,"13":0,"14":0,"15":2,"16":0},"f":{"0":0,"1":0,"2":0,"3":0,"4":0,"5":0},"b":{"0":[0,0],"1":[0,0],"2":[0,0],"3":[0,0],"4":[0,0]},"_coverageSchema":"1a1c01bbd47fc00a2c39e90264f33305004495a9","hash":"787a357bd80f552f52d7797fde3518a21824967a"}
,"/home/livesetup/Desktop/Desktop/Andela/ATLP Cohort 5/phantom-fe-techode/src/components/LocationSim/LocationSim.js": {"path":"/home/livesetup/Desktop/Desktop/Andela/ATLP Cohort 5/phantom-fe-techode/src/components/LocationSim/LocationSim.js","statementMap":{"0":{"start":{"line":17,"column":20},"end":{"line":174,"column":1}},"1":{"start":{"line":18,"column":76},"end":{"line":18,"column":81}},"2":{"start":{"line":20,"column":31},"end":{"line":20,"column":35}},"3":{"start":{"line":21,"column":4},"end":{"line":21,"column":22}},"4":{"start":{"line":23,"column":34},"end":{"line":23,"column":49}},"5":{"start":{"line":24,"column":27},"end":{"line":27,"column":5}},"6":{"start":{"line":25,"column":8},"end":{"line":25,"column":44}},"7":{"start":{"line":26,"column":8},"end":{"line":26,"column":29}},"8":{"start":{"line":29,"column":28},"end":{"line":32,"column":5}},"9":{"start":{"line":30,"column":8},"end":{"line":30,"column":47}},"10":{"start":{"line":31,"column":8},"end":{"line":31,"column":30}},"11":{"start":{"line":34,"column":26},"end":{"line":36,"column":5}},"12":{"start":{"line":35,"column":8},"end":{"line":35,"column":53}},"13":{"start":{"line":38,"column":4},"end":{"line":173,"column":5}},"14":{"start":{"line":176,"column":19},"end":{"line":181,"column":1}},"15":{"start":{"line":177,"column":4},"end":{"line":180,"column":5}}},"fnMap":{"0":{"name":"(anonymous_0)","decl":{"start":{"line":17,"column":20},"end":{"line":17,"column":21}},"loc":{"start":{"line":17,"column":33},"end":{"line":174,"column":1}},"line":17},"1":{"name":"(anonymous_1)","decl":{"start":{"line":24,"column":27},"end":{"line":24,"column":28}},"loc":{"start":{"line":24,"column":33},"end":{"line":27,"column":5}},"line":24},"2":{"name":"(anonymous_2)","decl":{"start":{"line":29,"column":28},"end":{"line":29,"column":29}},"loc":{"start":{"line":29,"column":34},"end":{"line":32,"column":5}},"line":29},"3":{"name":"(anonymous_3)","decl":{"start":{"line":34,"column":26},"end":{"line":34,"column":27}},"loc":{"start":{"line":34,"column":32},"end":{"line":36,"column":5}},"line":34},"4":{"name":"(anonymous_4)","decl":{"start":{"line":176,"column":19},"end":{"line":176,"column":20}},"loc":{"start":{"line":176,"column":29},"end":{"line":181,"column":1}},"line":176}},"branchMap":{"0":{"loc":{"start":{"line":63,"column":25},"end":{"line":63,"column":55}},"type":"binary-expr","locations":[{"start":{"line":63,"column":25},"end":{"line":63,"column":32}},{"start":{"line":63,"column":36},"end":{"line":63,"column":55}}],"line":63},"1":{"loc":{"start":{"line":64,"column":25},"end":{"line":93,"column":25}},"type":"binary-expr","locations":[{"start":{"line":64,"column":25},"end":{"line":64,"column":33}},{"start":{"line":65,"column":28},"end":{"line":92,"column":31}}],"line":64},"2":{"loc":{"start":{"line":107,"column":59},"end":{"line":107,"column":118}},"type":"cond-expr","locations":[{"start":{"line":107,"column":105},"end":{"line":107,"column":113}},{"start":{"line":107,"column":116},"end":{"line":107,"column":118}}],"line":107},"3":{"loc":{"start":{"line":107,"column":59},"end":{"line":107,"column":102}},"type":"binary-expr","locations":[{"start":{"line":107,"column":59},"end":{"line":107,"column":76}},{"start":{"line":107,"column":80},"end":{"line":107,"column":102}}],"line":107},"4":{"loc":{"start":{"line":108,"column":37},"end":{"line":108,"column":55}},"type":"binary-expr","locations":[{"start":{"line":108,"column":37},"end":{"line":108,"column":44}},{"start":{"line":108,"column":48},"end":{"line":108,"column":55}}],"line":108},"5":{"loc":{"start":{"line":109,"column":37},"end":{"line":161,"column":55}},"type":"binary-expr","locations":[{"start":{"line":109,"column":37},"end":{"line":109,"column":45}},{"start":{"line":110,"column":40},"end":{"line":161,"column":55}}],"line":109}},"s":{"0":1,"1":0,"2":0,"3":0,"4":0,"5":0,"6":0,"7":0,"8":0,"9":0,"10":0,"11":0,"12":0,"13":0,"14":1,"15":0},"f":{"0":0,"1":0,"2":0,"3":0,"4":0},"b":{"0":[0,0],"1":[0,0],"2":[0,0],"3":[0,0],"4":[0,0],"5":[0,0]},"_coverageSchema":"1a1c01bbd47fc00a2c39e90264f33305004495a9","hash":"180a36acc193f77f5d395fa2892aee7b1107cbb4"}
,"/home/livesetup/Desktop/Desktop/Andela/ATLP Cohort 5/phantom-fe-techode/src/components/LocationSim/locationSimUpdate.js": {"path":"/home/livesetup/Desktop/Desktop/Andela/ATLP Cohort 5/phantom-fe-techode/src/components/LocationSim/locationSimUpdate.js","statementMap":{"0":{"start":{"line":16,"column":20},"end":{"line":203,"column":1}},"1":{"start":{"line":17,"column":91},"end":{"line":17,"column":96}},"2":{"start":{"line":19,"column":31},"end":{"line":19,"column":35}},"3":{"start":{"line":21,"column":38},"end":{"line":21,"column":52}},"4":{"start":{"line":23,"column":4},"end":{"line":25,"column":14}},"5":{"start":{"line":24,"column":8},"end":{"line":24,"column":27}},"6":{"start":{"line":27,"column":27},"end":{"line":30,"column":5}},"7":{"start":{"line":28,"column":8},"end":{"line":28,"column":44}},"8":{"start":{"line":29,"column":8},"end":{"line":29,"column":29}},"9":{"start":{"line":32,"column":28},"end":{"line":35,"column":5}},"10":{"start":{"line":33,"column":8},"end":{"line":33,"column":47}},"11":{"start":{"line":34,"column":8},"end":{"line":34,"column":30}},"12":{"start":{"line":37,"column":26},"end":{"line":39,"column":5}},"13":{"start":{"line":38,"column":8},"end":{"line":38,"column":53}},"14":{"start":{"line":42,"column":4},"end":{"line":202,"column":5}},"15":{"start":{"line":62,"column":87},"end":{"line":62,"column":111}},"16":{"start":{"line":205,"column":19},"end":{"line":211,"column":1}},"17":{"start":{"line":206,"column":4},"end":{"line":210,"column":5}}},"fnMap":{"0":{"name":"(anonymous_0)","decl":{"start":{"line":16,"column":20},"end":{"line":16,"column":21}},"loc":{"start":{"line":16,"column":33},"end":{"line":203,"column":1}},"line":16},"1":{"name":"(anonymous_1)","decl":{"start":{"line":23,"column":15},"end":{"line":23,"column":16}},"loc":{"start":{"line":23,"column":21},"end":{"line":25,"column":7}},"line":23},"2":{"name":"(anonymous_2)","decl":{"start":{"line":27,"column":27},"end":{"line":27,"column":28}},"loc":{"start":{"line":27,"column":33},"end":{"line":30,"column":5}},"line":27},"3":{"name":"(anonymous_3)","decl":{"start":{"line":32,"column":28},"end":{"line":32,"column":29}},"loc":{"start":{"line":32,"column":34},"end":{"line":35,"column":5}},"line":32},"4":{"name":"(anonymous_4)","decl":{"start":{"line":37,"column":26},"end":{"line":37,"column":27}},"loc":{"start":{"line":37,"column":32},"end":{"line":39,"column":5}},"line":37},"5":{"name":"(anonymous_5)","decl":{"start":{"line":62,"column":81},"end":{"line":62,"column":82}},"loc":{"start":{"line":62,"column":87},"end":{"line":62,"column":111}},"line":62},"6":{"name":"(anonymous_6)","decl":{"start":{"line":205,"column":19},"end":{"line":205,"column":20}},"loc":{"start":{"line":205,"column":29},"end":{"line":211,"column":1}},"line":205}},"branchMap":{"0":{"loc":{"start":{"line":71,"column":54},"end":{"line":71,"column":113}},"type":"cond-expr","locations":[{"start":{"line":71,"column":100},"end":{"line":71,"column":108}},{"start":{"line":71,"column":111},"end":{"line":71,"column":113}}],"line":71},"1":{"loc":{"start":{"line":71,"column":54},"end":{"line":71,"column":97}},"type":"binary-expr","locations":[{"start":{"line":71,"column":54},"end":{"line":71,"column":71}},{"start":{"line":71,"column":75},"end":{"line":71,"column":97}}],"line":71},"2":{"loc":{"start":{"line":72,"column":25},"end":{"line":72,"column":45}},"type":"binary-expr","locations":[{"start":{"line":72,"column":25},"end":{"line":72,"column":34}},{"start":{"line":72,"column":38},"end":{"line":72,"column":45}}],"line":72},"3":{"loc":{"start":{"line":73,"column":25},"end":{"line":192,"column":43}},"type":"binary-expr","locations":[{"start":{"line":73,"column":25},"end":{"line":73,"column":35}},{"start":{"line":74,"column":28},"end":{"line":192,"column":43}}],"line":73}},"s":{"0":2,"1":0,"2":0,"3":0,"4":0,"5":0,"6":0,"7":0,"8":0,"9":0,"10":0,"11":0,"12":0,"13":0,"14":0,"15":0,"16":2,"17":0},"f":{"0":0,"1":0,"2":0,"3":0,"4":0,"5":0,"6":0},"b":{"0":[0,0],"1":[0,0],"2":[0,0],"3":[0,0]},"_coverageSchema":"1a1c01bbd47fc00a2c39e90264f33305004495a9","hash":"e5f59df2bb40aaaabc3df76bde7e9bc20bb89989"}
,"/home/livesetup/Desktop/Desktop/Andela/ATLP Cohort 5/phantom-fe-techode/src/components/Navbars/navbar/Navbar.js": {"path":"/home/livesetup/Desktop/Desktop/Andela/ATLP Cohort 5/phantom-fe-techode/src/components/Navbars/navbar/Navbar.js","statementMap":{"0":{"start":{"line":8,"column":15},"end":{"line":66,"column":1}},"1":{"start":{"line":9,"column":30},"end":{"line":9,"column":45}},"2":{"start":{"line":11,"column":18},"end":{"line":13,"column":3}},"3":{"start":{"line":12,"column":4},"end":{"line":12,"column":23}},"4":{"start":{"line":15,"column":2},"end":{"line":65,"column":4}}},"fnMap":{"0":{"name":"(anonymous_0)","decl":{"start":{"line":8,"column":15},"end":{"line":8,"column":16}},"loc":{"start":{"line":8,"column":21},"end":{"line":66,"column":1}},"line":8},"1":{"name":"(anonymous_1)","decl":{"start":{"line":11,"column":18},"end":{"line":11,"column":19}},"loc":{"start":{"line":11,"column":24},"end":{"line":13,"column":3}},"line":11}},"branchMap":{"0":{"loc":{"start":{"line":31,"column":14},"end":{"line":31,"column":33}},"type":"binary-expr","locations":[{"start":{"line":31,"column":14},"end":{"line":31,"column":21}},{"start":{"line":31,"column":25},"end":{"line":31,"column":33}}],"line":31}},"s":{"0":3,"1":1,"2":1,"3":0,"4":1},"f":{"0":1,"1":0},"b":{"0":[1,1]},"_coverageSchema":"1a1c01bbd47fc00a2c39e90264f33305004495a9","hash":"2d33022e869640948a0bc402566c9586a25a7767"}
,"/home/livesetup/Desktop/Desktop/Andela/ATLP Cohort 5/phantom-fe-techode/src/components/Services/Services.js": {"path":"/home/livesetup/Desktop/Desktop/Andela/ATLP Cohort 5/phantom-fe-techode/src/components/Services/Services.js","statementMap":{"0":{"start":{"line":7,"column":17},"end":{"line":40,"column":1}},"1":{"start":{"line":8,"column":2},"end":{"line":39,"column":4}}},"fnMap":{"0":{"name":"(anonymous_0)","decl":{"start":{"line":7,"column":17},"end":{"line":7,"column":18}},"loc":{"start":{"line":7,"column":23},"end":{"line":40,"column":1}},"line":7}},"branchMap":{},"s":{"0":2,"1":0},"f":{"0":0},"b":{},"_coverageSchema":"1a1c01bbd47fc00a2c39e90264f33305004495a9","hash":"2bb1d17ab64ef570122d1f84c6f7c42def404384"}
,"/home/livesetup/Desktop/Desktop/Andela/ATLP Cohort 5/phantom-fe-techode/src/components/Testimonials/Testimonials.js": {"path":"/home/livesetup/Desktop/Desktop/Andela/ATLP Cohort 5/phantom-fe-techode/src/components/Testimonials/Testimonials.js","statementMap":{"0":{"start":{"line":4,"column":21},"end":{"line":44,"column":1}},"1":{"start":{"line":5,"column":2},"end":{"line":43,"column":4}}},"fnMap":{"0":{"name":"(anonymous_0)","decl":{"start":{"line":4,"column":21},"end":{"line":4,"column":22}},"loc":{"start":{"line":4,"column":27},"end":{"line":44,"column":1}},"line":4}},"branchMap":{},"s":{"0":2,"1":0},"f":{"0":0},"b":{},"_coverageSchema":"1a1c01bbd47fc00a2c39e90264f33305004495a9","hash":"f5a401c66ec661bfa1a361d9e03d4542be4df425"}
,"/home/livesetup/Desktop/Desktop/Andela/ATLP Cohort 5/phantom-fe-techode/src/components/buttons/Buttons.js": {"path":"/home/livesetup/Desktop/Desktop/Andela/ATLP Cohort 5/phantom-fe-techode/src/components/buttons/Buttons.js","statementMap":{"0":{"start":{"line":3,"column":28},"end":{"line":9,"column":1}},"1":{"start":{"line":4,"column":4},"end":{"line":8,"column":7}},"2":{"start":{"line":10,"column":29},"end":{"line":16,"column":1}},"3":{"start":{"line":11,"column":4},"end":{"line":15,"column":7}},"4":{"start":{"line":17,"column":29},"end":{"line":23,"column":1}},"5":{"start":{"line":18,"column":4},"end":{"line":22,"column":7}},"6":{"start":{"line":24,"column":26},"end":{"line":30,"column":1}},"7":{"start":{"line":25,"column":4},"end":{"line":29,"column":7}},"8":{"start":{"line":31,"column":29},"end":{"line":33,"column":1}},"9":{"start":{"line":32,"column":4},"end":{"line":32,"column":177}},"10":{"start":{"line":35,"column":23},"end":{"line":41,"column":1}},"11":{"start":{"line":36,"column":4},"end":{"line":40,"column":7}},"12":{"start":{"line":42,"column":32},"end":{"line":49,"column":1}},"13":{"start":{"line":43,"column":4},"end":{"line":48,"column":7}},"14":{"start":{"line":51,"column":27},"end":{"line":58,"column":1}},"15":{"start":{"line":52,"column":4},"end":{"line":57,"column":7}}},"fnMap":{"0":{"name":"(anonymous_0)","decl":{"start":{"line":3,"column":28},"end":{"line":3,"column":29}},"loc":{"start":{"line":3,"column":51},"end":{"line":9,"column":1}},"line":3},"1":{"name":"(anonymous_1)","decl":{"start":{"line":10,"column":29},"end":{"line":10,"column":30}},"loc":{"start":{"line":10,"column":52},"end":{"line":16,"column":1}},"line":10},"2":{"name":"(anonymous_2)","decl":{"start":{"line":17,"column":29},"end":{"line":17,"column":30}},"loc":{"start":{"line":17,"column":52},"end":{"line":23,"column":1}},"line":17},"3":{"name":"(anonymous_3)","decl":{"start":{"line":24,"column":26},"end":{"line":24,"column":27}},"loc":{"start":{"line":24,"column":57},"end":{"line":30,"column":1}},"line":24},"4":{"name":"(anonymous_4)","decl":{"start":{"line":31,"column":29},"end":{"line":31,"column":30}},"loc":{"start":{"line":31,"column":52},"end":{"line":33,"column":1}},"line":31},"5":{"name":"(anonymous_5)","decl":{"start":{"line":35,"column":23},"end":{"line":35,"column":24}},"loc":{"start":{"line":35,"column":55},"end":{"line":41,"column":1}},"line":35},"6":{"name":"(anonymous_6)","decl":{"start":{"line":42,"column":32},"end":{"line":42,"column":33}},"loc":{"start":{"line":42,"column":80},"end":{"line":49,"column":1}},"line":42},"7":{"name":"(anonymous_7)","decl":{"start":{"line":51,"column":27},"end":{"line":51,"column":28}},"loc":{"start":{"line":51,"column":69},"end":{"line":58,"column":1}},"line":51}},"branchMap":{},"s":{"0":5,"1":0,"2":5,"3":0,"4":5,"5":0,"6":5,"7":0,"8":5,"9":0,"10":5,"11":0,"12":5,"13":0,"14":5,"15":0},"f":{"0":0,"1":0,"2":0,"3":0,"4":0,"5":0,"6":0,"7":0},"b":{},"_coverageSchema":"1a1c01bbd47fc00a2c39e90264f33305004495a9","hash":"887b4f5481e4e5fe3a575744bb9e6626a0fba1e0"}
,"/home/livesetup/Desktop/Desktop/Andela/ATLP Cohort 5/phantom-fe-techode/src/components/buttons/LebalButton.js": {"path":"/home/livesetup/Desktop/Desktop/Andela/ATLP Cohort 5/phantom-fe-techode/src/components/buttons/LebalButton.js","statementMap":{"0":{"start":{"line":2,"column":27},"end":{"line":8,"column":1}},"1":{"start":{"line":3,"column":4},"end":{"line":7,"column":7}},"2":{"start":{"line":10,"column":10},"end":{"line":10,"column":12}},"3":{"start":{"line":11,"column":20},"end":{"line":60,"column":1}},"4":{"start":{"line":12,"column":4},"end":{"line":59,"column":5}},"5":{"start":{"line":14,"column":12},"end":{"line":20,"column":14}},"6":{"start":{"line":22,"column":12},"end":{"line":28,"column":14}},"7":{"start":{"line":30,"column":12},"end":{"line":36,"column":14}},"8":{"start":{"line":38,"column":12},"end":{"line":44,"column":14}},"9":{"start":{"line":46,"column":12},"end":{"line":52,"column":14}},"10":{"start":{"line":54,"column":12},"end":{"line":58,"column":13}},"11":{"start":{"line":62,"column":31},"end":{"line":65,"column":1}},"12":{"start":{"line":63,"column":19},"end":{"line":63,"column":66}},"13":{"start":{"line":64,"column":4},"end":{"line":64,"column":20}}},"fnMap":{"0":{"name":"(anonymous_0)","decl":{"start":{"line":2,"column":27},"end":{"line":2,"column":28}},"loc":{"start":{"line":2,"column":55},"end":{"line":8,"column":1}},"line":2},"1":{"name":"(anonymous_1)","decl":{"start":{"line":11,"column":20},"end":{"line":11,"column":21}},"loc":{"start":{"line":11,"column":61},"end":{"line":60,"column":1}},"line":11},"2":{"name":"(anonymous_2)","decl":{"start":{"line":62,"column":31},"end":{"line":62,"column":32}},"loc":{"start":{"line":62,"column":92},"end":{"line":65,"column":1}},"line":62}},"branchMap":{"0":{"loc":{"start":{"line":11,"column":35},"end":{"line":11,"column":45}},"type":"default-arg","locations":[{"start":{"line":11,"column":43},"end":{"line":11,"column":45}}],"line":11},"1":{"loc":{"start":{"line":12,"column":4},"end":{"line":59,"column":5}},"type":"switch","locations":[{"start":{"line":13,"column":8},"end":{"line":20,"column":14}},{"start":{"line":21,"column":8},"end":{"line":28,"column":14}},{"start":{"line":29,"column":8},"end":{"line":36,"column":14}},{"start":{"line":37,"column":8},"end":{"line":44,"column":14}},{"start":{"line":45,"column":8},"end":{"line":52,"column":14}},{"start":{"line":53,"column":8},"end":{"line":58,"column":13}}],"line":12},"2":{"loc":{"start":{"line":56,"column":21},"end":{"line":56,"column":57}},"type":"cond-expr","locations":[{"start":{"line":56,"column":34},"end":{"line":56,"column":50}},{"start":{"line":56,"column":53},"end":{"line":56,"column":57}}],"line":56}},"s":{"0":3,"1":0,"2":3,"3":3,"4":0,"5":0,"6":0,"7":0,"8":0,"9":0,"10":0,"11":3,"12":0,"13":0},"f":{"0":0,"1":0,"2":0},"b":{"0":[0],"1":[0,0,0,0,0,0],"2":[0,0]},"_coverageSchema":"1a1c01bbd47fc00a2c39e90264f33305004495a9","hash":"f318c62767877b1ed58b8c6d4ba3f86d8805460f"}
,"/home/livesetup/Desktop/Desktop/Andela/ATLP Cohort 5/phantom-fe-techode/src/components/dashBoardLayout/DashBoardLayout.js": {"path":"/home/livesetup/Desktop/Desktop/Andela/ATLP Cohort 5/phantom-fe-techode/src/components/dashBoardLayout/DashBoardLayout.js","statementMap":{"0":{"start":{"line":8,"column":24},"end":{"line":58,"column":1}},"1":{"start":{"line":9,"column":35},"end":{"line":9,"column":49}},"2":{"start":{"line":10,"column":39},"end":{"line":10,"column":54}},"3":{"start":{"line":11,"column":36},"end":{"line":11,"column":63}},"4":{"start":{"line":13,"column":21},"end":{"line":13,"column":39}},"5":{"start":{"line":15,"column":8},"end":{"line":15,"column":36}},"6":{"start":{"line":16,"column":8},"end":{"line":16,"column":39}},"7":{"start":{"line":16,"column":21},"end":{"line":16,"column":39}},"8":{"start":{"line":18,"column":4},"end":{"line":26,"column":11}},"9":{"start":{"line":19,"column":12},"end":{"line":22,"column":16}},"10":{"start":{"line":20,"column":16},"end":{"line":20,"column":41}},"11":{"start":{"line":21,"column":16},"end":{"line":21,"column":48}},"12":{"start":{"line":23,"column":8},"end":{"line":25,"column":9}},"13":{"start":{"line":24,"column":12},"end":{"line":24,"column":73}},"14":{"start":{"line":28,"column":26},"end":{"line":31,"column":5}},"15":{"start":{"line":29,"column":19},"end":{"line":29,"column":27}},"16":{"start":{"line":30,"column":8},"end":{"line":30,"column":25}},"17":{"start":{"line":32,"column":4},"end":{"line":57,"column":6}}},"fnMap":{"0":{"name":"(anonymous_0)","decl":{"start":{"line":8,"column":24},"end":{"line":8,"column":25}},"loc":{"start":{"line":8,"column":42},"end":{"line":58,"column":1}},"line":8},"1":{"name":"handleWindowSizeChange","decl":{"start":{"line":14,"column":13},"end":{"line":14,"column":35}},"loc":{"start":{"line":14,"column":38},"end":{"line":17,"column":5}},"line":14},"2":{"name":"(anonymous_2)","decl":{"start":{"line":18,"column":14},"end":{"line":18,"column":15}},"loc":{"start":{"line":18,"column":20},"end":{"line":26,"column":5}},"line":18},"3":{"name":"(anonymous_3)","decl":{"start":{"line":19,"column":45},"end":{"line":19,"column":46}},"loc":{"start":{"line":19,"column":50},"end":{"line":22,"column":13}},"line":19},"4":{"name":"(anonymous_4)","decl":{"start":{"line":23,"column":15},"end":{"line":23,"column":16}},"loc":{"start":{"line":23,"column":21},"end":{"line":25,"column":9}},"line":23},"5":{"name":"(anonymous_5)","decl":{"start":{"line":28,"column":26},"end":{"line":28,"column":27}},"loc":{"start":{"line":28,"column":32},"end":{"line":31,"column":5}},"line":28}},"branchMap":{"0":{"loc":{"start":{"line":16,"column":8},"end":{"line":16,"column":39}},"type":"if","locations":[{"start":{"line":16,"column":8},"end":{"line":16,"column":39}},{"start":{},"end":{}}],"line":16},"1":{"loc":{"start":{"line":35,"column":52},"end":{"line":35,"column":126}},"type":"cond-expr","locations":[{"start":{"line":35,"column":70},"end":{"line":35,"column":100}},{"start":{"line":35,"column":104},"end":{"line":35,"column":126}}],"line":35},"2":{"loc":{"start":{"line":43,"column":73},"end":{"line":43,"column":138}},"type":"cond-expr","locations":[{"start":{"line":43,"column":91},"end":{"line":43,"column":123}},{"start":{"line":43,"column":127},"end":{"line":43,"column":138}}],"line":43}},"s":{"0":5,"1":0,"2":0,"3":0,"4":0,"5":0,"6":0,"7":0,"8":0,"9":0,"10":0,"11":0,"12":0,"13":0,"14":0,"15":0,"16":0,"17":0},"f":{"0":0,"1":0,"2":0,"3":0,"4":0,"5":0},"b":{"0":[0,0],"1":[0,0],"2":[0,0]},"_coverageSchema":"1a1c01bbd47fc00a2c39e90264f33305004495a9","hash":"846704480f000256ad8bc5f579fca47a5c0cbb5f"}
,"/home/livesetup/Desktop/Desktop/Andela/ATLP Cohort 5/phantom-fe-techode/src/components/fields/TextField.js": {"path":"/home/livesetup/Desktop/Desktop/Andela/ATLP Cohort 5/phantom-fe-techode/src/components/fields/TextField.js","statementMap":{"0":{"start":{"line":10,"column":18},"end":{"line":73,"column":1}},"1":{"start":{"line":11,"column":68},"end":{"line":11,"column":100}},"2":{"start":{"line":11,"column":89},"end":{"line":11,"column":99}},"3":{"start":{"line":12,"column":21},"end":{"line":12,"column":34}},"4":{"start":{"line":13,"column":19},"end":{"line":37,"column":6}},"5":{"start":{"line":29,"column":12},"end":{"line":29,"column":29}},"6":{"start":{"line":30,"column":12},"end":{"line":30,"column":44}},"7":{"start":{"line":31,"column":12},"end":{"line":34,"column":21}},"8":{"start":{"line":32,"column":16},"end":{"line":32,"column":45}},"9":{"start":{"line":33,"column":16},"end":{"line":33,"column":34}},"10":{"start":{"line":39,"column":4},"end":{"line":72,"column":7}}},"fnMap":{"0":{"name":"(anonymous_0)","decl":{"start":{"line":10,"column":18},"end":{"line":10,"column":19}},"loc":{"start":{"line":10,"column":38},"end":{"line":73,"column":1}},"line":10},"1":{"name":"(anonymous_1)","decl":{"start":{"line":11,"column":80},"end":{"line":11,"column":81}},"loc":{"start":{"line":11,"column":89},"end":{"line":11,"column":99}},"line":11},"2":{"name":"(anonymous_2)","decl":{"start":{"line":28,"column":18},"end":{"line":28,"column":19}},"loc":{"start":{"line":28,"column":30},"end":{"line":36,"column":9}},"line":28},"3":{"name":"(anonymous_3)","decl":{"start":{"line":31,"column":23},"end":{"line":31,"column":24}},"loc":{"start":{"line":31,"column":29},"end":{"line":34,"column":13}},"line":31}},"branchMap":{"0":{"loc":{"start":{"line":43,"column":37},"end":{"line":43,"column":86}},"type":"binary-expr","locations":[{"start":{"line":43,"column":37},"end":{"line":43,"column":60}},{"start":{"line":43,"column":64},"end":{"line":43,"column":86}}],"line":43},"1":{"loc":{"start":{"line":47,"column":37},"end":{"line":47,"column":88}},"type":"binary-expr","locations":[{"start":{"line":47,"column":37},"end":{"line":47,"column":61}},{"start":{"line":47,"column":65},"end":{"line":47,"column":88}}],"line":47},"2":{"loc":{"start":{"line":52,"column":25},"end":{"line":52,"column":74}},"type":"binary-expr","locations":[{"start":{"line":52,"column":25},"end":{"line":52,"column":48}},{"start":{"line":52,"column":52},"end":{"line":52,"column":74}}],"line":52},"3":{"loc":{"start":{"line":59,"column":21},"end":{"line":59,"column":64}},"type":"binary-expr","locations":[{"start":{"line":59,"column":21},"end":{"line":59,"column":41}},{"start":{"line":59,"column":45},"end":{"line":59,"column":64}}],"line":59},"4":{"loc":{"start":{"line":65,"column":25},"end":{"line":65,"column":68}},"type":"binary-expr","locations":[{"start":{"line":65,"column":25},"end":{"line":65,"column":45}},{"start":{"line":65,"column":49},"end":{"line":65,"column":68}}],"line":65}},"s":{"0":2,"1":0,"2":0,"3":0,"4":0,"5":0,"6":0,"7":0,"8":0,"9":0,"10":0},"f":{"0":0,"1":0,"2":0,"3":0},"b":{"0":[0,0],"1":[0,0],"2":[0,0],"3":[0,0],"4":[0,0]},"_coverageSchema":"1a1c01bbd47fc00a2c39e90264f33305004495a9","hash":"d9f72f015d5946cf51e8194a042b26a3a0553f63"}
,"/home/livesetup/Desktop/Desktop/Andela/ATLP Cohort 5/phantom-fe-techode/src/components/header/DashBoardHeader.js": {"path":"/home/livesetup/Desktop/Desktop/Andela/ATLP Cohort 5/phantom-fe-techode/src/components/header/DashBoardHeader.js","statementMap":{"0":{"start":{"line":8,"column":24},"end":{"line":34,"column":1}},"1":{"start":{"line":9,"column":21},"end":{"line":9,"column":33}},"2":{"start":{"line":12,"column":10},"end":{"line":12,"column":44}},"3":{"start":{"line":12,"column":33},"end":{"line":12,"column":43}},"4":{"start":{"line":13,"column":23},"end":{"line":13,"column":36}},"5":{"start":{"line":14,"column":4},"end":{"line":33,"column":6}},"6":{"start":{"line":16,"column":65},"end":{"line":16,"column":71}},"7":{"start":{"line":27,"column":114},"end":{"line":27,"column":139}}},"fnMap":{"0":{"name":"(anonymous_0)","decl":{"start":{"line":8,"column":24},"end":{"line":8,"column":25}},"loc":{"start":{"line":8,"column":47},"end":{"line":34,"column":1}},"line":8},"1":{"name":"(anonymous_1)","decl":{"start":{"line":12,"column":22},"end":{"line":12,"column":23}},"loc":{"start":{"line":12,"column":33},"end":{"line":12,"column":43}},"line":12},"2":{"name":"(anonymous_2)","decl":{"start":{"line":16,"column":59},"end":{"line":16,"column":60}},"loc":{"start":{"line":16,"column":65},"end":{"line":16,"column":71}},"line":16},"3":{"name":"(anonymous_3)","decl":{"start":{"line":27,"column":108},"end":{"line":27,"column":109}},"loc":{"start":{"line":27,"column":114},"end":{"line":27,"column":139}},"line":27}},"branchMap":{"0":{"loc":{"start":{"line":29,"column":30},"end":{"line":29,"column":70}},"type":"cond-expr","locations":[{"start":{"line":29,"column":46},"end":{"line":29,"column":60}},{"start":{"line":29,"column":63},"end":{"line":29,"column":70}}],"line":29}},"s":{"0":5,"1":0,"2":0,"3":0,"4":0,"5":0,"6":0,"7":0},"f":{"0":0,"1":0,"2":0,"3":0},"b":{"0":[0,0]},"_coverageSchema":"1a1c01bbd47fc00a2c39e90264f33305004495a9","hash":"70c526f3c24df28d159fca9b13d335ef5483dc5b"}
,"/home/livesetup/Desktop/Desktop/Andela/ATLP Cohort 5/phantom-fe-techode/src/components/icons/Icons.js": {"path":"/home/livesetup/Desktop/Desktop/Andela/ATLP Cohort 5/phantom-fe-techode/src/components/icons/Icons.js","statementMap":{"0":{"start":{"line":6,"column":16},"end":{"line":10,"column":2}},"1":{"start":{"line":12,"column":23},"end":{"line":16,"column":2}},"2":{"start":{"line":18,"column":23},"end":{"line":22,"column":2}}},"fnMap":{},"branchMap":{},"s":{"0":2,"1":2,"2":2},"f":{},"b":{},"_coverageSchema":"1a1c01bbd47fc00a2c39e90264f33305004495a9","hash":"dd6ebf01cd01b54dd140f8b939bf38eaba8fe5b1"}
,"/home/livesetup/Desktop/Desktop/Andela/ATLP Cohort 5/phantom-fe-techode/src/components/inputs/SearchInput.js": {"path":"/home/livesetup/Desktop/Desktop/Andela/ATLP Cohort 5/phantom-fe-techode/src/components/inputs/SearchInput.js","statementMap":{},"fnMap":{},"branchMap":{},"s":{},"f":{},"b":{}}
,"/home/livesetup/Desktop/Desktop/Andela/ATLP Cohort 5/phantom-fe-techode/src/components/links/Links.js": {"path":"/home/livesetup/Desktop/Desktop/Andela/ATLP Cohort 5/phantom-fe-techode/src/components/links/Links.js","statementMap":{"0":{"start":{"line":5,"column":14},"end":{"line":16,"column":1}},"1":{"start":{"line":6,"column":4},"end":{"line":15,"column":7}}},"fnMap":{"0":{"name":"(anonymous_0)","decl":{"start":{"line":5,"column":14},"end":{"line":5,"column":15}},"loc":{"start":{"line":5,"column":54},"end":{"line":16,"column":1}},"line":5}},"branchMap":{},"s":{"0":5,"1":0},"f":{"0":0},"b":{},"_coverageSchema":"1a1c01bbd47fc00a2c39e90264f33305004495a9","hash":"63c660e0d580a212d2181533894c90f4ba7b646d"}
,"/home/livesetup/Desktop/Desktop/Andela/ATLP Cohort 5/phantom-fe-techode/src/components/passwordReset/newpassword.js": {"path":"/home/livesetup/Desktop/Desktop/Andela/ATLP Cohort 5/phantom-fe-techode/src/components/passwordReset/newpassword.js","statementMap":{"0":{"start":{"line":17,"column":18},"end":{"line":17,"column":30}},"1":{"start":{"line":18,"column":17},"end":{"line":35,"column":4}},"2":{"start":{"line":30,"column":6},"end":{"line":30,"column":34}},"3":{"start":{"line":31,"column":6},"end":{"line":33,"column":14}},"4":{"start":{"line":32,"column":8},"end":{"line":32,"column":31}},"5":{"start":{"line":37,"column":32},"end":{"line":37,"column":46}},"6":{"start":{"line":39,"column":4},"end":{"line":43,"column":10}},"7":{"start":{"line":40,"column":6},"end":{"line":42,"column":14}},"8":{"start":{"line":41,"column":8},"end":{"line":41,"column":26}},"9":{"start":{"line":45,"column":2},"end":{"line":162,"column":4}}},"fnMap":{"0":{"name":"NewPassword","decl":{"start":{"line":16,"column":24},"end":{"line":16,"column":35}},"loc":{"start":{"line":16,"column":38},"end":{"line":163,"column":1}},"line":16},"1":{"name":"(anonymous_1)","decl":{"start":{"line":29,"column":14},"end":{"line":29,"column":15}},"loc":{"start":{"line":29,"column":26},"end":{"line":34,"column":5}},"line":29},"2":{"name":"(anonymous_2)","decl":{"start":{"line":31,"column":17},"end":{"line":31,"column":18}},"loc":{"start":{"line":31,"column":23},"end":{"line":33,"column":7}},"line":31},"3":{"name":"(anonymous_3)","decl":{"start":{"line":39,"column":14},"end":{"line":39,"column":15}},"loc":{"start":{"line":39,"column":20},"end":{"line":43,"column":5}},"line":39},"4":{"name":"(anonymous_4)","decl":{"start":{"line":40,"column":17},"end":{"line":40,"column":18}},"loc":{"start":{"line":40,"column":23},"end":{"line":42,"column":7}},"line":40}},"branchMap":{"0":{"loc":{"start":{"line":83,"column":21},"end":{"line":83,"column":68}},"type":"binary-expr","locations":[{"start":{"line":83,"column":21},"end":{"line":83,"column":43}},{"start":{"line":83,"column":47},"end":{"line":83,"column":68}}],"line":83},"1":{"loc":{"start":{"line":101,"column":21},"end":{"line":101,"column":70}},"type":"binary-expr","locations":[{"start":{"line":101,"column":21},"end":{"line":101,"column":44}},{"start":{"line":101,"column":48},"end":{"line":101,"column":70}}],"line":101},"2":{"loc":{"start":{"line":112,"column":11},"end":{"line":112,"column":43}},"type":"binary-expr","locations":[{"start":{"line":112,"column":11},"end":{"line":112,"column":18}},{"start":{"line":112,"column":24},"end":{"line":112,"column":42}}],"line":112},"3":{"loc":{"start":{"line":113,"column":13},"end":{"line":156,"column":13}},"type":"binary-expr","locations":[{"start":{"line":113,"column":13},"end":{"line":113,"column":21}},{"start":{"line":114,"column":16},"end":{"line":155,"column":22}}],"line":113}},"s":{"0":2,"1":2,"2":0,"3":0,"4":0,"5":2,"6":2,"7":0,"8":0,"9":2},"f":{"0":2,"1":0,"2":0,"3":0,"4":0},"b":{"0":[2,0],"1":[2,0],"2":[2,2],"3":[2,0]},"_coverageSchema":"1a1c01bbd47fc00a2c39e90264f33305004495a9","hash":"e0a7b79eb4a77a3a33aad99f9f481a37d97a0468"}
,"/home/livesetup/Desktop/Desktop/Andela/ATLP Cohort 5/phantom-fe-techode/src/components/passwordReset/passwordereset.js": {"path":"/home/livesetup/Desktop/Desktop/Andela/ATLP Cohort 5/phantom-fe-techode/src/components/passwordReset/passwordereset.js","statementMap":{"0":{"start":{"line":11,"column":18},"end":{"line":11,"column":30}},"1":{"start":{"line":12,"column":28},"end":{"line":12,"column":40}},"2":{"start":{"line":13,"column":19},"end":{"line":15,"column":3}},"3":{"start":{"line":14,"column":4},"end":{"line":14,"column":29}},"4":{"start":{"line":16,"column":32},"end":{"line":16,"column":47}},"5":{"start":{"line":17,"column":19},"end":{"line":19,"column":4}},"6":{"start":{"line":20,"column":17},"end":{"line":34,"column":6}},"7":{"start":{"line":28,"column":12},"end":{"line":28,"column":29}},"8":{"start":{"line":29,"column":12},"end":{"line":32,"column":21}},"9":{"start":{"line":30,"column":16},"end":{"line":30,"column":34}},"10":{"start":{"line":31,"column":16},"end":{"line":31,"column":41}},"11":{"start":{"line":35,"column":2},"end":{"line":97,"column":4}}},"fnMap":{"0":{"name":"PasswordReset","decl":{"start":{"line":10,"column":24},"end":{"line":10,"column":37}},"loc":{"start":{"line":10,"column":40},"end":{"line":98,"column":1}},"line":10},"1":{"name":"(anonymous_1)","decl":{"start":{"line":13,"column":19},"end":{"line":13,"column":20}},"loc":{"start":{"line":13,"column":26},"end":{"line":15,"column":3}},"line":13},"2":{"name":"(anonymous_2)","decl":{"start":{"line":27,"column":18},"end":{"line":27,"column":19}},"loc":{"start":{"line":27,"column":30},"end":{"line":33,"column":9}},"line":27},"3":{"name":"(anonymous_3)","decl":{"start":{"line":29,"column":23},"end":{"line":29,"column":24}},"loc":{"start":{"line":29,"column":29},"end":{"line":32,"column":13}},"line":29}},"branchMap":{"0":{"loc":{"start":{"line":65,"column":33},"end":{"line":67,"column":40}},"type":"cond-expr","locations":[{"start":{"line":66,"column":36},"end":{"line":66,"column":101}},{"start":{"line":67,"column":36},"end":{"line":67,"column":40}}],"line":65},"1":{"loc":{"start":{"line":65,"column":33},"end":{"line":65,"column":76}},"type":"binary-expr","locations":[{"start":{"line":65,"column":33},"end":{"line":65,"column":53}},{"start":{"line":65,"column":57},"end":{"line":65,"column":76}}],"line":65}},"s":{"0":1,"1":1,"2":1,"3":0,"4":1,"5":1,"6":1,"7":0,"8":0,"9":0,"10":0,"11":1},"f":{"0":1,"1":0,"2":0,"3":0},"b":{"0":[0,1],"1":[1,0]},"_coverageSchema":"1a1c01bbd47fc00a2c39e90264f33305004495a9","hash":"c2e1cd23d144ed1f176bbe482bc00ba972fead64"}
,"/home/livesetup/Desktop/Desktop/Andela/ATLP Cohort 5/phantom-fe-techode/src/components/roles/Roles.js": {"path":"/home/livesetup/Desktop/Desktop/Andela/ATLP Cohort 5/phantom-fe-techode/src/components/roles/Roles.js","statementMap":{"0":{"start":{"line":24,"column":14},"end":{"line":489,"column":1}},"1":{"start":{"line":25,"column":32},"end":{"line":25,"column":46}},"2":{"start":{"line":26,"column":42},"end":{"line":26,"column":57}},"3":{"start":{"line":27,"column":34},"end":{"line":27,"column":46}},"4":{"start":{"line":28,"column":54},"end":{"line":28,"column":69}},"5":{"start":{"line":29,"column":58},"end":{"line":29,"column":73}},"6":{"start":{"line":30,"column":46},"end":{"line":30,"column":58}},"7":{"start":{"line":31,"column":51},"end":{"line":31,"column":66}},"8":{"start":{"line":32,"column":54},"end":{"line":32,"column":66}},"9":{"start":{"line":33,"column":31},"end":{"line":33,"column":43}},"10":{"start":{"line":34,"column":42},"end":{"line":34,"column":54}},"11":{"start":{"line":35,"column":85},"end":{"line":35,"column":90}},"12":{"start":{"line":37,"column":2},"end":{"line":41,"column":6}},"13":{"start":{"line":38,"column":4},"end":{"line":40,"column":12}},"14":{"start":{"line":39,"column":8},"end":{"line":39,"column":25}},"15":{"start":{"line":44,"column":20},"end":{"line":44,"column":21}},"16":{"start":{"line":45,"column":26},"end":{"line":45,"column":27}},"17":{"start":{"line":46,"column":16},"end":{"line":46,"column":27}},"18":{"start":{"line":47,"column":22},"end":{"line":47,"column":39}},"19":{"start":{"line":50,"column":22},"end":{"line":53,"column":3}},"20":{"start":{"line":51,"column":19},"end":{"line":51,"column":32}},"21":{"start":{"line":52,"column":4},"end":{"line":52,"column":30}},"22":{"start":{"line":54,"column":32},"end":{"line":57,"column":3}},"23":{"start":{"line":55,"column":26},"end":{"line":55,"column":45}},"24":{"start":{"line":56,"column":4},"end":{"line":56,"column":43}},"25":{"start":{"line":58,"column":32},"end":{"line":62,"column":3}},"26":{"start":{"line":59,"column":4},"end":{"line":59,"column":20}},"27":{"start":{"line":60,"column":22},"end":{"line":60,"column":40}},"28":{"start":{"line":61,"column":4},"end":{"line":61,"column":37}},"29":{"start":{"line":64,"column":21},"end":{"line":85,"column":3}},"30":{"start":{"line":65,"column":4},"end":{"line":65,"column":23}},"31":{"start":{"line":68,"column":4},"end":{"line":68,"column":80}},"32":{"start":{"line":68,"column":38},"end":{"line":68,"column":80}},"33":{"start":{"line":71,"column":22},"end":{"line":71,"column":69}},"34":{"start":{"line":71,"column":44},"end":{"line":71,"column":68}},"35":{"start":{"line":73,"column":4},"end":{"line":80,"column":5}},"36":{"start":{"line":74,"column":6},"end":{"line":74,"column":39}},"37":{"start":{"line":76,"column":6},"end":{"line":76,"column":24}},"38":{"start":{"line":77,"column":7},"end":{"line":77,"column":21}},"39":{"start":{"line":79,"column":6},"end":{"line":79,"column":47}},"40":{"start":{"line":82,"column":4},"end":{"line":82,"column":20}},"41":{"start":{"line":87,"column":27},"end":{"line":98,"column":3}},"42":{"start":{"line":88,"column":4},"end":{"line":88,"column":23}},"43":{"start":{"line":91,"column":4},"end":{"line":91,"column":92}},"44":{"start":{"line":91,"column":44},"end":{"line":91,"column":92}},"45":{"start":{"line":94,"column":4},"end":{"line":94,"column":34}},"46":{"start":{"line":95,"column":4},"end":{"line":97,"column":13}},"47":{"start":{"line":96,"column":6},"end":{"line":96,"column":30}},"48":{"start":{"line":100,"column":30},"end":{"line":103,"column":3}},"49":{"start":{"line":101,"column":4},"end":{"line":101,"column":32}},"50":{"start":{"line":102,"column":4},"end":{"line":102,"column":53}},"51":{"start":{"line":104,"column":30},"end":{"line":113,"column":3}},"52":{"start":{"line":105,"column":4},"end":{"line":105,"column":23}},"53":{"start":{"line":110,"column":4},"end":{"line":110,"column":54}},"54":{"start":{"line":111,"column":4},"end":{"line":111,"column":28}},"55":{"start":{"line":112,"column":4},"end":{"line":112,"column":51}},"56":{"start":{"line":115,"column":38},"end":{"line":120,"column":3}},"57":{"start":{"line":116,"column":22},"end":{"line":116,"column":43}},"58":{"start":{"line":117,"column":4},"end":{"line":117,"column":41}},"59":{"start":{"line":118,"column":4},"end":{"line":118,"column":34}},"60":{"start":{"line":119,"column":4},"end":{"line":119,"column":23}},"61":{"start":{"line":122,"column":27},"end":{"line":127,"column":3}},"62":{"start":{"line":123,"column":4},"end":{"line":123,"column":23}},"63":{"start":{"line":124,"column":4},"end":{"line":126,"column":13}},"64":{"start":{"line":125,"column":6},"end":{"line":125,"column":36}},"65":{"start":{"line":129,"column":35},"end":{"line":135,"column":3}},"66":{"start":{"line":130,"column":4},"end":{"line":130,"column":57}},"67":{"start":{"line":131,"column":4},"end":{"line":133,"column":13}},"68":{"start":{"line":132,"column":6},"end":{"line":132,"column":36}},"69":{"start":{"line":134,"column":4},"end":{"line":134,"column":53}},"70":{"start":{"line":137,"column":2},"end":{"line":488,"column":4}},"71":{"start":{"line":170,"column":31},"end":{"line":170,"column":50}},"72":{"start":{"line":176,"column":34},"end":{"line":176,"column":81}},"73":{"start":{"line":205,"column":29},"end":{"line":205,"column":52}},"74":{"start":{"line":217,"column":16},"end":{"line":223,"column":18}},"75":{"start":{"line":222,"column":33},"end":{"line":222,"column":69}},"76":{"start":{"line":234,"column":32},"end":{"line":234,"column":73}},"77":{"start":{"line":262,"column":29},"end":{"line":262,"column":52}},"78":{"start":{"line":273,"column":31},"end":{"line":273,"column":50}},"79":{"start":{"line":285,"column":37},"end":{"line":285,"column":70}},"80":{"start":{"line":292,"column":34},"end":{"line":292,"column":75}},"81":{"start":{"line":316,"column":29},"end":{"line":316,"column":42}},"82":{"start":{"line":327,"column":31},"end":{"line":327,"column":44}},"83":{"start":{"line":339,"column":37},"end":{"line":339,"column":64}},"84":{"start":{"line":346,"column":34},"end":{"line":346,"column":65}},"85":{"start":{"line":391,"column":18},"end":{"line":427,"column":23}},"86":{"start":{"line":405,"column":26},"end":{"line":412,"column":28}},"87":{"start":{"line":408,"column":43},"end":{"line":408,"column":94}},"88":{"start":{"line":418,"column":41},"end":{"line":418,"column":71}},"89":{"start":{"line":424,"column":85},"end":{"line":424,"column":104}},"90":{"start":{"line":469,"column":18},"end":{"line":479,"column":23}},"91":{"start":{"line":491,"column":19},"end":{"line":496,"column":1}},"92":{"start":{"line":492,"column":1},"end":{"line":495,"column":2}}},"fnMap":{"0":{"name":"(anonymous_0)","decl":{"start":{"line":24,"column":14},"end":{"line":24,"column":15}},"loc":{"start":{"line":24,"column":25},"end":{"line":489,"column":1}},"line":24},"1":{"name":"(anonymous_1)","decl":{"start":{"line":37,"column":13},"end":{"line":37,"column":14}},"loc":{"start":{"line":37,"column":18},"end":{"line":41,"column":1}},"line":37},"2":{"name":"(anonymous_2)","decl":{"start":{"line":38,"column":15},"end":{"line":38,"column":16}},"loc":{"start":{"line":38,"column":19},"end":{"line":40,"column":5}},"line":38},"3":{"name":"(anonymous_3)","decl":{"start":{"line":50,"column":22},"end":{"line":50,"column":23}},"loc":{"start":{"line":50,"column":28},"end":{"line":53,"column":3}},"line":50},"4":{"name":"(anonymous_4)","decl":{"start":{"line":54,"column":32},"end":{"line":54,"column":33}},"loc":{"start":{"line":54,"column":38},"end":{"line":57,"column":3}},"line":54},"5":{"name":"(anonymous_5)","decl":{"start":{"line":58,"column":32},"end":{"line":58,"column":33}},"loc":{"start":{"line":58,"column":42},"end":{"line":62,"column":3}},"line":58},"6":{"name":"(anonymous_6)","decl":{"start":{"line":64,"column":21},"end":{"line":64,"column":22}},"loc":{"start":{"line":64,"column":28},"end":{"line":85,"column":3}},"line":64},"7":{"name":"(anonymous_7)","decl":{"start":{"line":71,"column":33},"end":{"line":71,"column":34}},"loc":{"start":{"line":71,"column":44},"end":{"line":71,"column":68}},"line":71},"8":{"name":"(anonymous_8)","decl":{"start":{"line":87,"column":27},"end":{"line":87,"column":28}},"loc":{"start":{"line":87,"column":34},"end":{"line":98,"column":3}},"line":87},"9":{"name":"(anonymous_9)","decl":{"start":{"line":95,"column":15},"end":{"line":95,"column":16}},"loc":{"start":{"line":95,"column":21},"end":{"line":97,"column":5}},"line":95},"10":{"name":"(anonymous_10)","decl":{"start":{"line":100,"column":30},"end":{"line":100,"column":31}},"loc":{"start":{"line":100,"column":40},"end":{"line":103,"column":3}},"line":100},"11":{"name":"(anonymous_11)","decl":{"start":{"line":104,"column":30},"end":{"line":104,"column":31}},"loc":{"start":{"line":104,"column":37},"end":{"line":113,"column":3}},"line":104},"12":{"name":"(anonymous_12)","decl":{"start":{"line":115,"column":38},"end":{"line":115,"column":39}},"loc":{"start":{"line":115,"column":65},"end":{"line":120,"column":3}},"line":115},"13":{"name":"(anonymous_13)","decl":{"start":{"line":122,"column":27},"end":{"line":122,"column":28}},"loc":{"start":{"line":122,"column":34},"end":{"line":127,"column":3}},"line":122},"14":{"name":"(anonymous_14)","decl":{"start":{"line":124,"column":15},"end":{"line":124,"column":16}},"loc":{"start":{"line":124,"column":21},"end":{"line":126,"column":5}},"line":124},"15":{"name":"(anonymous_15)","decl":{"start":{"line":129,"column":35},"end":{"line":129,"column":36}},"loc":{"start":{"line":129,"column":41},"end":{"line":135,"column":3}},"line":129},"16":{"name":"(anonymous_16)","decl":{"start":{"line":131,"column":15},"end":{"line":131,"column":16}},"loc":{"start":{"line":131,"column":21},"end":{"line":133,"column":5}},"line":131},"17":{"name":"(anonymous_17)","decl":{"start":{"line":170,"column":24},"end":{"line":170,"column":25}},"loc":{"start":{"line":170,"column":31},"end":{"line":170,"column":50}},"line":170},"18":{"name":"(anonymous_18)","decl":{"start":{"line":176,"column":27},"end":{"line":176,"column":28}},"loc":{"start":{"line":176,"column":34},"end":{"line":176,"column":81}},"line":176},"19":{"name":"(anonymous_19)","decl":{"start":{"line":205,"column":23},"end":{"line":205,"column":24}},"loc":{"start":{"line":205,"column":29},"end":{"line":205,"column":52}},"line":205},"20":{"name":"(anonymous_20)","decl":{"start":{"line":216,"column":31},"end":{"line":216,"column":32}},"loc":{"start":{"line":217,"column":16},"end":{"line":223,"column":18}},"line":217},"21":{"name":"(anonymous_21)","decl":{"start":{"line":222,"column":27},"end":{"line":222,"column":28}},"loc":{"start":{"line":222,"column":33},"end":{"line":222,"column":69}},"line":222},"22":{"name":"(anonymous_22)","decl":{"start":{"line":234,"column":25},"end":{"line":234,"column":26}},"loc":{"start":{"line":234,"column":32},"end":{"line":234,"column":73}},"line":234},"23":{"name":"(anonymous_23)","decl":{"start":{"line":262,"column":23},"end":{"line":262,"column":24}},"loc":{"start":{"line":262,"column":29},"end":{"line":262,"column":52}},"line":262},"24":{"name":"(anonymous_24)","decl":{"start":{"line":273,"column":24},"end":{"line":273,"column":25}},"loc":{"start":{"line":273,"column":31},"end":{"line":273,"column":50}},"line":273},"25":{"name":"(anonymous_25)","decl":{"start":{"line":285,"column":30},"end":{"line":285,"column":31}},"loc":{"start":{"line":285,"column":37},"end":{"line":285,"column":70}},"line":285},"26":{"name":"(anonymous_26)","decl":{"start":{"line":292,"column":27},"end":{"line":292,"column":28}},"loc":{"start":{"line":292,"column":34},"end":{"line":292,"column":75}},"line":292},"27":{"name":"(anonymous_27)","decl":{"start":{"line":316,"column":23},"end":{"line":316,"column":24}},"loc":{"start":{"line":316,"column":29},"end":{"line":316,"column":42}},"line":316},"28":{"name":"(anonymous_28)","decl":{"start":{"line":327,"column":24},"end":{"line":327,"column":25}},"loc":{"start":{"line":327,"column":31},"end":{"line":327,"column":44}},"line":327},"29":{"name":"(anonymous_29)","decl":{"start":{"line":339,"column":30},"end":{"line":339,"column":31}},"loc":{"start":{"line":339,"column":37},"end":{"line":339,"column":64}},"line":339},"30":{"name":"(anonymous_30)","decl":{"start":{"line":346,"column":27},"end":{"line":346,"column":28}},"loc":{"start":{"line":346,"column":34},"end":{"line":346,"column":65}},"line":346},"31":{"name":"(anonymous_31)","decl":{"start":{"line":390,"column":27},"end":{"line":390,"column":28}},"loc":{"start":{"line":391,"column":18},"end":{"line":427,"column":23}},"line":391},"32":{"name":"(anonymous_32)","decl":{"start":{"line":403,"column":46},"end":{"line":403,"column":47}},"loc":{"start":{"line":405,"column":26},"end":{"line":412,"column":28}},"line":405},"33":{"name":"(anonymous_33)","decl":{"start":{"line":408,"column":37},"end":{"line":408,"column":38}},"loc":{"start":{"line":408,"column":43},"end":{"line":408,"column":94}},"line":408},"34":{"name":"(anonymous_34)","decl":{"start":{"line":418,"column":35},"end":{"line":418,"column":36}},"loc":{"start":{"line":418,"column":41},"end":{"line":418,"column":71}},"line":418},"35":{"name":"(anonymous_35)","decl":{"start":{"line":424,"column":79},"end":{"line":424,"column":80}},"loc":{"start":{"line":424,"column":85},"end":{"line":424,"column":104}},"line":424},"36":{"name":"(anonymous_36)","decl":{"start":{"line":468,"column":33},"end":{"line":468,"column":34}},"loc":{"start":{"line":469,"column":18},"end":{"line":479,"column":23}},"line":469},"37":{"name":"(anonymous_37)","decl":{"start":{"line":491,"column":19},"end":{"line":491,"column":20}},"loc":{"start":{"line":491,"column":30},"end":{"line":496,"column":1}},"line":491}},"branchMap":{"0":{"loc":{"start":{"line":68,"column":4},"end":{"line":68,"column":80}},"type":"if","locations":[{"start":{"line":68,"column":4},"end":{"line":68,"column":80}},{"start":{},"end":{}}],"line":68},"1":{"loc":{"start":{"line":73,"column":4},"end":{"line":80,"column":5}},"type":"if","locations":[{"start":{"line":73,"column":4},"end":{"line":80,"column":5}},{"start":{"line":75,"column":11},"end":{"line":80,"column":5}}],"line":73},"2":{"loc":{"start":{"line":91,"column":4},"end":{"line":91,"column":92}},"type":"if","locations":[{"start":{"line":91,"column":4},"end":{"line":91,"column":92}},{"start":{},"end":{}}],"line":91},"3":{"loc":{"start":{"line":154,"column":10},"end":{"line":154,"column":60}},"type":"cond-expr","locations":[{"start":{"line":154,"column":42},"end":{"line":154,"column":49}},{"start":{"line":154,"column":52},"end":{"line":154,"column":60}}],"line":154},"4":{"loc":{"start":{"line":195,"column":10},"end":{"line":195,"column":57}},"type":"cond-expr","locations":[{"start":{"line":195,"column":39},"end":{"line":195,"column":46}},{"start":{"line":195,"column":49},"end":{"line":195,"column":57}}],"line":195},"5":{"loc":{"start":{"line":252,"column":10},"end":{"line":252,"column":58}},"type":"cond-expr","locations":[{"start":{"line":252,"column":40},"end":{"line":252,"column":47}},{"start":{"line":252,"column":50},"end":{"line":252,"column":58}}],"line":252},"6":{"loc":{"start":{"line":306,"column":10},"end":{"line":306,"column":52}},"type":"cond-expr","locations":[{"start":{"line":306,"column":34},"end":{"line":306,"column":41}},{"start":{"line":306,"column":44},"end":{"line":306,"column":52}}],"line":306},"7":{"loc":{"start":{"line":372,"column":13},"end":{"line":372,"column":47}},"type":"binary-expr","locations":[{"start":{"line":372,"column":13},"end":{"line":372,"column":20}},{"start":{"line":372,"column":25},"end":{"line":372,"column":46}}],"line":372},"8":{"loc":{"start":{"line":373,"column":21},"end":{"line":432,"column":21}},"type":"binary-expr","locations":[{"start":{"line":373,"column":21},"end":{"line":373,"column":29}},{"start":{"line":374,"column":20},"end":{"line":431,"column":15}}],"line":373},"9":{"loc":{"start":{"line":453,"column":13},"end":{"line":453,"column":52}},"type":"binary-expr","locations":[{"start":{"line":453,"column":13},"end":{"line":453,"column":20}},{"start":{"line":453,"column":25},"end":{"line":453,"column":51}}],"line":453},"10":{"loc":{"start":{"line":454,"column":17},"end":{"line":483,"column":16}},"type":"binary-expr","locations":[{"start":{"line":454,"column":17},"end":{"line":454,"column":25}},{"start":{"line":455,"column":16},"end":{"line":483,"column":15}}],"line":454}},"s":{"0":2,"1":4,"2":4,"3":4,"4":4,"5":4,"6":4,"7":4,"8":4,"9":4,"10":4,"11":4,"12":4,"13":0,"14":0,"15":4,"16":4,"17":4,"18":4,"19":4,"20":0,"21":0,"22":4,"23":0,"24":0,"25":4,"26":0,"27":0,"28":0,"29":4,"30":0,"31":0,"32":0,"33":0,"34":0,"35":0,"36":0,"37":0,"38":0,"39":0,"40":0,"41":4,"42":0,"43":0,"44":0,"45":0,"46":0,"47":0,"48":4,"49":0,"50":0,"51":4,"52":0,"53":0,"54":0,"55":0,"56":4,"57":0,"58":0,"59":0,"60":0,"61":4,"62":0,"63":0,"64":0,"65":4,"66":0,"67":0,"68":0,"69":0,"70":4,"71":0,"72":0,"73":0,"74":16,"75":0,"76":0,"77":0,"78":0,"79":0,"80":0,"81":0,"82":0,"83":0,"84":0,"85":0,"86":0,"87":0,"88":0,"89":0,"90":0,"91":2,"92":4},"f":{"0":4,"1":0,"2":0,"3":0,"4":0,"5":0,"6":0,"7":0,"8":0,"9":0,"10":0,"11":0,"12":0,"13":0,"14":0,"15":0,"16":0,"17":0,"18":0,"19":0,"20":16,"21":0,"22":0,"23":0,"24":0,"25":0,"26":0,"27":0,"28":0,"29":0,"30":0,"31":0,"32":0,"33":0,"34":0,"35":0,"36":0,"37":4},"b":{"0":[0,0],"1":[0,0],"2":[0,0],"3":[0,4],"4":[0,4],"5":[0,4],"6":[0,4],"7":[4,4],"8":[4,0],"9":[4,4],"10":[4,0]},"_coverageSchema":"1a1c01bbd47fc00a2c39e90264f33305004495a9","hash":"a360ab691094b5cec440e6dc0e9a8072af7d7b40"}
,"/home/livesetup/Desktop/Desktop/Andela/ATLP Cohort 5/phantom-fe-techode/src/components/sidebar/SideBar.js": {"path":"/home/livesetup/Desktop/Desktop/Andela/ATLP Cohort 5/phantom-fe-techode/src/components/sidebar/SideBar.js","statementMap":{"0":{"start":{"line":16,"column":16},"end":{"line":96,"column":1}},"1":{"start":{"line":18,"column":21},"end":{"line":18,"column":34}},"2":{"start":{"line":19,"column":31},"end":{"line":19,"column":35}},"3":{"start":{"line":20,"column":21},"end":{"line":57,"column":5}},"4":{"start":{"line":59,"column":25},"end":{"line":70,"column":5}},"5":{"start":{"line":60,"column":8},"end":{"line":69,"column":9}},"6":{"start":{"line":61,"column":12},"end":{"line":68,"column":14}},"7":{"start":{"line":71,"column":4},"end":{"line":71,"column":19}},"8":{"start":{"line":72,"column":4},"end":{"line":95,"column":6}},"9":{"start":{"line":89,"column":28},"end":{"line":89,"column":189}},"10":{"start":{"line":98,"column":19},"end":{"line":102,"column":1}},"11":{"start":{"line":99,"column":4},"end":{"line":101,"column":5}}},"fnMap":{"0":{"name":"(anonymous_0)","decl":{"start":{"line":16,"column":16},"end":{"line":16,"column":17}},"loc":{"start":{"line":16,"column":36},"end":{"line":96,"column":1}},"line":16},"1":{"name":"(anonymous_1)","decl":{"start":{"line":59,"column":25},"end":{"line":59,"column":26}},"loc":{"start":{"line":59,"column":30},"end":{"line":70,"column":5}},"line":59},"2":{"name":"(anonymous_2)","decl":{"start":{"line":88,"column":38},"end":{"line":88,"column":39}},"loc":{"start":{"line":89,"column":28},"end":{"line":89,"column":189}},"line":89},"3":{"name":"(anonymous_3)","decl":{"start":{"line":98,"column":19},"end":{"line":98,"column":20}},"loc":{"start":{"line":98,"column":30},"end":{"line":102,"column":1}},"line":98}},"branchMap":{"0":{"loc":{"start":{"line":22,"column":23},"end":{"line":22,"column":92}},"type":"cond-expr","locations":[{"start":{"line":22,"column":72},"end":{"line":22,"column":83}},{"start":{"line":22,"column":86},"end":{"line":22,"column":92}}],"line":22},"1":{"loc":{"start":{"line":22,"column":23},"end":{"line":22,"column":68}},"type":"binary-expr","locations":[{"start":{"line":22,"column":23},"end":{"line":22,"column":42}},{"start":{"line":22,"column":46},"end":{"line":22,"column":68}}],"line":22},"2":{"loc":{"start":{"line":60,"column":8},"end":{"line":69,"column":9}},"type":"if","locations":[{"start":{"line":60,"column":8},"end":{"line":69,"column":9}},{"start":{},"end":{}}],"line":60},"3":{"loc":{"start":{"line":73,"column":99},"end":{"line":73,"column":144}},"type":"cond-expr","locations":[{"start":{"line":73,"column":117},"end":{"line":73,"column":119}},{"start":{"line":73,"column":123},"end":{"line":73,"column":144}}],"line":73},"4":{"loc":{"start":{"line":89,"column":122},"end":{"line":89,"column":186}},"type":"cond-expr","locations":[{"start":{"line":89,"column":158},"end":{"line":89,"column":171}},{"start":{"line":89,"column":174},"end":{"line":89,"column":186}}],"line":89}},"s":{"0":5,"1":0,"2":0,"3":0,"4":0,"5":0,"6":0,"7":0,"8":0,"9":0,"10":5,"11":0},"f":{"0":0,"1":0,"2":0,"3":0},"b":{"0":[0,0],"1":[0,0],"2":[0,0],"3":[0,0],"4":[0,0]},"_coverageSchema":"1a1c01bbd47fc00a2c39e90264f33305004495a9","hash":"6b6c21e9671f90c4a13198f82e8ee7e73fcf079c"}
,"/home/livesetup/Desktop/Desktop/Andela/ATLP Cohort 5/phantom-fe-techode/src/components/signIn/LoginForm.js": {"path":"/home/livesetup/Desktop/Desktop/Andela/ATLP Cohort 5/phantom-fe-techode/src/components/signIn/LoginForm.js","statementMap":{"0":{"start":{"line":15,"column":18},"end":{"line":157,"column":6}},"1":{"start":{"line":16,"column":20},"end":{"line":16,"column":32}},"2":{"start":{"line":17,"column":48},"end":{"line":17,"column":62}},"3":{"start":{"line":18,"column":23},"end":{"line":18,"column":28}},"4":{"start":{"line":19,"column":4},"end":{"line":23,"column":10}},"5":{"start":{"line":20,"column":8},"end":{"line":22,"column":16}},"6":{"start":{"line":21,"column":12},"end":{"line":21,"column":37}},"7":{"start":{"line":25,"column":19},"end":{"line":62,"column":6}},"8":{"start":{"line":42,"column":29},"end":{"line":49,"column":13}},"9":{"start":{"line":50,"column":12},"end":{"line":52,"column":13}},"10":{"start":{"line":51,"column":16},"end":{"line":51,"column":39}},"11":{"start":{"line":53,"column":12},"end":{"line":55,"column":13}},"12":{"start":{"line":54,"column":16},"end":{"line":54,"column":42}},"13":{"start":{"line":56,"column":12},"end":{"line":58,"column":13}},"14":{"start":{"line":57,"column":16},"end":{"line":57,"column":40}},"15":{"start":{"line":59,"column":12},"end":{"line":59,"column":29}},"16":{"start":{"line":60,"column":12},"end":{"line":60,"column":39}},"17":{"start":{"line":65,"column":4},"end":{"line":157,"column":5}},"18":{"start":{"line":159,"column":23},"end":{"line":163,"column":5}},"19":{"start":{"line":160,"column":8},"end":{"line":162,"column":9}}},"fnMap":{"0":{"name":"(anonymous_0)","decl":{"start":{"line":15,"column":18},"end":{"line":15,"column":19}},"loc":{"start":{"line":15,"column":29},"end":{"line":157,"column":6}},"line":15},"1":{"name":"(anonymous_1)","decl":{"start":{"line":19,"column":14},"end":{"line":19,"column":15}},"loc":{"start":{"line":19,"column":20},"end":{"line":23,"column":5}},"line":19},"2":{"name":"(anonymous_2)","decl":{"start":{"line":20,"column":19},"end":{"line":20,"column":20}},"loc":{"start":{"line":20,"column":25},"end":{"line":22,"column":9}},"line":20},"3":{"name":"(anonymous_3)","decl":{"start":{"line":41,"column":18},"end":{"line":41,"column":19}},"loc":{"start":{"line":41,"column":24},"end":{"line":61,"column":9}},"line":41},"4":{"name":"(anonymous_4)","decl":{"start":{"line":159,"column":23},"end":{"line":159,"column":24}},"loc":{"start":{"line":159,"column":34},"end":{"line":163,"column":5}},"line":159}},"branchMap":{"0":{"loc":{"start":{"line":50,"column":12},"end":{"line":52,"column":13}},"type":"if","locations":[{"start":{"line":50,"column":12},"end":{"line":52,"column":13}},{"start":{},"end":{}}],"line":50},"1":{"loc":{"start":{"line":53,"column":12},"end":{"line":55,"column":13}},"type":"if","locations":[{"start":{"line":53,"column":12},"end":{"line":55,"column":13}},{"start":{},"end":{}}],"line":53},"2":{"loc":{"start":{"line":56,"column":12},"end":{"line":58,"column":13}},"type":"if","locations":[{"start":{"line":56,"column":12},"end":{"line":58,"column":13}},{"start":{},"end":{}}],"line":56},"3":{"loc":{"start":{"line":74,"column":21},"end":{"line":74,"column":59}},"type":"binary-expr","locations":[{"start":{"line":74,"column":21},"end":{"line":74,"column":35}},{"start":{"line":74,"column":40},"end":{"line":74,"column":58}}],"line":74},"4":{"loc":{"start":{"line":75,"column":21},"end":{"line":140,"column":17}},"type":"binary-expr","locations":[{"start":{"line":75,"column":21},"end":{"line":75,"column":36}},{"start":{"line":76,"column":20},"end":{"line":139,"column":26}}],"line":75},"5":{"loc":{"start":{"line":99,"column":37},"end":{"line":101,"column":44}},"type":"cond-expr","locations":[{"start":{"line":100,"column":40},"end":{"line":100,"column":105}},{"start":{"line":101,"column":40},"end":{"line":101,"column":44}}],"line":99},"6":{"loc":{"start":{"line":99,"column":37},"end":{"line":99,"column":80}},"type":"binary-expr","locations":[{"start":{"line":99,"column":37},"end":{"line":99,"column":57}},{"start":{"line":99,"column":61},"end":{"line":99,"column":80}}],"line":99},"7":{"loc":{"start":{"line":113,"column":37},"end":{"line":115,"column":44}},"type":"cond-expr","locations":[{"start":{"line":114,"column":40},"end":{"line":114,"column":108}},{"start":{"line":115,"column":40},"end":{"line":115,"column":44}}],"line":113},"8":{"loc":{"start":{"line":113,"column":37},"end":{"line":113,"column":86}},"type":"binary-expr","locations":[{"start":{"line":113,"column":37},"end":{"line":113,"column":60}},{"start":{"line":113,"column":64},"end":{"line":113,"column":86}}],"line":113}},"s":{"0":2,"1":0,"2":0,"3":0,"4":0,"5":0,"6":0,"7":0,"8":0,"9":0,"10":0,"11":0,"12":0,"13":0,"14":0,"15":0,"16":0,"17":0,"18":2,"19":0},"f":{"0":0,"1":0,"2":0,"3":0,"4":0},"b":{"0":[0,0],"1":[0,0],"2":[0,0],"3":[0,0],"4":[0,0],"5":[0,0],"6":[0,0],"7":[0,0],"8":[0,0]},"_coverageSchema":"1a1c01bbd47fc00a2c39e90264f33305004495a9","hash":"b69d144ed7d358b9e9273f7c15e8c0a251b46999"}
,"/home/livesetup/Desktop/Desktop/Andela/ATLP Cohort 5/phantom-fe-techode/src/components/signInSkeleton/SkeletonElement.js": {"path":"/home/livesetup/Desktop/Desktop/Andela/ATLP Cohort 5/phantom-fe-techode/src/components/signInSkeleton/SkeletonElement.js","statementMap":{"0":{"start":{"line":4,"column":24},"end":{"line":9,"column":1}},"1":{"start":{"line":5,"column":20},"end":{"line":5,"column":38}},"2":{"start":{"line":6,"column":4},"end":{"line":8,"column":7}}},"fnMap":{"0":{"name":"(anonymous_0)","decl":{"start":{"line":4,"column":24},"end":{"line":4,"column":25}},"loc":{"start":{"line":4,"column":46},"end":{"line":9,"column":1}},"line":4}},"branchMap":{},"s":{"0":2,"1":0,"2":0},"f":{"0":0},"b":{},"_coverageSchema":"1a1c01bbd47fc00a2c39e90264f33305004495a9","hash":"b51c49a1bdab288972c90d1f108ce5c8a025f502"}
[...]
,"/home/livesetup/Desktop/Desktop/Andela/ATLP Cohort 5/phantom-fe-techode/src/redux/reducers/activeBusReducer.js": {"path":"/home/livesetup/Desktop/Desktop/Andela/ATLP Cohort 5/phantom-fe-techode/src/redux/reducers/activeBusReducer.js","statementMap":{"0":{"start":{"line":3,"column":37},"end":{"line":3,"column":57}},"1":{"start":{"line":5,"column":21},"end":{"line":13,"column":5}},"2":{"start":{"line":15,"column":32},"end":{"line":40,"column":1}},"3":{"start":{"line":16,"column":4},"end":{"line":39,"column":5}},"4":{"start":{"line":18,"column":32},"end":{"line":18,"column":42}},"5":{"start":{"line":19,"column":38},"end":{"line":19,"column":112}},"6":{"start":{"line":19,"column":71},"end":{"line":19,"column":111}},"7":{"start":{"line":20,"column":32},"end":{"line":20,"column":109}},"8":{"start":{"line":20,"column":68},"end":{"line":20,"column":108}},"9":{"start":{"line":21,"column":12},"end":{"line":21,"column":127}},"10":{"start":{"line":22,"column":12},"end":{"line":22,"column":56}},"11":{"start":{"line":23,"column":12},"end":{"line":23,"column":60}},"12":{"start":{"line":24,"column":12},"end":{"line":24,"column":32}},"13":{"start":{"line":25,"column":12},"end":{"line":25,"column":25}},"14":{"start":{"line":27,"column":32},"end":{"line":27,"column":42}},"15":{"start":{"line":28,"column":36},"end":{"line":28,"column":98}},"16":{"start":{"line":28,"column":66},"end":{"line":28,"column":96}},"17":{"start":{"line":29,"column":34},"end":{"line":29,"column":99}},"18":{"start":{"line":29,"column":67},"end":{"line":29,"column":97}},"19":{"start":{"line":31,"column":12},"end":{"line":31,"column":63}},"20":{"start":{"line":33,"column":12},"end":{"line":33,"column":60}},"21":{"start":{"line":34,"column":12},"end":{"line":34,"column":62}},"22":{"start":{"line":35,"column":12},"end":{"line":35,"column":32}},"23":{"start":{"line":36,"column":12},"end":{"line":36,"column":25}},"24":{"start":{"line":38,"column":12},"end":{"line":38,"column":25}}},"fnMap":{"0":{"name":"(anonymous_0)","decl":{"start":{"line":15,"column":32},"end":{"line":15,"column":33}},"loc":{"start":{"line":15,"column":77},"end":{"line":40,"column":1}},"line":15},"1":{"name":"(anonymous_1)","decl":{"start":{"line":19,"column":57},"end":{"line":19,"column":58}},"loc":{"start":{"line":19,"column":71},"end":{"line":19,"column":111}},"line":19},"2":{"name":"(anonymous_2)","decl":{"start":{"line":20,"column":54},"end":{"line":20,"column":55}},"loc":{"start":{"line":20,"column":68},"end":{"line":20,"column":108}},"line":20},"3":{"name":"(anonymous_3)","decl":{"start":{"line":28,"column":55},"end":{"line":28,"column":56}},"loc":{"start":{"line":28,"column":66},"end":{"line":28,"column":96}},"line":28},"4":{"name":"(anonymous_4)","decl":{"start":{"line":29,"column":56},"end":{"line":29,"column":57}},"loc":{"start":{"line":29,"column":67},"end":{"line":29,"column":97}},"line":29}},"branchMap":{"0":{"loc":{"start":{"line":15,"column":33},"end":{"line":15,"column":53}},"type":"default-arg","locations":[{"start":{"line":15,"column":41},"end":{"line":15,"column":53}}],"line":15},"1":{"loc":{"start":{"line":16,"column":4},"end":{"line":39,"column":5}},"type":"switch","locations":[{"start":{"line":17,"column":8},"end":{"line":25,"column":25}},{"start":{"line":26,"column":8},"end":{"line":36,"column":25}},{"start":{"line":37,"column":8},"end":{"line":38,"column":25}}],"line":16}},"s":{"0":5,"1":5,"2":5,"3":24,"4":0,"5":0,"6":0,"7":0,"8":0,"9":0,"10":0,"11":0,"12":0,"13":0,"14":1,"15":1,"16":1,"17":1,"18":1,"19":1,"20":1,"21":1,"22":1,"23":1,"24":23},"f":{"0":24,"1":0,"2":0,"3":1,"4":1},"b":{"0":[20],"1":[0,1,23]},"_coverageSchema":"1a1c01bbd47fc00a2c39e90264f33305004495a9","hash":"1a37351d03a28a10b93b44377cdf6af25c0974db"}
,"/home/livesetup/Desktop/Desktop/Andela/ATLP Cohort 5/phantom-fe-techode/src/redux/reducers/countReducer.js": {"path":"/home/livesetup/Desktop/Desktop/Andela/ATLP Cohort 5/phantom-fe-techode/src/redux/reducers/countReducer.js","statementMap":{"0":{"start":{"line":3,"column":105},"end":{"line":3,"column":116}},"1":{"start":{"line":5,"column":21},"end":{"line":7,"column":1}},"2":{"start":{"line":9,"column":30},"end":{"line":28,"column":1}},"3":{"start":{"line":10,"column":4},"end":{"line":27,"column":5}},"4":{"start":{"line":12,"column":12},"end":{"line":12,"column":25}},"5":{"start":{"line":14,"column":27},"end":{"line":14,"column":42}},"6":{"start":{"line":15,"column":12},"end":{"line":15,"column":45}},"7":{"start":{"line":17,"column":30},"end":{"line":17,"column":45}},"8":{"start":{"line":18,"column":12},"end":{"line":18,"column":48}},"9":{"start":{"line":20,"column":32},"end":{"line":20,"column":53}},"10":{"start":{"line":21,"column":12},"end":{"line":21,"column":50}},"11":{"start":{"line":23,"column":26},"end":{"line":23,"column":47}},"12":{"start":{"line":24,"column":12},"end":{"line":24,"column":45}},"13":{"start":{"line":26,"column":12},"end":{"line":26,"column":25}}},"fnMap":{"0":{"name":"(anonymous_0)","decl":{"start":{"line":9,"column":30},"end":{"line":9,"column":31}},"loc":{"start":{"line":9,"column":75},"end":{"line":28,"column":1}},"line":9}},"branchMap":{"0":{"loc":{"start":{"line":9,"column":31},"end":{"line":9,"column":51}},"type":"default-arg","locations":[{"start":{"line":9,"column":39},"end":{"line":9,"column":51}}],"line":9},"1":{"loc":{"start":{"line":10,"column":4},"end":{"line":27,"column":5}},"type":"switch","locations":[{"start":{"line":11,"column":8},"end":{"line":12,"column":25}},{"start":{"line":13,"column":8},"end":{"line":15,"column":45}},{"start":{"line":16,"column":8},"end":{"line":18,"column":48}},{"start":{"line":19,"column":8},"end":{"line":21,"column":50}},{"start":{"line":22,"column":8},"end":{"line":24,"column":45}},{"start":{"line":25,"column":8},"end":{"line":26,"column":25}}],"line":10}},"s":{"0":5,"1":5,"2":5,"3":24,"4":0,"5":0,"6":0,"7":0,"8":0,"9":0,"10":0,"11":0,"12":0,"13":24},"f":{"0":24},"b":{"0":[20],"1":[0,0,0,0,0,24]},"_coverageSchema":"1a1c01bbd47fc00a2c39e90264f33305004495a9","hash":"b093efd5cd2700fc2e9b68e4154f7e9852148afe"}
,"/home/livesetup/Desktop/Desktop/Andela/ATLP Cohort 5/phantom-fe-techode/src/redux/reducers/index.js": {"path":"/home/livesetup/Desktop/Desktop/Andela/ATLP Cohort 5/phantom-fe-techode/src/redux/reducers/index.js","statementMap":{"0":{"start":{"line":9,"column":18},"end":{"line":16,"column":2}}},"fnMap":{},"branchMap":{},"s":{"0":5},"f":{},"b":{},"_coverageSchema":"1a1c01bbd47fc00a2c39e90264f33305004495a9","hash":"5fba94bfdc0c154ca5eeb5c407c73c89e1a1fe6d"}
,"/home/livesetup/Desktop/Desktop/Andela/ATLP Cohort 5/phantom-fe-techode/src/redux/reducers/permissionsReducer.js": {"path":"/home/livesetup/Desktop/Desktop/Andela/ATLP Cohort 5/phantom-fe-techode/src/redux/reducers/permissionsReducer.js","statementMap":{"0":{"start":{"line":2,"column":27},"end":{"line":2,"column":47}},"1":{"start":{"line":4,"column":24},"end":{"line":20,"column":1}},"2":{"start":{"line":22,"column":34},"end":{"line":36,"column":1}},"3":{"start":{"line":23,"column":4},"end":{"line":35,"column":5}},"4":{"start":{"line":25,"column":32},"end":{"line":25,"column":42}},"5":{"start":{"line":26,"column":34},"end":{"line":29,"column":13}},"6":{"start":{"line":30,"column":12},"end":{"line":30,"column":44}},"7":{"start":{"line":31,"column":12},"end":{"line":31,"column":32}},"8":{"start":{"line":32,"column":12},"end":{"line":32,"column":25}},"9":{"start":{"line":34,"column":12},"end":{"line":34,"column":25}}},"fnMap":{"0":{"name":"(anonymous_0)","decl":{"start":{"line":22,"column":34},"end":{"line":22,"column":35}},"loc":{"start":{"line":22,"column":81},"end":{"line":36,"column":1}},"line":22}},"branchMap":{"0":{"loc":{"start":{"line":22,"column":35},"end":{"line":22,"column":58}},"type":"default-arg","locations":[{"start":{"line":22,"column":43},"end":{"line":22,"column":58}}],"line":22},"1":{"loc":{"start":{"line":23,"column":4},"end":{"line":35,"column":5}},"type":"switch","locations":[{"start":{"line":24,"column":8},"end":{"line":32,"column":25}},{"start":{"line":33,"column":8},"end":{"line":34,"column":25}}],"line":23}},"s":{"0":5,"1":5,"2":5,"3":24,"4":0,"5":0,"6":0,"7":0,"8":0,"9":24},"f":{"0":24},"b":{"0":[20],"1":[0,24]},"_coverageSchema":"1a1c01bbd47fc00a2c39e90264f33305004495a9","hash":"96b068d2574798d624c16207197b75fa639693c4"}
,"/home/livesetup/Desktop/Desktop/Andela/ATLP Cohort 5/phantom-fe-techode/src/redux/reducers/rolesReducer.js": {"path":"/home/livesetup/Desktop/Desktop/Andela/ATLP Cohort 5/phantom-fe-techode/src/redux/reducers/rolesReducer.js","statementMap":{"0":{"start":{"line":3,"column":71},"end":{"line":3,"column":82}},"1":{"start":{"line":5,"column":18},"end":{"line":13,"column":1}},"2":{"start":{"line":15,"column":28},"end":{"line":62,"column":1}},"3":{"start":{"line":16,"column":4},"end":{"line":61,"column":5}},"4":{"start":{"line":18,"column":32},"end":{"line":18,"column":42}},"5":{"start":{"line":19,"column":29},"end":{"line":23,"column":13}},"6":{"start":{"line":24,"column":12},"end":{"line":24,"column":38}},"7":{"start":{"line":25,"column":12},"end":{"line":25,"column":32}},"8":{"start":{"line":26,"column":12},"end":{"line":26,"column":25}},"9":{"start":{"line":28,"column":35},"end":{"line":28,"column":45}},"10":{"start":{"line":29,"column":29},"end":{"line":29,"column":84}},"11":{"start":{"line":29,"column":62},"end":{"line":29,"column":83}},"12":{"start":{"line":30,"column":12},"end":{"line":30,"column":29}},"13":{"start":{"line":31,"column":12},"end":{"line":31,"column":25}},"14":{"start":{"line":33,"column":47},"end":{"line":33,"column":54}},"15":{"start":{"line":34,"column":35},"end":{"line":34,"column":45}},"16":{"start":{"line":35,"column":36},"end":{"line":35,"column":93}},"17":{"start":{"line":35,"column":70},"end":{"line":35,"column":91}},"18":{"start":{"line":36,"column":29},"end":{"line":36,"column":87}},"19":{"start":{"line":36,"column":65},"end":{"line":36,"column":86}},"20":{"start":{"line":37,"column":38},"end":{"line":37,"column":73}},"21":{"start":{"line":38,"column":34},"end":{"line":38,"column":103}},"22":{"start":{"line":38,"column":73},"end":{"line":38,"column":102}},"23":{"start":{"line":39,"column":12},"end":{"line":39,"column":65}},"24":{"start":{"line":41,"column":12},"end":{"line":41,"column":35}},"25":{"start":{"line":42,"column":12},"end":{"line":42,"column":25}},"26":{"start":{"line":44,"column":50},"end":{"line":44,"column":57}},"27":{"start":{"line":45,"column":32},"end":{"line":45,"column":42}},"28":{"start":{"line":46,"column":36},"end":{"line":46,"column":88}},"29":{"start":{"line":46,"column":66},"end":{"line":46,"column":87}},"30":{"start":{"line":47,"column":26},"end":{"line":47,"column":81}},"31":{"start":{"line":47,"column":59},"end":{"line":47,"column":80}},"32":{"start":{"line":48,"column":37},"end":{"line":48,"column":72}},"33":{"start":{"line":49,"column":33},"end":{"line":49,"column":70}},"34":{"start":{"line":50,"column":12},"end":{"line":50,"column":45}},"35":{"start":{"line":51,"column":12},"end":{"line":54,"column":15}},"36":{"start":{"line":56,"column":12},"end":{"line":56,"column":62}},"37":{"start":{"line":57,"column":12},"end":{"line":57,"column":33}},"38":{"start":{"line":58,"column":12},"end":{"line":58,"column":25}},"39":{"start":{"line":60,"column":12},"end":{"line":60,"column":25}}},"fnMap":{"0":{"name":"(anonymous_0)","decl":{"start":{"line":15,"column":28},"end":{"line":15,"column":29}},"loc":{"start":{"line":15,"column":70},"end":{"line":62,"column":1}},"line":15},"1":{"name":"(anonymous_1)","decl":{"start":{"line":29,"column":51},"end":{"line":29,"column":52}},"loc":{"start":{"line":29,"column":62},"end":{"line":29,"column":83}},"line":29},"2":{"name":"(anonymous_2)","decl":{"start":{"line":35,"column":59},"end":{"line":35,"column":60}},"loc":{"start":{"line":35,"column":70},"end":{"line":35,"column":91}},"line":35},"3":{"name":"(anonymous_3)","decl":{"start":{"line":36,"column":54},"end":{"line":36,"column":55}},"loc":{"start":{"line":36,"column":65},"end":{"line":36,"column":86}},"line":36},"4":{"name":"(anonymous_4)","decl":{"start":{"line":38,"column":59},"end":{"line":38,"column":60}},"loc":{"start":{"line":38,"column":73},"end":{"line":38,"column":102}},"line":38},"5":{"name":"(anonymous_5)","decl":{"start":{"line":46,"column":55},"end":{"line":46,"column":56}},"loc":{"start":{"line":46,"column":66},"end":{"line":46,"column":87}},"line":46},"6":{"name":"(anonymous_6)","decl":{"start":{"line":47,"column":48},"end":{"line":47,"column":49}},"loc":{"start":{"line":47,"column":59},"end":{"line":47,"column":80}},"line":47}},"branchMap":{"0":{"loc":{"start":{"line":15,"column":29},"end":{"line":15,"column":46}},"type":"default-arg","locations":[{"start":{"line":15,"column":37},"end":{"line":15,"column":46}}],"line":15},"1":{"loc":{"start":{"line":16,"column":4},"end":{"line":61,"column":5}},"type":"switch","locations":[{"start":{"line":17,"column":8},"end":{"line":26,"column":25}},{"start":{"line":27,"column":8},"end":{"line":31,"column":25}},{"start":{"line":32,"column":8},"end":{"line":42,"column":25}},{"start":{"line":43,"column":8},"end":{"line":58,"column":25}},{"start":{"line":59,"column":8},"end":{"line":60,"column":25}}],"line":16}},"s":{"0":6,"1":6,"2":6,"3":29,"4":1,"5":1,"6":1,"7":1,"8":1,"9":1,"10":1,"11":1,"12":1,"13":1,"14":1,"15":1,"16":1,"17":1,"18":1,"19":1,"20":1,"21":1,"22":1,"23":1,"24":1,"25":1,"26":1,"27":1,"28":1,"29":1,"30":1,"31":1,"32":1,"33":1,"34":1,"35":1,"36":1,"37":1,"38":1,"39":25},"f":{"0":29,"1":1,"2":1,"3":1,"4":1,"5":1,"6":1},"b":{"0":[22],"1":[1,1,1,1,25]},"_coverageSchema":"1a1c01bbd47fc00a2c39e90264f33305004495a9","hash":"58312d1d9d7786c758d7d2defe9383da631650a3"}
,"/home/livesetup/Desktop/Desktop/Andela/ATLP Cohort 5/phantom-fe-techode/src/redux/reducers/userReducer.js": {"path":"/home/livesetup/Desktop/Desktop/Andela/ATLP Cohort 5/phantom-fe-techode/src/redux/reducers/userReducer.js","statementMap":{"0":{"start":{"line":3,"column":75},"end":{"line":3,"column":90}},"1":{"start":{"line":6,"column":21},"end":{"line":15,"column":1}},"2":{"start":{"line":17,"column":27},"end":{"line":46,"column":1}},"3":{"start":{"line":18,"column":4},"end":{"line":45,"column":5}},"4":{"start":{"line":20,"column":12},"end":{"line":20,"column":34}},"5":{"start":{"line":22,"column":12},"end":{"line":22,"column":35}},"6":{"start":{"line":24,"column":12},"end":{"line":24,"column":34}},"7":{"start":{"line":26,"column":30},"end":{"line":26,"column":40}},"8":{"start":{"line":27,"column":12},"end":{"line":27,"column":42}},"9":{"start":{"line":28,"column":12},"end":{"line":28,"column":32}},"10":{"start":{"line":29,"column":12},"end":{"line":29,"column":25}},"11":{"start":{"line":31,"column":26},"end":{"line":31,"column":36}},"12":{"start":{"line":33,"column":12},"end":{"line":33,"column":42}},"13":{"start":{"line":34,"column":12},"end":{"line":34,"column":48}},"14":{"start":{"line":35,"column":12},"end":{"line":35,"column":46}},"15":{"start":{"line":36,"column":12},"end":{"line":36,"column":50}},"16":{"start":{"line":37,"column":12},"end":{"line":37,"column":48}},"17":{"start":{"line":38,"column":12},"end":{"line":40,"column":13}},"18":{"start":{"line":39,"column":16},"end":{"line":39,"column":43}},"19":{"start":{"line":41,"column":12},"end":{"line":41,"column":28}},"20":{"start":{"line":42,"column":12},"end":{"line":42,"column":25}},"21":{"start":{"line":44,"column":12},"end":{"line":44,"column":25}}},"fnMap":{"0":{"name":"(anonymous_0)","decl":{"start":{"line":17,"column":27},"end":{"line":17,"column":28}},"loc":{"start":{"line":17,"column":72},"end":{"line":46,"column":1}},"line":17}},"branchMap":{"0":{"loc":{"start":{"line":17,"column":28},"end":{"line":17,"column":48}},"type":"default-arg","locations":[{"start":{"line":17,"column":36},"end":{"line":17,"column":48}}],"line":17},"1":{"loc":{"start":{"line":18,"column":4},"end":{"line":45,"column":5}},"type":"switch","locations":[{"start":{"line":19,"column":8},"end":{"line":20,"column":34}},{"start":{"line":21,"column":8},"end":{"line":22,"column":35}},{"start":{"line":23,"column":8},"end":{"line":24,"column":34}},{"start":{"line":25,"column":8},"end":{"line":29,"column":25}},{"start":{"line":30,"column":8},"end":{"line":42,"column":25}},{"start":{"line":43,"column":8},"end":{"line":44,"column":25}}],"line":18},"2":{"loc":{"start":{"line":38,"column":12},"end":{"line":40,"column":13}},"type":"if","locations":[{"start":{"line":38,"column":12},"end":{"line":40,"column":13}},{"start":{},"end":{}}],"line":38}},"s":{"0":5,"1":5,"2":5,"3":24,"4":0,"5":0,"6":0,"7":1,"8":1,"9":1,"10":1,"11":1,"12":1,"13":1,"14":1,"15":1,"16":1,"17":1,"18":0,"19":1,"20":1,"21":22},"f":{"0":24},"b":{"0":[20],"1":[0,0,0,1,1,22],"2":[0,1]},"_coverageSchema":"1a1c01bbd47fc00a2c39e90264f33305004495a9","hash":"3255a026f1ff9c29e8acc03a69ce110aa046cd25"}
,"/home/livesetup/Desktop/Desktop/Andela/ATLP Cohort 5/phantom-fe-techode/src/skeleton/skeletonElement.js": {"path":"/home/livesetup/Desktop/Desktop/Andela/ATLP Cohort 5/phantom-fe-techode/src/skeleton/skeletonElement.js","statementMap":{"0":{"start":{"line":2,"column":20},"end":{"line":10,"column":1}},"1":{"start":{"line":3,"column":20},"end":{"line":3,"column":38}},"2":{"start":{"line":5,"column":4},"end":{"line":9,"column":5}}},"fnMap":{"0":{"name":"(anonymous_0)","decl":{"start":{"line":2,"column":20},"end":{"line":2,"column":21}},"loc":{"start":{"line":2,"column":31},"end":{"line":10,"column":1}},"line":2}},"branchMap":{},"s":{"0":0,"1":0,"2":0},"f":{"0":0},"b":{}}
,"/home/livesetup/Desktop/Desktop/Andela/ATLP Cohort 5/phantom-fe-techode/src/utls/testStore.js": {"path":"/home/livesetup/Desktop/Desktop/Andela/ATLP Cohort 5/phantom-fe-techode/src/utls/testStore.js","statementMap":{"0":{"start":{"line":9,"column":25},"end":{"line":12,"column":1}},"1":{"start":{"line":10,"column":38},"end":{"line":10,"column":82}},"2":{"start":{"line":11,"column":4},"end":{"line":11,"column":60}}},"fnMap":{"0":{"name":"(anonymous_0)","decl":{"start":{"line":9,"column":25},"end":{"line":9,"column":26}},"loc":{"start":{"line":9,"column":42},"end":{"line":12,"column":1}},"line":9}},"branchMap":{},"s":{"0":2,"1":5,"2":5},"f":{"0":5},"b":{},"_coverageSchema":"1a1c01bbd47fc00a2c39e90264f33305004495a9","hash":"128e5a8bed68107a0c33cf9b0e1e6ef0a2bfb0fb"}
}
