TN:
SF:src/App.js
FN:30,(anonymous_0)
FN:41,(anonymous_1)
FN:48,(anonymous_2)
FN:54,(anonymous_3)
FN:61,(anonymous_4)
FN:68,(anonymous_5)
FN:133,(anonymous_6)
FN:139,(anonymous_7)
FNF:8
FNH:2
FNDA:5,(anonymous_0)
FNDA:0,(anonymous_1)
FNDA:0,(anonymous_2)
FNDA:0,(anonymous_3)
FNDA:0,(anonymous_4)
FNDA:0,(anonymous_5)
FNDA:0,(anonymous_6)
FNDA:5,(anonymous_7)
DA:30,1
DA:31,5
DA:33,5
DA:35,5
DA:42,0
DA:49,0
DA:55,0
DA:62,0
DA:69,0
DA:133,0
DA:139,1
DA:140,5
LF:12
LH:6
BRDA:42,0,0,0
BRDA:42,0,1,0
BRDA:49,1,0,0
BRDA:49,1,1,0
BRDA:55,2,0,0
BRDA:55,2,1,0
BRDA:62,3,0,0
BRDA:62,3,1,0
BRDA:69,4,0,0
BRDA:69,4,1,0
BRF:10
BRH:0
end_of_record
TN:
SF:src/assets/js/main.js
FNF:0
FNH:0
DA:2,9
LF:1
LH:1
BRF:0
BRH:0
end_of_record
TN:
SF:src/components/RoutesTable.js
FN:242,RoutesTable
FN:256,(anonymous_1)
FN:257,(anonymous_2)
FN:284,(anonymous_3)
FN:302,(anonymous_4)
FN:305,(anonymous_5)
FN:317,(anonymous_6)
FN:321,(anonymous_7)
FN:334,(anonymous_8)
FN:341,(anonymous_9)
FNF:10
FNH:0
FNDA:0,RoutesTable
FNDA:0,(anonymous_1)
FNDA:0,(anonymous_2)
FNDA:0,(anonymous_3)
FNDA:0,(anonymous_4)
FNDA:0,(anonymous_5)
FNDA:0,(anonymous_6)
FNDA:0,(anonymous_7)
FNDA:0,(anonymous_8)
FNDA:0,(anonymous_9)
DA:6,0
DA:243,0
DA:244,0
DA:245,0
DA:256,0
DA:257,0
DA:272,0
DA:273,0
DA:274,0
DA:283,0
DA:284,0
DA:285,0
DA:286,0
DA:287,0
DA:288,0
DA:289,0
DA:290,0
DA:291,0
DA:292,0
DA:294,0
DA:295,0
DA:298,0
DA:303,0
DA:306,0
DA:318,0
DA:319,0
DA:322,0
DA:334,0
DA:341,0
LF:29
LH:0
BRDA:291,0,0,0
BRDA:291,0,1,0
BRDA:333,1,0,0
BRDA:333,1,1,0
BRDA:340,2,0,0
BRDA:340,2,1,0
BRF:6
BRH:0
end_of_record
TN:
SF:src/components/BusSim/BusSim.js
FN:3,BusSim
FNF:1
FNH:0
FNDA:0,BusSim
DA:4,0
LF:1
LH:0
BRF:0
BRH:0
end_of_record
TN:
SF:src/components/Buttons/Buttons.js
FN:3,(anonymous_0)
FN:10,(anonymous_1)
FN:17,(anonymous_2)
FN:24,(anonymous_3)
FN:32,(anonymous_4)
FN:36,(anonymous_5)
FN:43,(anonymous_6)
FN:53,(anonymous_7)
FNF:8
FNH:0
FNDA:0,(anonymous_0)
FNDA:0,(anonymous_1)
FNDA:0,(anonymous_2)
FNDA:0,(anonymous_3)
FNDA:0,(anonymous_4)
FNDA:0,(anonymous_5)
FNDA:0,(anonymous_6)
FNDA:0,(anonymous_7)
DA:3,0
DA:4,0
DA:10,0
DA:11,0
DA:17,0
DA:18,0
DA:24,0
DA:25,0
DA:32,0
DA:33,0
DA:36,0
DA:37,0
DA:43,0
DA:44,0
DA:53,0
DA:54,0
LF:16
LH:0
BRF:0
BRH:0
end_of_record
TN:
SF:src/components/Buttons/LebalButton.js
FN:2,(anonymous_0)
FN:11,(anonymous_1)
FN:62,(anonymous_2)
FNF:3
FNH:0
FNDA:0,(anonymous_0)
FNDA:0,(anonymous_1)
FNDA:0,(anonymous_2)
DA:2,0
DA:3,0
DA:10,0
DA:11,0
DA:12,0
DA:14,0
DA:22,0
DA:30,0
DA:38,0
DA:46,0
DA:54,0
DA:62,0
DA:63,0
DA:64,0
LF:14
LH:0
BRDA:11,0,0,0
BRDA:12,1,0,0
BRDA:12,1,1,0
BRDA:12,1,2,0
BRDA:12,1,3,0
BRDA:12,1,4,0
BRDA:12,1,5,0
BRDA:56,2,0,0
BRDA:56,2,1,0
BRF:9
BRH:0
end_of_record
TN:
SF:src/components/Cards/CardService.js
FN:4,(anonymous_0)
FNF:1
FNH:0
FNDA:0,(anonymous_0)
DA:4,2
DA:5,0
LF:2
LH:1
BRF:0
BRH:0
end_of_record
TN:
SF:src/components/Cards/CardTestimonial.js
FN:4,(anonymous_0)
FNF:1
FNH:0
FNDA:0,(anonymous_0)
DA:4,2
DA:5,0
LF:2
LH:1
BRF:0
BRH:0
end_of_record
TN:
SF:src/components/Cards/CardToStart.js
FN:4,(anonymous_0)
FNF:1
FNH:0
FNDA:0,(anonymous_0)
DA:4,2
DA:5,0
LF:2
LH:1
BRF:0
BRH:0
end_of_record
TN:
SF:src/components/Cards/RouteCard.js
FN:8,(anonymous_0)
FN:50,(anonymous_1)
FN:54,(anonymous_2)
FN:80,(anonymous_3)
FN:102,(anonymous_4)
FN:102,(anonymous_5)
FN:130,(anonymous_6)
FN:148,(anonymous_7)
FNF:8
FNH:0
FNDA:0,(anonymous_0)
FNDA:0,(anonymous_1)
FNDA:0,(anonymous_2)
FNDA:0,(anonymous_3)
FNDA:0,(anonymous_4)
FNDA:0,(anonymous_5)
FNDA:0,(anonymous_6)
FNDA:0,(anonymous_7)
DA:8,1
DA:9,0
DA:10,0
DA:11,0
DA:49,0
DA:50,0
DA:51,0
DA:52,0
DA:54,0
DA:55,0
DA:57,0
DA:80,0
DA:102,0
DA:103,0
DA:130,0
DA:148,1
DA:149,0
LF:17
LH:2
BRDA:50,0,0,0
BRDA:50,1,0,0
BRDA:50,2,0,0
BRDA:94,3,0,0
BRDA:94,3,1,0
BRF:5
BRH:0
end_of_record
TN:
SF:src/components/DriverAction/DriverAction.js
FN:8,(anonymous_0)
FN:13,(anonymous_1)
FN:17,(anonymous_2)
FN:22,(anonymous_3)
FN:27,(anonymous_4)
FN:74,(anonymous_5)
FNF:6
FNH:0
FNDA:0,(anonymous_0)
FNDA:0,(anonymous_1)
FNDA:0,(anonymous_2)
FNDA:0,(anonymous_3)
FNDA:0,(anonymous_4)
FNDA:0,(anonymous_5)
DA:8,7
DA:9,0
DA:11,0
DA:13,0
DA:14,0
DA:17,0
DA:18,0
DA:19,0
DA:22,0
DA:23,0
DA:24,0
DA:27,0
DA:29,0
DA:31,0
DA:33,0
DA:74,7
DA:75,0
LF:17
LH:2
BRDA:53,0,0,0
BRDA:53,0,1,0
BRF:2
BRH:0
end_of_record
TN:
SF:src/components/Explore/Explore.js
FN:7,(anonymous_0)
FN:10,(anonymous_1)
FNF:2
FNH:0
FNDA:0,(anonymous_0)
FNDA:0,(anonymous_1)
DA:7,2
DA:8,0
DA:10,0
DA:11,0
DA:14,0
LF:5
LH:1
BRDA:29,0,0,0
BRDA:29,0,1,0
BRDA:30,1,0,0
BRDA:30,1,1,0
BRF:4
BRH:0
end_of_record
TN:
SF:src/components/Footer/Footer.js
FN:9,(anonymous_0)
FN:31,(anonymous_1)
FNF:2
FNH:0
FNDA:0,(anonymous_0)
FNDA:0,(anonymous_1)
DA:9,2
DA:11,0
DA:32,0
DA:36,0
LF:4
LH:1
BRDA:91,0,0,0
BRDA:91,0,1,0
BRDA:91,1,0,0
BRDA:91,1,1,0
BRDA:107,2,0,0
BRDA:107,2,1,0
BRDA:107,3,0,0
BRDA:107,3,1,0
BRDA:121,4,0,0
BRDA:121,4,1,0
BRDA:121,5,0,0
BRDA:121,5,1,0
BRDA:136,6,0,0
BRDA:136,6,1,0
BRDA:136,7,0,0
BRDA:136,7,1,0
BRF:16
BRH:0
end_of_record
TN:
SF:src/components/Header/Header.js
FN:7,(anonymous_0)
FNF:1
FNH:0
FNDA:0,(anonymous_0)
DA:7,2
DA:8,0
LF:2
LH:1
BRF:0
BRH:0
end_of_record
TN:
SF:src/components/HowToStart/HowToStart.js
FN:9,(anonymous_0)
FNF:1
FNH:0
FNDA:0,(anonymous_0)
DA:9,2
DA:10,0
LF:2
LH:1
BRF:0
BRH:0
end_of_record
TN:
SF:src/components/Intro/Intro.js
FN:4,(anonymous_0)
FNF:1
FNH:0
FNDA:0,(anonymous_0)
DA:4,2
DA:6,0
DA:26,0
LF:3
LH:1
BRF:0
BRH:0
end_of_record
TN:
SF:src/components/LocationSim/DriverSim.js
FN:17,(anonymous_0)
FN:24,(anonymous_1)
FN:28,(anonymous_2)
FN:33,(anonymous_3)
FN:38,(anonymous_4)
FN:121,(anonymous_5)
FNF:6
FNH:0
FNDA:0,(anonymous_0)
FNDA:0,(anonymous_1)
FNDA:0,(anonymous_2)
FNDA:0,(anonymous_3)
FNDA:0,(anonymous_4)
FNDA:0,(anonymous_5)
DA:17,2
DA:18,0
DA:20,0
DA:22,0
DA:24,0
DA:25,0
DA:28,0
DA:29,0
DA:30,0
DA:33,0
DA:34,0
DA:35,0
DA:38,0
DA:40,0
DA:42,0
DA:44,0
DA:121,2
DA:122,0
LF:18
LH:2
BRDA:65,0,0,0
BRDA:65,0,1,0
BRDA:86,1,0,0
BRDA:86,1,1,0
BRDA:86,2,0,0
BRDA:86,2,1,0
BRDA:87,3,0,0
BRDA:87,3,1,0
BRDA:88,4,0,0
BRDA:88,4,1,0
BRDA:101,5,0,0
BRDA:101,5,1,0
BRF:12
BRH:0
end_of_record
TN:
SF:src/components/LocationSim/LocationSim.js
FN:17,(anonymous_0)
FN:24,(anonymous_1)
FN:29,(anonymous_2)
FN:34,(anonymous_3)
FN:58,(anonymous_4)
FN:218,(anonymous_5)
FNF:6
FNH:0
FNDA:0,(anonymous_0)
FNDA:0,(anonymous_1)
FNDA:0,(anonymous_2)
FNDA:0,(anonymous_3)
FNDA:0,(anonymous_4)
FNDA:0,(anonymous_5)
DA:17,2
DA:18,0
DA:20,0
DA:21,0
DA:23,0
DA:24,0
DA:25,0
DA:26,0
DA:29,0
DA:30,0
DA:31,0
DA:34,0
DA:35,0
DA:38,0
DA:58,0
DA:218,2
DA:219,0
LF:17
LH:2
BRDA:68,0,0,0
BRDA:68,0,1,0
BRDA:68,1,0,0
BRDA:68,1,1,0
BRDA:69,2,0,0
BRDA:69,2,1,0
BRDA:70,3,0,0
BRDA:70,3,1,0
BRF:8
BRH:0
end_of_record
TN:
SF:src/components/LocationSim/locationSimUpdate.js
FN:17,(anonymous_0)
FN:24,(anonymous_1)
FN:50,(anonymous_2)
FN:209,(anonymous_3)
FNF:4
FNH:0
FNDA:0,(anonymous_0)
FNDA:0,(anonymous_1)
FNDA:0,(anonymous_2)
FNDA:0,(anonymous_3)
DA:17,0
DA:18,0
DA:20,0
DA:22,0
DA:24,0
DA:25,0
DA:30,0
DA:50,0
DA:209,0
DA:210,0
LF:10
LH:0
BRDA:59,0,0,0
BRDA:59,0,1,0
BRDA:59,1,0,0
BRDA:59,1,1,0
BRDA:60,2,0,0
BRDA:60,2,1,0
BRDA:61,3,0,0
BRDA:61,3,1,0
BRF:8
BRH:0
end_of_record
TN:
SF:src/components/Navbars/navbar/Navbar.js
FN:8,(anonymous_0)
FN:11,(anonymous_1)
FNF:2
FNH:1
FNDA:1,(anonymous_0)
FNDA:0,(anonymous_1)
DA:8,3
DA:9,1
DA:11,1
DA:12,0
DA:15,1
LF:5
LH:4
BRDA:30,0,0,1
BRDA:30,0,1,1
BRF:2
BRH:2
end_of_record
TN:
SF:src/components/ProtectedRoute/ProtectedRoute.js
FN:4,(anonymous_0)
FN:9,(anonymous_1)
FNF:2
FNH:0
FNDA:0,(anonymous_0)
FNDA:0,(anonymous_1)
DA:4,1
DA:5,0
DA:6,0
DA:10,0
DA:11,0
DA:13,0
LF:6
LH:1
BRDA:10,0,0,0
BRDA:10,0,1,0
BRF:2
BRH:0
end_of_record
TN:
SF:src/components/Services/Services.js
FN:7,(anonymous_0)
FNF:1
FNH:0
FNDA:0,(anonymous_0)
DA:7,2
DA:8,0
LF:2
LH:1
BRF:0
BRH:0
end_of_record
TN:
SF:src/components/Testimonials/Testimonials.js
FN:4,(anonymous_0)
FNF:1
FNH:0
FNDA:0,(anonymous_0)
DA:4,2
DA:5,0
LF:2
LH:1
BRF:0
BRH:0
end_of_record
TN:
SF:src/components/buttons/Buttons.js
FN:3,(anonymous_0)
FN:10,(anonymous_1)
FN:17,(anonymous_2)
FN:24,(anonymous_3)
FN:31,(anonymous_4)
FN:35,(anonymous_5)
FN:42,(anonymous_6)
FN:51,(anonymous_7)
FNF:8
FNH:0
FNDA:0,(anonymous_0)
FNDA:0,(anonymous_1)
FNDA:0,(anonymous_2)
FNDA:0,(anonymous_3)
FNDA:0,(anonymous_4)
FNDA:0,(anonymous_5)
FNDA:0,(anonymous_6)
FNDA:0,(anonymous_7)
DA:3,7
DA:4,0
DA:10,7
DA:11,0
DA:17,7
DA:18,0
DA:24,7
DA:25,0
DA:31,7
DA:32,0
DA:35,7
DA:36,0
DA:42,7
DA:43,0
DA:51,7
DA:52,0
LF:16
LH:8
BRF:0
BRH:0
end_of_record
TN:
SF:src/components/buttons/LebalButton.js
FN:2,(anonymous_0)
FN:11,(anonymous_1)
FN:62,(anonymous_2)
FNF:3
FNH:0
FNDA:0,(anonymous_0)
FNDA:0,(anonymous_1)
FNDA:0,(anonymous_2)
DA:2,4
DA:3,0
DA:10,4
DA:11,4
DA:12,0
DA:14,0
DA:22,0
DA:30,0
DA:38,0
DA:46,0
DA:54,0
DA:62,4
DA:63,0
DA:64,0
LF:14
LH:4
BRDA:11,0,0,0
BRDA:12,1,0,0
BRDA:12,1,1,0
BRDA:12,1,2,0
BRDA:12,1,3,0
BRDA:12,1,4,0
BRDA:12,1,5,0
BRDA:56,2,0,0
BRDA:56,2,1,0
BRF:9
BRH:0
end_of_record
TN:
SF:src/components/dashBoardLayout/DashBoardLayout.js
FN:8,(anonymous_0)
FN:14,handleWindowSizeChange
FN:18,(anonymous_2)
FN:19,(anonymous_3)
FN:23,(anonymous_4)
FN:28,(anonymous_5)
FNF:6
FNH:0
FNDA:0,(anonymous_0)
FNDA:0,handleWindowSizeChange
FNDA:0,(anonymous_2)
FNDA:0,(anonymous_3)
FNDA:0,(anonymous_4)
FNDA:0,(anonymous_5)
DA:8,7
DA:9,0
DA:10,0
DA:11,0
DA:13,0
DA:15,0
DA:16,0
DA:18,0
DA:19,0
DA:20,0
DA:23,0
DA:24,0
DA:28,0
DA:29,0
DA:30,0
DA:32,0
LF:16
LH:1
BRDA:16,0,0,0
BRDA:16,0,1,0
BRDA:35,1,0,0
BRDA:35,1,1,0
BRDA:43,2,0,0
BRDA:43,2,1,0
BRF:6
BRH:0
end_of_record
TN:
SF:src/components/fields/TextField.js
FN:10,(anonymous_0)
FN:11,(anonymous_1)
FN:28,(anonymous_2)
FN:31,(anonymous_3)
FNF:4
FNH:0
FNDA:0,(anonymous_0)
FNDA:0,(anonymous_1)
FNDA:0,(anonymous_2)
FNDA:0,(anonymous_3)
DA:10,2
DA:11,0
DA:12,0
DA:13,0
DA:29,0
DA:30,0
DA:31,0
DA:32,0
DA:33,0
DA:39,0
LF:10
LH:1
BRDA:43,0,0,0
BRDA:43,0,1,0
BRDA:47,1,0,0
BRDA:47,1,1,0
BRDA:52,2,0,0
BRDA:52,2,1,0
BRDA:59,3,0,0
BRDA:59,3,1,0
BRDA:65,4,0,0
BRDA:65,4,1,0
BRF:10
BRH:0
end_of_record
TN:
SF:src/components/header/DashBoardHeader.js
FN:10,(anonymous_0)
FN:17,(anonymous_1)
FN:30,(anonymous_2)
FN:37,(anonymous_3)
FNF:4
FNH:0
FNDA:0,(anonymous_0)
FNDA:0,(anonymous_1)
FNDA:0,(anonymous_2)
FNDA:0,(anonymous_3)
DA:10,7
DA:11,0
DA:12,0
DA:13,0
DA:14,0
DA:15,0
DA:17,0
DA:30,0
DA:37,7
DA:38,0
LF:10
LH:2
BRDA:30,0,0,0
BRDA:30,0,1,0
BRF:2
BRH:0
end_of_record
TN:
SF:src/components/icons/Icons.js
FNF:0
FNH:0
DA:6,2
DA:12,2
DA:18,2
LF:3
LH:3
BRF:0
BRH:0
end_of_record
TN:
SF:src/components/inputs/SearchInput.js
FNF:0
FNH:0
LF:0
LH:0
BRF:0
BRH:0
end_of_record
TN:
SF:src/components/links/Links.js
FN:5,(anonymous_0)
FNF:1
FNH:0
FNDA:0,(anonymous_0)
DA:5,7
DA:6,0
LF:2
LH:1
BRF:0
BRH:0
end_of_record
TN:
SF:src/components/logout/Logout.js
FN:14,(anonymous_0)
FN:18,(anonymous_1)
FN:19,(anonymous_2)
FNF:3
FNH:0
FNDA:0,(anonymous_0)
FNDA:0,(anonymous_1)
FNDA:0,(anonymous_2)
DA:14,1
DA:16,0
DA:18,0
DA:19,0
DA:20,0
DA:24,0
LF:6
LH:1
BRDA:39,0,0,0
BRDA:39,0,1,0
BRDA:40,1,0,0
BRDA:40,1,1,0
BRDA:56,2,0,0
BRDA:56,2,1,0
BRDA:57,3,0,0
BRDA:57,3,1,0
BRF:8
BRH:0
end_of_record
TN:
SF:src/components/notification/Notification.js
FN:6,(anonymous_0)
FN:9,(anonymous_1)
FN:10,(anonymous_2)
FN:25,(anonymous_3)
FNF:4
FNH:0
FNDA:0,(anonymous_0)
FNDA:0,(anonymous_1)
FNDA:0,(anonymous_2)
FNDA:0,(anonymous_3)
DA:6,7
DA:7,0
DA:9,0
DA:10,0
DA:11,0
DA:13,0
DA:26,0
LF:7
LH:1
BRDA:20,0,0,0
BRDA:20,0,1,0
BRF:2
BRH:0
end_of_record
TN:
SF:src/components/pagination/Pagination.js
FN:5,(anonymous_0)
FN:16,(anonymous_1)
FN:17,(anonymous_2)
FNF:3
FNH:0
FNDA:0,(anonymous_0)
FNDA:0,(anonymous_1)
FNDA:0,(anonymous_2)
DA:5,3
DA:6,0
DA:7,0
DA:8,0
DA:10,0
DA:17,0
LF:6
LH:1
BRF:0
BRH:0
end_of_record
TN:
SF:src/components/passwordReset/newpassword.js
FN:19,NewPassword
FN:32,(anonymous_1)
FNF:2
FNH:1
FNDA:2,NewPassword
FNDA:0,(anonymous_1)
DA:20,2
DA:21,2
DA:33,0
DA:37,2
LF:4
LH:3
BRDA:62,0,0,2
BRDA:62,0,1,0
BRDA:75,1,0,2
BRDA:75,1,1,0
BRF:4
BRH:2
end_of_record
TN:
SF:src/components/passwordReset/passwordereset.js
FN:10,PasswordReset
FN:13,(anonymous_1)
FN:17,(anonymous_2)
FN:28,(anonymous_3)
FN:31,(anonymous_4)
FNF:5
FNH:1
FNDA:1,PasswordReset
FNDA:0,(anonymous_1)
FNDA:0,(anonymous_2)
FNDA:0,(anonymous_3)
FNDA:0,(anonymous_4)
DA:11,1
DA:12,1
DA:13,1
DA:14,0
DA:16,1
DA:17,1
DA:18,1
DA:21,1
DA:29,0
DA:31,0
DA:32,0
DA:33,0
DA:37,1
LF:13
LH:8
BRDA:39,0,0,1
BRDA:39,0,1,1
BRDA:64,1,0,1
BRDA:64,1,1,0
BRDA:89,2,0,1
BRDA:89,2,1,0
BRDA:111,3,0,0
BRDA:111,3,1,0
BRF:8
BRH:4
end_of_record
TN:
SF:src/components/roles/Roles.js
FN:24,(anonymous_0)
FN:37,(anonymous_1)
FN:38,(anonymous_2)
FN:50,(anonymous_3)
FN:54,(anonymous_4)
FN:58,(anonymous_5)
FN:64,(anonymous_6)
FN:71,(anonymous_7)
FN:87,(anonymous_8)
FN:95,(anonymous_9)
FN:100,(anonymous_10)
FN:104,(anonymous_11)
FN:115,(anonymous_12)
FN:122,(anonymous_13)
FN:124,(anonymous_14)
FN:129,(anonymous_15)
FN:131,(anonymous_16)
FN:170,(anonymous_17)
FN:176,(anonymous_18)
FN:205,(anonymous_19)
FN:216,(anonymous_20)
FN:222,(anonymous_21)
FN:234,(anonymous_22)
FN:262,(anonymous_23)
FN:273,(anonymous_24)
FN:285,(anonymous_25)
FN:292,(anonymous_26)
FN:316,(anonymous_27)
FN:327,(anonymous_28)
FN:339,(anonymous_29)
FN:346,(anonymous_30)
FN:390,(anonymous_31)
FN:403,(anonymous_32)
FN:408,(anonymous_33)
FN:418,(anonymous_34)
FN:424,(anonymous_35)
FN:468,(anonymous_36)
FN:491,(anonymous_37)
FNF:38
FNH:3
FNDA:4,(anonymous_0)
FNDA:0,(anonymous_1)
FNDA:0,(anonymous_2)
FNDA:0,(anonymous_3)
FNDA:0,(anonymous_4)
FNDA:0,(anonymous_5)
FNDA:0,(anonymous_6)
FNDA:0,(anonymous_7)
FNDA:0,(anonymous_8)
FNDA:0,(anonymous_9)
FNDA:0,(anonymous_10)
FNDA:0,(anonymous_11)
FNDA:0,(anonymous_12)
FNDA:0,(anonymous_13)
FNDA:0,(anonymous_14)
FNDA:0,(anonymous_15)
FNDA:0,(anonymous_16)
FNDA:0,(anonymous_17)
FNDA:0,(anonymous_18)
FNDA:0,(anonymous_19)
FNDA:16,(anonymous_20)
FNDA:0,(anonymous_21)
FNDA:0,(anonymous_22)
FNDA:0,(anonymous_23)
FNDA:0,(anonymous_24)
FNDA:0,(anonymous_25)
FNDA:0,(anonymous_26)
FNDA:0,(anonymous_27)
FNDA:0,(anonymous_28)
FNDA:0,(anonymous_29)
FNDA:0,(anonymous_30)
FNDA:0,(anonymous_31)
FNDA:0,(anonymous_32)
FNDA:0,(anonymous_33)
FNDA:0,(anonymous_34)
FNDA:0,(anonymous_35)
FNDA:0,(anonymous_36)
FNDA:4,(anonymous_37)
DA:24,2
DA:25,4
DA:26,4
DA:27,4
DA:28,4
DA:29,4
DA:30,4
DA:31,4
DA:32,4
DA:33,4
DA:34,4
DA:35,4
DA:37,4
DA:38,0
DA:39,0
DA:44,4
DA:45,4
DA:46,4
DA:47,4
DA:50,4
DA:51,0
DA:52,0
DA:54,4
DA:55,0
DA:56,0
DA:58,4
DA:59,0
DA:60,0
DA:61,0
DA:64,4
DA:65,0
DA:68,0
DA:71,0
DA:73,0
DA:74,0
DA:76,0
DA:77,0
DA:79,0
DA:82,0
DA:87,4
DA:88,0
DA:91,0
DA:94,0
DA:95,0
DA:96,0
DA:100,4
DA:101,0
DA:102,0
DA:104,4
DA:105,0
DA:110,0
DA:111,0
DA:112,0
DA:115,4
DA:116,0
DA:117,0
DA:118,0
DA:119,0
DA:122,4
DA:123,0
DA:124,0
DA:125,0
DA:129,4
DA:130,0
DA:131,0
DA:132,0
DA:134,0
DA:137,4
DA:170,0
DA:176,0
DA:205,0
DA:217,16
DA:222,0
DA:234,0
DA:262,0
DA:273,0
DA:285,0
DA:292,0
DA:316,0
DA:327,0
DA:339,0
DA:346,0
DA:391,0
DA:405,0
DA:408,0
DA:418,0
DA:424,0
DA:469,0
DA:491,2
DA:492,4
LF:90
LH:31
BRDA:68,0,0,0
BRDA:68,0,1,0
BRDA:73,1,0,0
BRDA:73,1,1,0
BRDA:91,2,0,0
BRDA:91,2,1,0
BRDA:154,3,0,0
BRDA:154,3,1,4
BRDA:195,4,0,0
BRDA:195,4,1,4
BRDA:252,5,0,0
BRDA:252,5,1,4
BRDA:306,6,0,0
BRDA:306,6,1,4
BRDA:372,7,0,4
BRDA:372,7,1,4
BRDA:373,8,0,4
BRDA:373,8,1,0
BRDA:453,9,0,4
BRDA:453,9,1,4
BRDA:454,10,0,4
BRDA:454,10,1,0
BRF:22
BRH:10
end_of_record
TN:
SF:src/components/sidebar/SideBar.js
FN:18,(anonymous_0)
FN:57,(anonymous_1)
FN:107,(anonymous_2)
FN:117,(anonymous_3)
FNF:4
FNH:0
FNDA:0,(anonymous_0)
FNDA:0,(anonymous_1)
FNDA:0,(anonymous_2)
FNDA:0,(anonymous_3)
DA:18,7
DA:20,0
DA:21,0
DA:25,0
DA:57,0
DA:58,0
DA:59,0
DA:67,0
DA:75,0
DA:86,0
DA:87,0
DA:90,0
DA:91,0
DA:108,0
DA:117,7
DA:118,0
LF:16
LH:2
BRDA:27,0,0,0
BRDA:27,0,1,0
BRDA:27,1,0,0
BRDA:27,1,1,0
BRDA:29,2,0,0
BRDA:29,2,1,0
BRDA:29,3,0,0
BRDA:29,3,1,0
BRDA:29,3,2,0
BRDA:58,4,0,0
BRDA:58,4,1,0
BRDA:86,5,0,0
BRDA:86,5,1,0
BRDA:92,6,0,0
BRDA:92,6,1,0
BRDA:108,7,0,0
BRDA:108,7,1,0
BRF:17
BRH:0
end_of_record
TN:
SF:src/components/signInSkeleton/SkeletonElement.js
FN:4,(anonymous_0)
FNF:1
FNH:0
FNDA:0,(anonymous_0)
DA:4,2
DA:5,0
DA:6,0
LF:3
LH:1
BRF:0
BRH:0
end_of_record
TN:
SF:src/components/signInSkeleton/SkeletonUpdate.js
FN:4,(anonymous_0)
FNF:1
FNH:0
FNDA:0,(anonymous_0)
DA:4,2
DA:5,0
LF:2
LH:1
BRF:0
BRH:0
end_of_record
TN:
SF:src/components/skeletons/SkeletonElement.js
FN:3,(anonymous_0)
FNF:1
FNH:0
FNDA:0,(anonymous_0)
DA:3,3
DA:4,0
DA:5,0
LF:3
LH:1
BRF:0
BRH:0
end_of_record
TN:
SF:src/components/skeletons/SkeletonLogout.js
FN:4,(anonymous_0)
FNF:1
FNH:0
FNDA:0,(anonymous_0)
DA:4,2
DA:5,0
LF:2
LH:1
BRF:0
BRH:0
end_of_record
TN:
SF:src/components/skeletons/SkeletonUpdate.js
FN:4,(anonymous_0)
FNF:1
FNH:0
FNDA:0,(anonymous_0)
DA:4,2
DA:5,0
LF:2
LH:1
BRF:0
BRH:0
end_of_record
TN:
SF:src/components/skeletons/Map/Map.js
FN:4,(anonymous_0)
FNF:1
FNH:0
FNDA:0,(anonymous_0)
DA:4,3
DA:5,0
LF:2
LH:1
BRF:0
BRH:0
end_of_record
TN:
SF:src/components/skeletons/Tables/RemovePermisionSkeleton.js
FN:3,(anonymous_0)
FNF:1
FNH:0
FNDA:0,(anonymous_0)
DA:3,3
DA:4,0
LF:2
LH:1
BRF:0
BRH:0
end_of_record
TN:
SF:src/components/skeletons/Tables/TablePermissionsSkeleton.js
FN:3,(anonymous_0)
FNF:1
FNH:0
FNDA:0,(anonymous_0)
DA:3,2
DA:4,0
LF:2
LH:1
BRF:0
BRH:0
end_of_record
TN:
SF:src/components/skeletons/Tables/TableRolesSkeleton.js
FN:3,(anonymous_0)
FNF:1
FNH:0
FNDA:0,(anonymous_0)
DA:3,2
DA:4,0
LF:2
LH:1
BRF:0
BRH:0
end_of_record
TN:
SF:src/components/skeletons/Tables/TableSkeleton.js
FN:3,(anonymous_0)
FNF:1
FNH:0
FNDA:0,(anonymous_0)
DA:3,1
DA:4,0
LF:2
LH:1
BRF:0
BRH:0
end_of_record
TN:
SF:src/components/skeletons/cards/InfSkeleton.js
FN:2,(anonymous_0)
FNF:1
FNH:0
FNDA:0,(anonymous_0)
DA:2,3
DA:3,0
LF:2
LH:1
BRF:0
BRH:0
end_of_record
TN:
SF:src/components/skeletons/cards/Profile.js
FN:2,(anonymous_0)
FN:77,(anonymous_1)
FNF:2
FNH:0
FNDA:0,(anonymous_0)
FNDA:0,(anonymous_1)
DA:2,4
DA:3,0
DA:77,4
DA:78,0
LF:4
LH:2
BRF:0
BRH:0
end_of_record
TN:
SF:src/components/skeletons/cards/TrackCard.js
FN:6,(anonymous_0)
FN:48,(anonymous_1)
FN:51,(anonymous_2)
FNF:3
FNH:0
FNDA:0,(anonymous_0)
FNDA:0,(anonymous_1)
FNDA:0,(anonymous_2)
DA:4,1
DA:6,1
DA:7,0
DA:8,0
DA:48,1
DA:49,0
DA:50,0
DA:51,0
LF:8
LH:3
BRF:0
BRH:0
end_of_record
TN:
SF:src/components/table/Table.js
FN:4,(anonymous_0)
FN:6,(anonymous_1)
FN:7,(anonymous_2)
FN:21,(anonymous_3)
FN:24,(anonymous_4)
FN:37,(anonymous_5)
FN:42,(anonymous_6)
FNF:7
FNH:0
FNDA:0,(anonymous_0)
FNDA:0,(anonymous_1)
FNDA:0,(anonymous_2)
FNDA:0,(anonymous_3)
FNDA:0,(anonymous_4)
FNDA:0,(anonymous_5)
FNDA:0,(anonymous_6)
DA:4,0
DA:6,0
DA:7,0
DA:9,0
DA:16,0
DA:17,0
DA:22,0
DA:25,0
DA:38,0
DA:39,0
DA:43,0
LF:11
LH:0
BRF:0
BRH:0
end_of_record
TN:
SF:src/containers/BusSimulation/BusSimulation.js
FN:12,(anonymous_0)
FN:31,(anonymous_1)
FN:41,(anonymous_2)
FN:45,(anonymous_3)
FN:57,(anonymous_4)
FN:84,(anonymous_5)
FN:90,(anonymous_6)
FN:93,(anonymous_7)
FN:98,(anonymous_8)
FN:116,(anonymous_9)
FN:122,(anonymous_10)
FN:125,(anonymous_11)
FN:141,(anonymous_12)
FN:144,(anonymous_13)
FN:153,(anonymous_14)
FN:179,(anonymous_15)
FNF:16
FNH:2
FNDA:3,(anonymous_0)
FNDA:0,(anonymous_1)
FNDA:0,(anonymous_2)
FNDA:0,(anonymous_3)
FNDA:0,(anonymous_4)
FNDA:0,(anonymous_5)
FNDA:0,(anonymous_6)
FNDA:0,(anonymous_7)
FNDA:0,(anonymous_8)
FNDA:0,(anonymous_9)
FNDA:0,(anonymous_10)
FNDA:0,(anonymous_11)
FNDA:0,(anonymous_12)
FNDA:0,(anonymous_13)
FNDA:0,(anonymous_14)
FNDA:3,(anonymous_15)
DA:12,2
DA:13,3
DA:14,3
DA:15,3
DA:16,3
DA:17,3
DA:19,3
DA:20,3
DA:21,3
DA:25,3
DA:26,3
DA:31,3
DA:32,0
DA:33,0
DA:34,0
DA:36,0
DA:38,0
DA:41,3
DA:42,0
DA:45,3
DA:46,0
DA:47,0
DA:48,0
DA:49,0
DA:51,0
DA:53,0
DA:54,0
DA:57,3
DA:59,0
DA:61,0
DA:62,0
DA:64,0
DA:65,0
DA:67,0
DA:68,0
DA:71,0
DA:72,0
DA:75,3
DA:84,0
DA:90,0
DA:93,0
DA:98,0
DA:116,0
DA:122,0
DA:125,0
DA:141,0
DA:144,0
DA:153,0
DA:179,2
DA:180,3
LF:50
LH:18
BRDA:33,0,0,0
BRDA:33,0,1,0
BRDA:47,1,0,0
BRDA:47,1,1,0
BRDA:48,2,0,0
BRDA:48,2,1,0
BRDA:57,3,0,0
BRDA:59,4,0,0
BRDA:59,4,1,0
BRDA:59,4,2,0
BRDA:59,4,3,0
BRDA:78,5,0,0
BRDA:78,5,1,3
BRDA:110,6,0,0
BRDA:110,6,1,3
BRDA:137,7,0,0
BRDA:137,7,1,3
BRDA:169,8,0,0
BRDA:169,8,1,3
BRF:19
BRH:4
end_of_record
TN:
SF:src/containers/Dashboard/Dashboard.js
FN:7,(anonymous_0)
FN:11,(anonymous_1)
FN:26,(anonymous_2)
FN:42,(anonymous_3)
FNF:4
FNH:0
FNDA:0,(anonymous_0)
FNDA:0,(anonymous_1)
FNDA:0,(anonymous_2)
FNDA:0,(anonymous_3)
DA:7,1
DA:8,0
DA:9,0
DA:10,0
DA:11,0
DA:12,0
DA:15,0
DA:17,0
DA:27,0
DA:42,1
DA:43,0
LF:11
LH:2
BRDA:22,0,0,0
BRDA:22,0,1,0
BRDA:22,0,2,0
BRDA:24,1,0,0
BRDA:24,1,1,0
BRDA:24,2,0,0
BRDA:24,2,1,0
BRF:7
BRH:0
end_of_record
TN:
SF:src/containers/Home/Home.js
FN:12,(anonymous_0)
FNF:1
FNH:1
FNDA:7,(anonymous_0)
DA:12,2
DA:14,7
LF:2
LH:2
BRF:0
BRH:0
end_of_record
TN:
SF:src/containers/OperatorDriverBus/OperatorAssignBus.js
FN:23,(anonymous_0)
FN:46,(anonymous_1)
FN:47,(anonymous_2)
FN:89,(anonymous_3)
FN:93,(anonymous_4)
FN:95,(anonymous_5)
FN:103,(anonymous_6)
FN:108,(anonymous_7)
FN:139,(anonymous_8)
FN:146,(anonymous_9)
FN:154,(anonymous_10)
FN:155,(anonymous_11)
FN:210,(anonymous_12)
FN:212,(anonymous_13)
FN:236,(anonymous_14)
FN:238,(anonymous_15)
FN:241,(anonymous_16)
FN:334,(anonymous_17)
FNF:18
FNH:0
FNDA:0,(anonymous_0)
FNDA:0,(anonymous_1)
FNDA:0,(anonymous_2)
FNDA:0,(anonymous_3)
FNDA:0,(anonymous_4)
FNDA:0,(anonymous_5)
FNDA:0,(anonymous_6)
FNDA:0,(anonymous_7)
FNDA:0,(anonymous_8)
FNDA:0,(anonymous_9)
FNDA:0,(anonymous_10)
FNDA:0,(anonymous_11)
FNDA:0,(anonymous_12)
FNDA:0,(anonymous_13)
FNDA:0,(anonymous_14)
FNDA:0,(anonymous_15)
FNDA:0,(anonymous_16)
FNDA:0,(anonymous_17)
DA:23,1
DA:24,0
DA:25,0
DA:26,0
DA:27,0
DA:28,0
DA:29,0
DA:30,0
DA:31,0
DA:33,0
DA:34,0
DA:39,0
DA:40,0
DA:41,0
DA:43,0
DA:46,0
DA:47,0
DA:48,0
DA:50,0
DA:56,0
DA:73,0
DA:74,0
DA:75,0
DA:76,0
DA:78,0
DA:79,0
DA:81,0
DA:82,0
DA:85,0
DA:86,0
DA:87,0
DA:89,0
DA:93,0
DA:95,0
DA:96,0
DA:97,0
DA:98,0
DA:99,0
DA:100,0
DA:101,0
DA:103,0
DA:104,0
DA:105,0
DA:106,0
DA:108,0
DA:109,0
DA:112,0
DA:115,0
DA:116,0
DA:117,0
DA:119,0
DA:122,0
DA:139,0
DA:146,0
DA:154,0
DA:156,0
DA:211,0
DA:212,0
DA:237,0
DA:238,0
DA:241,0
DA:334,1
DA:335,0
LF:63
LH:2
BRDA:112,0,0,0
BRDA:112,0,1,0
BRDA:136,1,0,0
BRDA:136,1,1,0
BRDA:187,2,0,0
BRDA:187,2,1,0
BRDA:196,3,0,0
BRDA:196,3,1,0
BRDA:198,4,0,0
BRDA:198,4,1,0
BRDA:226,5,0,0
BRDA:226,5,1,0
BRDA:266,6,0,0
BRDA:266,6,1,0
BRDA:267,7,0,0
BRDA:267,7,1,0
BRF:16
BRH:0
end_of_record
TN:
SF:src/containers/RegisterBus/RegisterBus.js
FN:4,(anonymous_0)
FNF:1
FNH:0
FNDA:0,(anonymous_0)
DA:4,1
DA:5,0
LF:2
LH:1
BRF:0
BRH:0
end_of_record
TN:
SF:src/containers/RegisterDriverOperator/RegisterDriver.js
FN:22,(anonymous_0)
FN:32,(anonymous_1)
FN:33,(anonymous_2)
FN:40,(anonymous_3)
FN:43,(anonymous_4)
FN:49,(anonymous_5)
FN:62,(anonymous_6)
FN:91,(anonymous_7)
FN:97,(anonymous_8)
FN:100,(anonymous_9)
FN:105,(anonymous_10)
FN:110,(anonymous_11)
FN:115,(anonymous_12)
FN:120,(anonymous_13)
FNF:14
FNH:0
FNDA:0,(anonymous_0)
FNDA:0,(anonymous_1)
FNDA:0,(anonymous_2)
FNDA:0,(anonymous_3)
FNDA:0,(anonymous_4)
FNDA:0,(anonymous_5)
FNDA:0,(anonymous_6)
FNDA:0,(anonymous_7)
FNDA:0,(anonymous_8)
FNDA:0,(anonymous_9)
FNDA:0,(anonymous_10)
FNDA:0,(anonymous_11)
FNDA:0,(anonymous_12)
FNDA:0,(anonymous_13)
DA:22,1
DA:23,0
DA:24,0
DA:25,0
DA:26,0
DA:27,0
DA:28,0
DA:29,0
DA:32,0
DA:33,0
DA:34,0
DA:40,0
DA:43,0
DA:44,0
DA:45,0
DA:49,0
DA:50,0
DA:53,0
DA:54,0
DA:55,0
DA:56,0
DA:57,0
DA:59,0
DA:60,0
DA:62,0
DA:63,0
DA:67,0
DA:71,0
DA:91,0
DA:97,0
DA:100,0
DA:105,0
DA:110,0
DA:115,0
DA:120,0
LF:35
LH:1
BRDA:53,0,0,0
BRDA:53,0,1,0
BRDA:54,1,0,0
BRDA:54,1,1,0
BRDA:55,2,0,0
BRDA:55,2,1,0
BRDA:56,3,0,0
BRDA:56,3,1,0
BRDA:57,4,0,0
BRDA:57,4,1,0
BRDA:60,5,0,0
BRDA:60,5,1,0
BRDA:74,6,0,0
BRDA:74,6,1,0
BRDA:153,7,0,0
BRDA:153,7,1,0
BRDA:162,8,0,0
BRDA:162,8,1,0
BRDA:164,9,0,0
BRDA:164,9,1,0
BRDA:188,10,0,0
BRDA:188,10,1,0
BRDA:214,11,0,0
BRDA:214,11,1,0
BRDA:239,12,0,0
BRDA:239,12,1,0
BRDA:264,13,0,0
BRDA:264,13,1,0
BRDA:289,14,0,0
BRDA:289,14,1,0
BRDA:330,15,0,0
BRDA:330,15,1,0
BRDA:331,16,0,0
BRDA:331,16,1,0
BRDA:376,17,0,0
BRDA:376,17,1,0
BRDA:384,18,0,0
BRDA:384,18,1,0
BRDA:391,19,0,0
BRDA:391,19,1,0
BRF:40
BRH:0
end_of_record
TN:
SF:src/containers/RegisterDriverOperator/RegisterOperator.js
FN:23,(anonymous_0)
FN:32,(anonymous_1)
FN:33,(anonymous_2)
FN:39,(anonymous_3)
FN:45,(anonymous_4)
FN:47,(anonymous_5)
FN:59,(anonymous_6)
FN:85,(anonymous_7)
FN:94,(anonymous_8)
FN:99,(anonymous_9)
FN:104,(anonymous_10)
FN:109,(anonymous_11)
FN:140,(anonymous_12)
FNF:13
FNH:0
FNDA:0,(anonymous_0)
FNDA:0,(anonymous_1)
FNDA:0,(anonymous_2)
FNDA:0,(anonymous_3)
FNDA:0,(anonymous_4)
FNDA:0,(anonymous_5)
FNDA:0,(anonymous_6)
FNDA:0,(anonymous_7)
FNDA:0,(anonymous_8)
FNDA:0,(anonymous_9)
FNDA:0,(anonymous_10)
FNDA:0,(anonymous_11)
FNDA:0,(anonymous_12)
DA:23,1
DA:24,0
DA:25,0
DA:26,0
DA:27,0
DA:28,0
DA:29,0
DA:32,0
DA:33,0
DA:34,0
DA:39,0
DA:40,0
DA:41,0
DA:45,0
DA:47,0
DA:48,0
DA:50,0
DA:51,0
DA:52,0
DA:53,0
DA:55,0
DA:56,0
DA:59,0
DA:60,0
DA:64,0
DA:66,0
DA:85,0
DA:94,0
DA:99,0
DA:104,0
DA:109,0
DA:140,0
LF:32
LH:1
BRDA:50,0,0,0
BRDA:50,0,1,0
BRDA:51,1,0,0
BRDA:51,1,1,0
BRDA:52,2,0,0
BRDA:52,2,1,0
BRDA:53,3,0,0
BRDA:53,3,1,0
BRDA:56,4,0,0
BRDA:56,4,1,0
BRDA:69,5,0,0
BRDA:69,5,1,0
BRDA:138,6,0,0
BRDA:138,6,1,0
BRDA:147,7,0,0
BRDA:147,7,1,0
BRDA:148,8,0,0
BRDA:148,8,1,0
BRDA:172,9,0,0
BRDA:172,9,1,0
BRDA:196,10,0,0
BRDA:196,10,1,0
BRDA:220,11,0,0
BRDA:220,11,1,0
BRDA:244,12,0,0
BRDA:244,12,1,0
BRDA:268,13,0,0
BRDA:268,13,1,0
BRDA:307,14,0,0
BRDA:307,14,1,0
BRDA:308,15,0,0
BRDA:308,15,1,0
BRDA:353,16,0,0
BRDA:353,16,1,0
BRDA:361,17,0,0
BRDA:361,17,1,0
BRDA:367,18,0,0
BRDA:367,18,1,0
BRF:38
BRH:0
end_of_record
TN:
SF:src/containers/Routes/AddRoute.js
FN:28,AddRoute
FN:53,(anonymous_1)
FN:56,(anonymous_2)
FN:61,(anonymous_3)
FN:66,(anonymous_4)
FN:67,(anonymous_5)
FN:72,(anonymous_6)
FN:106,(anonymous_7)
FN:125,(anonymous_8)
FN:130,(anonymous_9)
FN:138,(anonymous_10)
FN:145,(anonymous_11)
FN:153,(anonymous_12)
FN:154,(anonymous_13)
FN:158,(anonymous_14)
FN:162,(anonymous_15)
FN:166,(anonymous_16)
FN:182,(anonymous_17)
FN:188,(anonymous_18)
FN:221,(anonymous_19)
FN:263,(anonymous_20)
FN:282,(anonymous_21)
FN:315,(anonymous_22)
FN:326,(anonymous_23)
FN:337,(anonymous_24)
FN:347,(anonymous_25)
FN:357,(anonymous_26)
FN:367,(anonymous_27)
FN:372,(anonymous_28)
FN:384,(anonymous_29)
FN:397,(anonymous_30)
FN:402,(anonymous_31)
FN:414,(anonymous_32)
FN:444,(anonymous_33)
FN:470,(anonymous_34)
FN:481,(anonymous_35)
FN:492,(anonymous_36)
FN:504,(anonymous_37)
FN:517,(anonymous_38)
FN:529,(anonymous_39)
FN:534,(anonymous_40)
FN:546,(anonymous_41)
FN:561,(anonymous_42)
FN:566,(anonymous_43)
FN:578,(anonymous_44)
FN:637,(anonymous_45)
FN:689,(anonymous_46)
FN:692,(anonymous_47)
FN:720,(anonymous_48)
FN:725,(anonymous_49)
FN:733,(anonymous_50)
FN:766,(anonymous_51)
FN:1099,(anonymous_52)
FNF:53
FNH:0
FNDA:0,AddRoute
FNDA:0,(anonymous_1)
FNDA:0,(anonymous_2)
FNDA:0,(anonymous_3)
FNDA:0,(anonymous_4)
FNDA:0,(anonymous_5)
FNDA:0,(anonymous_6)
FNDA:0,(anonymous_7)
FNDA:0,(anonymous_8)
FNDA:0,(anonymous_9)
FNDA:0,(anonymous_10)
FNDA:0,(anonymous_11)
FNDA:0,(anonymous_12)
FNDA:0,(anonymous_13)
FNDA:0,(anonymous_14)
FNDA:0,(anonymous_15)
FNDA:0,(anonymous_16)
FNDA:0,(anonymous_17)
FNDA:0,(anonymous_18)
FNDA:0,(anonymous_19)
FNDA:0,(anonymous_20)
FNDA:0,(anonymous_21)
FNDA:0,(anonymous_22)
FNDA:0,(anonymous_23)
FNDA:0,(anonymous_24)
FNDA:0,(anonymous_25)
FNDA:0,(anonymous_26)
FNDA:0,(anonymous_27)
FNDA:0,(anonymous_28)
FNDA:0,(anonymous_29)
FNDA:0,(anonymous_30)
FNDA:0,(anonymous_31)
FNDA:0,(anonymous_32)
FNDA:0,(anonymous_33)
FNDA:0,(anonymous_34)
FNDA:0,(anonymous_35)
FNDA:0,(anonymous_36)
FNDA:0,(anonymous_37)
FNDA:0,(anonymous_38)
FNDA:0,(anonymous_39)
FNDA:0,(anonymous_40)
FNDA:0,(anonymous_41)
FNDA:0,(anonymous_42)
FNDA:0,(anonymous_43)
FNDA:0,(anonymous_44)
FNDA:0,(anonymous_45)
FNDA:0,(anonymous_46)
FNDA:0,(anonymous_47)
FNDA:0,(anonymous_48)
FNDA:0,(anonymous_49)
FNDA:0,(anonymous_50)
FNDA:0,(anonymous_51)
FNDA:0,(anonymous_52)
DA:26,1
DA:29,0
DA:30,0
DA:31,0
DA:32,0
DA:33,0
DA:34,0
DA:35,0
DA:36,0
DA:37,0
DA:38,0
DA:39,0
DA:40,0
DA:43,0
DA:44,0
DA:49,0
DA:50,0
DA:51,0
DA:53,0
DA:55,0
DA:56,0
DA:57,0
DA:58,0
DA:61,0
DA:62,0
DA:63,0
DA:66,0
DA:67,0
DA:68,0
DA:72,0
DA:73,0
DA:74,0
DA:77,0
DA:78,0
DA:79,0
DA:80,0
DA:81,0
DA:82,0
DA:83,0
DA:84,0
DA:85,0
DA:86,0
DA:93,0
DA:105,0
DA:106,0
DA:107,0
DA:108,0
DA:109,0
DA:110,0
DA:111,0
DA:112,0
DA:113,0
DA:114,0
DA:115,0
DA:116,0
DA:118,0
DA:121,0
DA:122,0
DA:123,0
DA:125,0
DA:126,0
DA:127,0
DA:129,0
DA:130,0
DA:131,0
DA:132,0
DA:133,0
DA:134,0
DA:137,0
DA:138,0
DA:139,0
DA:140,0
DA:141,0
DA:142,0
DA:145,0
DA:146,0
DA:147,0
DA:148,0
DA:149,0
DA:150,0
DA:152,0
DA:153,0
DA:154,0
DA:155,0
DA:158,0
DA:159,0
DA:160,0
DA:162,0
DA:163,0
DA:164,0
DA:165,0
DA:166,0
DA:167,0
DA:168,0
DA:169,0
DA:170,0
DA:171,0
DA:172,0
DA:173,0
DA:174,0
DA:175,0
DA:176,0
DA:177,0
DA:181,0
DA:182,0
DA:183,0
DA:185,0
DA:187,0
DA:188,0
DA:189,0
DA:192,0
DA:193,0
DA:194,0
DA:195,0
DA:196,0
DA:197,0
DA:198,0
DA:199,0
DA:200,0
DA:201,0
DA:208,0
DA:220,0
DA:221,0
DA:222,0
DA:223,0
DA:224,0
DA:225,0
DA:226,0
DA:227,0
DA:228,0
DA:229,0
DA:230,0
DA:231,0
DA:232,0
DA:234,0
DA:237,0
DA:263,0
DA:283,0
DA:316,0
DA:317,0
DA:326,0
DA:337,0
DA:347,0
DA:357,0
DA:368,0
DA:370,0
DA:374,0
DA:375,0
DA:379,0
DA:381,0
DA:398,0
DA:400,0
DA:404,0
DA:405,0
DA:409,0
DA:411,0
DA:444,0
DA:471,0
DA:472,0
DA:481,0
DA:492,0
DA:504,0
DA:517,0
DA:530,0
DA:532,0
DA:536,0
DA:537,0
DA:541,0
DA:543,0
DA:562,0
DA:564,0
DA:568,0
DA:569,0
DA:573,0
DA:575,0
DA:637,0
DA:690,0
DA:693,0
DA:720,0
DA:726,0
DA:734,0
DA:735,0
DA:736,0
DA:737,0
DA:738,0
DA:766,0
DA:1099,1
DA:1100,0
LF:188
LH:2
BRDA:77,0,0,0
BRDA:77,0,1,0
BRDA:79,1,0,0
BRDA:79,1,1,0
BRDA:81,2,0,0
BRDA:81,2,1,0
BRDA:83,3,0,0
BRDA:83,3,1,0
BRDA:85,4,0,0
BRDA:85,4,1,0
BRDA:85,5,0,0
BRDA:85,5,1,0
BRDA:85,5,2,0
BRDA:85,5,3,0
BRDA:162,6,0,0
BRDA:164,7,0,0
BRDA:164,7,1,0
BRDA:192,8,0,0
BRDA:192,8,1,0
BRDA:194,9,0,0
BRDA:194,9,1,0
BRDA:196,10,0,0
BRDA:196,10,1,0
BRDA:198,11,0,0
BRDA:198,11,1,0
BRDA:200,12,0,0
BRDA:200,12,1,0
BRDA:200,13,0,0
BRDA:200,13,1,0
BRDA:200,13,2,0
BRDA:200,13,3,0
BRDA:253,14,0,0
BRDA:253,14,1,0
BRDA:305,15,0,0
BRDA:305,15,1,0
BRDA:374,16,0,0
BRDA:374,16,1,0
BRDA:404,17,0,0
BRDA:404,17,1,0
BRDA:460,18,0,0
BRDA:460,18,1,0
BRDA:536,19,0,0
BRDA:536,19,1,0
BRDA:568,20,0,0
BRDA:568,20,1,0
BRDA:627,21,0,0
BRDA:627,21,1,0
BRDA:662,22,0,0
BRDA:662,22,1,0
BRDA:663,23,0,0
BRDA:663,23,1,0
BRDA:779,24,0,0
BRDA:779,24,1,0
BRDA:1077,25,0,0
BRDA:1077,25,1,0
BRF:55
BRH:0
end_of_record
TN:
SF:src/containers/Routes/DeleteRoute.js
FN:3,DeleteRoute
FN:4,(anonymous_1)
FN:5,(anonymous_2)
FN:18,(anonymous_3)
FNF:4
FNH:0
FNDA:0,DeleteRoute
FNDA:0,(anonymous_1)
FNDA:0,(anonymous_2)
FNDA:0,(anonymous_3)
DA:4,0
DA:5,0
DA:6,0
DA:7,0
DA:9,0
DA:18,0
LF:6
LH:0
BRF:0
BRH:0
end_of_record
TN:
SF:src/containers/Routes/RouteInfoSkeleton.js
FN:5,RouteInfoSkeleton
FNF:1
FNH:0
FNDA:0,RouteInfoSkeleton
DA:6,0
LF:1
LH:0
BRF:0
BRH:0
end_of_record
TN:
SF:src/containers/SignIn/BlackPage.js
FN:3,(anonymous_0)
FNF:1
FNH:0
FNDA:0,(anonymous_0)
DA:3,0
DA:4,0
LF:2
LH:0
BRF:0
BRH:0
end_of_record
TN:
SF:src/containers/SignIn/LoginForm.js
FN:16,(anonymous_0)
FN:21,(anonymous_1)
FN:22,(anonymous_2)
FN:43,(anonymous_3)
FN:162,(anonymous_4)
FNF:5
FNH:2
FNDA:2,(anonymous_0)
FNDA:0,(anonymous_1)
FNDA:0,(anonymous_2)
FNDA:0,(anonymous_3)
FNDA:2,(anonymous_4)
DA:16,2
DA:17,2
DA:18,2
DA:19,2
DA:20,2
DA:21,2
DA:22,0
DA:23,0
DA:27,2
DA:44,0
DA:52,0
DA:53,0
DA:55,0
DA:56,0
DA:58,0
DA:59,0
DA:61,0
DA:62,0
DA:63,0
DA:68,2
DA:162,2
DA:163,2
LF:22
LH:10
BRDA:52,0,0,0
BRDA:52,0,1,0
BRDA:55,1,0,0
BRDA:55,1,1,0
BRDA:58,2,0,0
BRDA:58,2,1,0
BRDA:77,3,0,2
BRDA:77,3,1,2
BRDA:78,4,0,2
BRDA:78,4,1,0
BRDA:102,5,0,0
BRDA:102,5,1,0
BRDA:102,6,0,0
BRDA:102,6,1,0
BRDA:116,7,0,0
BRDA:116,7,1,0
BRDA:116,8,0,0
BRDA:116,8,1,0
BRF:18
BRH:3
end_of_record
TN:
SF:src/containers/SignUp/SignUp.js
FN:14,(anonymous_0)
FN:17,(anonymous_1)
FN:18,(anonymous_2)
FN:47,(anonymous_3)
FN:56,(anonymous_4)
FN:182,(anonymous_5)
FNF:6
FNH:0
FNDA:0,(anonymous_0)
FNDA:0,(anonymous_1)
FNDA:0,(anonymous_2)
FNDA:0,(anonymous_3)
FNDA:0,(anonymous_4)
FNDA:0,(anonymous_5)
DA:14,1
DA:15,0
DA:16,0
DA:17,0
DA:18,0
DA:19,0
DA:22,0
DA:24,0
DA:48,0
DA:53,0
DA:56,0
DA:182,1
DA:183,0
LF:13
LH:2
BRDA:60,0,0,0
BRDA:60,0,1,0
BRDA:61,1,0,0
BRDA:61,1,1,0
BRDA:85,2,0,0
BRDA:85,2,1,0
BRDA:85,3,0,0
BRDA:85,3,1,0
BRDA:100,4,0,0
BRDA:100,4,1,0
BRDA:100,5,0,0
BRDA:100,5,1,0
BRDA:116,6,0,0
BRDA:116,6,1,0
BRDA:116,7,0,0
BRDA:116,7,1,0
BRDA:130,8,0,0
BRDA:130,8,1,0
BRDA:130,9,0,0
BRDA:130,9,1,0
BRDA:144,10,0,0
BRDA:144,10,1,0
BRDA:144,11,0,0
BRDA:144,11,1,0
BRF:24
BRH:0
end_of_record
TN:
SF:src/containers/busesOp/Busesoperat.js
FN:21,(anonymous_0)
FN:46,(anonymous_1)
FN:47,(anonymous_2)
FN:58,(anonymous_3)
FN:59,(anonymous_4)
FN:74,(anonymous_5)
FN:75,(anonymous_6)
FN:77,(anonymous_7)
FN:83,(anonymous_8)
FN:86,(anonymous_9)
FN:97,(anonymous_10)
FN:117,(anonymous_11)
FN:130,(anonymous_12)
FN:147,(anonymous_13)
FN:159,(anonymous_14)
FN:163,(anonymous_15)
FN:169,(anonymous_16)
FN:174,(anonymous_17)
FN:175,(anonymous_18)
FN:201,(anonymous_19)
FN:204,(anonymous_20)
FN:209,(anonymous_21)
FN:214,(anonymous_22)
FN:219,(anonymous_23)
FN:242,(anonymous_24)
FN:245,(anonymous_25)
FN:250,(anonymous_26)
FN:255,(anonymous_27)
FN:259,(anonymous_28)
FN:280,(anonymous_29)
FN:329,(anonymous_30)
FN:344,(anonymous_31)
FN:345,(anonymous_32)
FN:346,(anonymous_33)
FN:349,(anonymous_34)
FN:364,(anonymous_35)
FN:407,(anonymous_36)
FN:438,(anonymous_37)
FNF:38
FNH:3
FNDA:5,(anonymous_0)
FNDA:0,(anonymous_1)
FNDA:0,(anonymous_2)
FNDA:0,(anonymous_3)
FNDA:0,(anonymous_4)
FNDA:0,(anonymous_5)
FNDA:5,(anonymous_6)
FNDA:0,(anonymous_7)
FNDA:0,(anonymous_8)
FNDA:0,(anonymous_9)
FNDA:0,(anonymous_10)
FNDA:0,(anonymous_11)
FNDA:0,(anonymous_12)
FNDA:0,(anonymous_13)
FNDA:0,(anonymous_14)
FNDA:0,(anonymous_15)
FNDA:0,(anonymous_16)
FNDA:0,(anonymous_17)
FNDA:0,(anonymous_18)
FNDA:0,(anonymous_19)
FNDA:0,(anonymous_20)
FNDA:0,(anonymous_21)
FNDA:0,(anonymous_22)
FNDA:0,(anonymous_23)
FNDA:0,(anonymous_24)
FNDA:0,(anonymous_25)
FNDA:0,(anonymous_26)
FNDA:0,(anonymous_27)
FNDA:0,(anonymous_28)
FNDA:0,(anonymous_29)
FNDA:0,(anonymous_30)
FNDA:0,(anonymous_31)
FNDA:0,(anonymous_32)
FNDA:0,(anonymous_33)
FNDA:0,(anonymous_34)
FNDA:0,(anonymous_35)
FNDA:0,(anonymous_36)
FNDA:5,(anonymous_37)
DA:21,3
DA:24,5
DA:26,5
DA:28,5
DA:29,5
DA:30,5
DA:31,5
DA:33,5
DA:34,5
DA:36,5
DA:46,5
DA:47,0
DA:48,0
DA:52,5
DA:53,5
DA:54,5
DA:55,5
DA:58,5
DA:59,0
DA:60,0
DA:68,5
DA:70,5
DA:71,5
DA:72,5
DA:74,5
DA:75,5
DA:77,5
DA:78,0
DA:79,0
DA:83,5
DA:84,0
DA:85,0
DA:86,0
DA:87,0
DA:88,0
DA:89,0
DA:90,0
DA:91,0
DA:97,5
DA:98,0
DA:101,0
DA:102,0
DA:103,0
DA:107,0
DA:112,0
DA:113,0
DA:116,0
DA:117,0
DA:118,0
DA:119,0
DA:120,0
DA:121,0
DA:122,0
DA:126,0
DA:130,5
DA:131,0
DA:134,0
DA:135,0
DA:136,0
DA:140,0
DA:146,0
DA:147,0
DA:148,0
DA:149,0
DA:150,0
DA:151,0
DA:152,0
DA:156,0
DA:159,5
DA:160,0
DA:162,0
DA:163,0
DA:164,0
DA:166,0
DA:169,5
DA:170,0
DA:171,0
DA:174,5
DA:175,0
DA:178,5
DA:201,0
DA:204,0
DA:209,0
DA:214,0
DA:220,0
DA:221,0
DA:242,0
DA:245,0
DA:250,0
DA:255,0
DA:259,0
DA:280,0
DA:330,0
DA:344,0
DA:345,0
DA:346,0
DA:350,0
DA:364,0
DA:408,0
DA:438,3
DA:439,5
LF:101
LH:32
BRDA:83,0,0,0
BRDA:85,1,0,0
BRDA:85,1,1,0
BRDA:101,2,0,0
BRDA:101,2,1,0
BRDA:102,3,0,0
BRDA:102,3,1,0
BRDA:103,4,0,0
BRDA:103,4,1,0
BRDA:112,5,0,0
BRDA:112,5,1,0
BRDA:134,6,0,0
BRDA:134,6,1,0
BRDA:135,7,0,0
BRDA:135,7,1,0
BRDA:136,8,0,0
BRDA:136,8,1,0
BRDA:192,9,0,0
BRDA:192,9,1,5
BRDA:233,10,0,0
BRDA:233,10,1,5
BRDA:269,11,0,0
BRDA:269,11,1,5
BRDA:309,12,0,5
BRDA:309,12,1,5
BRDA:312,13,0,5
BRDA:312,13,1,5
BRDA:314,14,0,5
BRDA:314,14,1,0
BRDA:328,15,0,0
BRDA:328,15,1,0
BRDA:391,16,0,5
BRDA:391,16,1,5
BRDA:392,17,0,5
BRDA:392,17,1,0
BRF:35
BRH:11
end_of_record
TN:
SF:src/containers/profile/Profile.js
FN:17,(anonymous_0)
FN:33,(anonymous_1)
FN:34,(anonymous_2)
FN:43,(anonymous_3)
FN:46,(anonymous_4)
FN:51,(anonymous_5)
FN:60,(anonymous_6)
FN:62,(anonymous_7)
FN:214,(anonymous_8)
FNF:9
FNH:2
FNDA:2,(anonymous_0)
FNDA:0,(anonymous_1)
FNDA:0,(anonymous_2)
FNDA:0,(anonymous_3)
FNDA:0,(anonymous_4)
FNDA:0,(anonymous_5)
FNDA:0,(anonymous_6)
FNDA:0,(anonymous_7)
FNDA:2,(anonymous_8)
DA:17,2
DA:18,2
DA:19,2
DA:20,2
DA:30,2
DA:33,2
DA:34,0
DA:35,0
DA:41,2
DA:44,0
DA:45,0
DA:47,0
DA:51,0
DA:52,0
DA:56,0
DA:60,2
DA:61,0
DA:62,0
DA:63,0
DA:68,2
DA:214,2
DA:215,2
LF:22
LH:11
BRDA:83,0,0,2
BRDA:83,0,1,2
BRDA:84,1,0,2
BRDA:84,1,1,0
BRDA:91,2,0,0
BRDA:91,2,1,0
BRDA:108,3,0,2
BRDA:108,3,1,2
BRDA:109,4,0,2
BRDA:109,4,1,0
BRDA:171,5,0,0
BRDA:171,5,1,0
BRDA:180,6,0,0
BRDA:180,6,1,0
BRF:14
BRH:6
end_of_record
TN:
SF:src/functions/BusTrack.js
FN:3,BusTrack
FN:7,(anonymous_1)
FNF:2
FNH:0
FNDA:0,BusTrack
FNDA:0,(anonymous_1)
DA:4,0
DA:5,0
DA:7,0
DA:8,0
DA:11,0
LF:5
LH:0
BRDA:8,0,0,0
BRDA:8,0,1,0
BRDA:8,1,0,0
BRDA:8,1,1,0
BRF:4
BRH:0
end_of_record
TN:
SF:src/functions/GetRouteInfo.js
FN:5,(anonymous_0)
FN:29,(anonymous_1)
FNF:2
FNH:0
FNDA:0,(anonymous_0)
FNDA:0,(anonymous_1)
DA:5,1
DA:6,0
DA:8,0
DA:12,0
DA:29,0
DA:30,0
DA:31,0
DA:32,0
DA:33,0
DA:34,0
DA:35,0
DA:38,0
DA:40,1
LF:13
LH:2
BRF:0
BRH:0
end_of_record
TN:
SF:src/functions/Notify.js
FN:2,(anonymous_0)
FNF:1
FNH:0
FNDA:0,(anonymous_0)
DA:2,7
DA:3,0
DA:5,0
DA:13,0
DA:15,0
DA:23,0
DA:25,0
DA:33,0
DA:35,0
DA:43,0
DA:45,0
DA:46,0
DA:48,0
LF:13
LH:1
BRDA:3,0,0,0
BRDA:3,0,1,0
BRDA:3,0,2,0
BRDA:3,0,3,0
BRDA:3,0,4,0
BRDA:3,0,5,0
BRF:6
BRH:0
end_of_record
TN:
SF:src/functions/RanderMyLocation.js
FN:4,(anonymous_0)
FN:10,(anonymous_1)
FN:11,(anonymous_2)
FNF:3
FNH:0
FNDA:0,(anonymous_0)
FNDA:0,(anonymous_1)
FNDA:0,(anonymous_2)
DA:4,0
DA:5,0
DA:6,0
DA:8,0
DA:10,0
DA:11,0
DA:12,0
DA:13,0
DA:14,0
DA:15,0
DA:16,0
DA:17,0
DA:21,0
LF:13
LH:0
BRDA:21,0,0,0
BRDA:21,0,1,0
BRF:2
BRH:0
end_of_record
TN:
SF:src/functions/RoutingMachine.js
FN:5,(anonymous_0)
FN:28,(anonymous_1)
FN:41,(anonymous_2)
FNF:3
FNH:0
FNDA:0,(anonymous_0)
FNDA:0,(anonymous_1)
FNDA:0,(anonymous_2)
DA:5,2
DA:6,0
DA:7,0
DA:23,0
DA:25,2
DA:28,2
DA:29,0
DA:30,0
DA:34,0
DA:41,0
DA:42,0
DA:43,0
DA:44,0
DA:45,0
DA:47,0
LF:15
LH:3
BRF:0
BRH:0
end_of_record
TN:
SF:src/redux/store.js
FNF:0
FNH:0
DA:6,10
DA:7,10
DA:10,10
LF:3
LH:3
BRDA:10,0,0,10
BRDA:10,0,1,0
BRF:2
BRH:1
end_of_record
TN:
SF:src/redux/actions/ActiveBus.js
FN:5,(anonymous_0)
FN:12,(anonymous_1)
FN:19,(anonymous_2)
FNF:3
FNH:3
FNDA:1,(anonymous_0)
FNDA:1,(anonymous_1)
FNDA:1,(anonymous_2)
DA:3,8
DA:5,8
DA:6,1
DA:12,8
DA:13,1
DA:19,8
DA:20,1
LF:7
LH:7
BRF:0
BRH:0
end_of_record
TN:
SF:src/redux/actions/RoutesAction.js
FN:4,(anonymous_0)
FN:11,(anonymous_1)
FN:19,(anonymous_2)
FNF:3
FNH:0
FNDA:0,(anonymous_0)
FNDA:0,(anonymous_1)
FNDA:0,(anonymous_2)
DA:4,2
DA:5,0
DA:11,2
DA:12,0
DA:19,2
DA:20,0
LF:6
LH:3
BRF:0
BRH:0
end_of_record
TN:
SF:src/redux/actions/assignBusAction.js
FN:3,(anonymous_0)
FN:9,(anonymous_1)
FNF:2
FNH:0
FNDA:0,(anonymous_0)
FNDA:0,(anonymous_1)
DA:3,1
DA:4,0
DA:9,1
DA:10,0
LF:4
LH:2
BRF:0
BRH:0
end_of_record
TN:
SF:src/redux/actions/busAction.js
FN:3,(anonymous_0)
FN:10,(anonymous_1)
FN:17,(anonymous_2)
FNF:3
FNH:3
FNDA:1,(anonymous_0)
FNDA:1,(anonymous_1)
FNDA:1,(anonymous_2)
DA:3,4
DA:4,1
DA:10,4
DA:11,1
DA:17,4
DA:18,1
LF:6
LH:6
BRF:0
BRH:0
end_of_record
TN:
SF:src/redux/actions/counterActions.js
FN:5,(anonymous_0)
FN:10,(anonymous_1)
FN:16,(anonymous_2)
FN:23,(anonymous_3)
FN:31,(anonymous_4)
FNF:5
FNH:0
FNDA:0,(anonymous_0)
FNDA:0,(anonymous_1)
FNDA:0,(anonymous_2)
FNDA:0,(anonymous_3)
FNDA:0,(anonymous_4)
DA:3,2
DA:5,2
DA:6,0
DA:10,2
DA:11,0
DA:16,2
DA:17,0
DA:23,2
DA:24,0
DA:31,2
DA:32,0
LF:11
LH:6
BRF:0
BRH:0
end_of_record
TN:
SF:src/redux/actions/isAuthAction.js
FN:5,(anonymous_0)
FNF:1
FNH:0
FNDA:0,(anonymous_0)
DA:3,2
DA:5,2
DA:6,0
LF:3
LH:2
BRF:0
BRH:0
end_of_record
TN:
SF:src/redux/actions/notificationAction.js
FN:3,(anonymous_0)
FN:9,(anonymous_1)
FNF:2
FNH:0
FNDA:0,(anonymous_0)
FNDA:0,(anonymous_1)
DA:3,1
DA:4,0
DA:9,1
DA:10,0
LF:4
LH:2
BRF:0
BRH:0
end_of_record
TN:
SF:src/redux/actions/permissionAction.js
FN:5,(anonymous_0)
FNF:1
FNH:0
FNDA:0,(anonymous_0)
DA:2,2
DA:5,2
DA:6,0
LF:3
LH:2
BRF:0
BRH:0
end_of_record
TN:
SF:src/redux/actions/roleAction.js
FN:6,(anonymous_0)
FN:12,(anonymous_1)
FN:19,(anonymous_2)
FN:26,(anonymous_3)
FNF:4
FNH:0
FNDA:0,(anonymous_0)
FNDA:0,(anonymous_1)
FNDA:0,(anonymous_2)
FNDA:0,(anonymous_3)
DA:2,2
DA:6,2
DA:7,0
DA:12,2
DA:13,0
DA:19,2
DA:20,0
DA:26,2
DA:27,0
LF:9
LH:5
BRF:0
BRH:0
end_of_record
TN:
SF:src/redux/actions/selectedRouteAction.js
FN:5,(anonymous_0)
FNF:1
FNH:0
FNDA:0,(anonymous_0)
DA:3,1
DA:5,1
DA:6,0
LF:3
LH:2
BRF:0
BRH:0
end_of_record
TN:
SF:src/redux/actions/userActions.js
FN:4,(anonymous_0)
FN:12,(anonymous_1)
FN:19,(anonymous_2)
FN:25,(anonymous_3)
FN:32,(anonymous_4)
FNF:5
FNH:2
FNDA:1,(anonymous_0)
FNDA:0,(anonymous_1)
FNDA:0,(anonymous_2)
FNDA:0,(anonymous_3)
FNDA:1,(anonymous_4)
DA:3,5
DA:4,5
DA:5,1
DA:12,5
DA:13,0
DA:19,5
DA:20,0
DA:25,5
DA:26,0
DA:32,5
DA:33,1
LF:11
LH:8
BRF:0
BRH:0
end_of_record
TN:
SF:src/redux/constants/RouteActionType.js
FNF:0
FNH:0
DA:1,11
DA:8,11
LF:2
LH:2
BRF:0
BRH:0
end_of_record
TN:
SF:src/redux/constants/actionType.js
FNF:0
FNH:0
DA:1,11
LF:1
LH:1
BRF:0
BRH:0
end_of_record
TN:
SF:src/redux/constants/activeBusActionTypes.js
FNF:0
FNH:0
DA:1,11
LF:1
LH:1
BRF:0
BRH:0
end_of_record
TN:
SF:src/redux/constants/assignBusActionTypes.js
FNF:0
FNH:0
DA:1,11
LF:1
LH:1
BRF:0
BRH:0
end_of_record
TN:
SF:src/redux/constants/busActionType.js
FNF:0
FNH:0
DA:1,10
DA:8,10
LF:2
LH:2
BRF:0
BRH:0
end_of_record
TN:
SF:src/redux/constants/isAuthType.js
FNF:0
FNH:0
DA:1,10
LF:1
LH:1
BRF:0
BRH:0
end_of_record
TN:
SF:src/redux/constants/notificationActionTypes.js
FNF:0
FNH:0
DA:1,10
LF:1
LH:1
BRF:0
BRH:0
end_of_record
TN:
SF:src/redux/constants/permissionActionType.js
FNF:0
FNH:0
DA:1,10
LF:1
LH:1
BRF:0
BRH:0
end_of_record
TN:
SF:src/redux/constants/roleAction.js
FNF:0
FNH:0
DA:1,11
LF:1
LH:1
BRF:0
BRH:0
end_of_record
TN:
SF:src/redux/constants/selectedRouteActionTypes.js
FNF:0
FNH:0
DA:1,10
LF:1
LH:1
BRF:0
BRH:0
end_of_record
TN:
SF:src/redux/constants/userActionTypes.js
FNF:0
FNH:0
DA:1,10
LF:1
LH:1
BRF:0
BRH:0
end_of_record
TN:
SF:src/redux/reducers/RoutesReducer.js
FN:54,RoutesReducer
FN:60,(anonymous_1)
FN:87,(anonymous_2)
FNF:3
FNH:3
FNDA:49,RoutesReducer
FNDA:4,(anonymous_1)
FNDA:7,(anonymous_2)
DA:3,11
DA:55,49
DA:57,1
DA:58,1
DA:59,1
DA:60,4
DA:63,1
DA:65,1
DA:68,1
DA:69,1
DA:81,1
DA:82,1
DA:85,3
DA:86,3
DA:87,7
DA:90,3
DA:91,3
DA:93,3
DA:95,45
LF:19
LH:19
BRDA:54,0,0,41
BRDA:55,1,0,1
BRDA:55,1,1,1
BRDA:55,1,2,3
BRDA:55,1,3,45
BRF:5
BRH:5
end_of_record
TN:
SF:src/redux/reducers/SelectedRouteReducer.js
FN:11,(anonymous_0)
FNF:1
FNH:1
FNDA:48,(anonymous_0)
DA:3,10
DA:5,10
DA:11,10
DA:12,48
DA:14,0
DA:15,0
DA:20,0
DA:21,0
DA:22,0
DA:23,0
DA:25,0
DA:26,0
DA:28,48
LF:13
LH:5
BRDA:11,0,0,40
BRDA:12,1,0,0
BRDA:12,1,1,48
BRF:3
BRH:2
end_of_record
TN:
SF:src/redux/reducers/activeBusReducer.js
FN:17,(anonymous_0)
FN:21,(anonymous_1)
FN:22,(anonymous_2)
FN:30,(anonymous_3)
FN:31,(anonymous_4)
FN:44,(anonymous_5)
FN:45,(anonymous_6)
FNF:7
FNH:5
FNDA:48,(anonymous_0)
FNDA:0,(anonymous_1)
FNDA:0,(anonymous_2)
FNDA:1,(anonymous_3)
FNDA:1,(anonymous_4)
FNDA:1,(anonymous_5)
FNDA:1,(anonymous_6)
DA:3,10
DA:5,10
DA:17,10
DA:18,48
DA:20,0
DA:21,0
DA:22,0
DA:23,0
DA:24,0
DA:25,0
DA:26,0
DA:27,0
DA:29,1
DA:30,1
DA:31,1
DA:33,1
DA:35,1
DA:36,1
DA:37,1
DA:38,1
DA:39,1
DA:40,1
DA:41,1
DA:43,1
DA:44,1
DA:45,1
DA:47,1
DA:49,1
DA:50,1
DA:53,0
DA:54,0
DA:57,0
DA:60,1
DA:61,1
DA:62,1
DA:63,1
DA:65,46
LF:37
LH:26
BRDA:17,0,0,40
BRDA:18,1,0,0
BRDA:18,1,1,1
BRDA:18,1,2,1
BRDA:18,1,3,46
BRDA:49,2,0,1
BRDA:49,2,1,0
BRDA:53,3,0,0
BRDA:53,3,1,0
BRF:9
BRH:5
end_of_record
TN:
SF:src/redux/reducers/assignBusReducer.js
FN:38,(anonymous_0)
FN:43,(anonymous_1)
FN:44,(anonymous_2)
FN:60,(anonymous_3)
FN:61,(anonymous_4)
FN:63,(anonymous_5)
FNF:6
FNH:3
FNDA:50,(anonymous_0)
FNDA:4,(anonymous_1)
FNDA:1,(anonymous_2)
FNDA:0,(anonymous_3)
FNDA:0,(anonymous_4)
FNDA:0,(anonymous_5)
DA:3,11
DA:38,11
DA:39,50
DA:41,1
DA:42,1
DA:43,4
DA:44,1
DA:45,1
DA:46,1
DA:49,1
DA:54,1
DA:55,1
DA:56,1
DA:58,0
DA:59,0
DA:60,0
DA:61,0
DA:62,0
DA:63,0
DA:64,0
DA:65,0
DA:66,0
DA:68,49
LF:23
LH:14
BRDA:38,0,0,41
BRDA:39,1,0,1
BRDA:39,1,1,0
BRDA:39,1,2,49
BRF:4
BRH:3
end_of_record
TN:
SF:src/redux/reducers/busesReducer.js
FN:13,busesReducer
FN:19,(anonymous_1)
FN:37,(anonymous_2)
FNF:3
FNH:3
FNDA:48,busesReducer
FNDA:1,(anonymous_1)
FNDA:4,(anonymous_2)
DA:5,10
DA:15,48
DA:17,1
DA:18,1
DA:19,1
DA:21,1
DA:22,1
DA:25,1
DA:26,1
DA:32,1
DA:33,1
DA:36,3
DA:37,4
DA:39,3
DA:40,3
DA:42,3
DA:44,44
LF:17
LH:17
BRDA:13,0,0,40
BRDA:15,1,0,1
BRDA:15,1,1,1
BRDA:15,1,2,3
BRDA:15,1,3,44
BRF:5
BRH:5
end_of_record
TN:
SF:src/redux/reducers/countReducer.js
FN:9,(anonymous_0)
FNF:1
FNH:1
FNDA:48,(anonymous_0)
DA:3,10
DA:5,10
DA:9,10
DA:10,48
DA:12,0
DA:14,0
DA:15,0
DA:17,0
DA:18,0
DA:20,0
DA:21,0
DA:23,0
DA:24,0
DA:26,48
LF:14
LH:5
BRDA:9,0,0,40
BRDA:10,1,0,0
BRDA:10,1,1,0
BRDA:10,1,2,0
BRDA:10,1,3,0
BRDA:10,1,4,0
BRDA:10,1,5,48
BRF:7
BRH:2
end_of_record
TN:
SF:src/redux/reducers/index.js
FNF:0
FNH:0
DA:14,10
LF:1
LH:1
BRF:0
BRH:0
end_of_record
TN:
SF:src/redux/reducers/isAuthReducer.js
FN:9,(anonymous_0)
FNF:1
FNH:1
FNDA:48,(anonymous_0)
DA:3,10
DA:5,10
DA:9,10
DA:10,48
DA:12,0
DA:13,0
DA:15,48
LF:7
LH:5
BRDA:9,0,0,40
BRDA:10,1,0,0
BRDA:10,1,1,48
BRF:3
BRH:2
end_of_record
TN:
SF:src/redux/reducers/notificationReducer.js
FN:10,(anonymous_0)
FN:25,(anonymous_1)
FNF:2
FNH:1
FNDA:48,(anonymous_0)
FNDA:0,(anonymous_1)
DA:3,10
DA:10,10
DA:11,48
DA:13,0
DA:14,0
DA:19,0
DA:20,0
DA:21,0
DA:24,0
DA:25,0
DA:26,0
DA:27,0
DA:29,48
LF:13
LH:4
BRDA:10,0,0,40
BRDA:11,1,0,0
BRDA:11,1,1,0
BRDA:11,1,2,48
BRF:4
BRH:2
end_of_record
TN:
SF:src/redux/reducers/permissionsReducer.js
FN:22,(anonymous_0)
FNF:1
FNH:1
FNDA:48,(anonymous_0)
DA:2,10
DA:4,10
DA:22,10
DA:23,48
DA:25,0
DA:26,0
DA:30,0
DA:31,0
DA:32,0
DA:34,48
LF:10
LH:5
BRDA:22,0,0,40
BRDA:23,1,0,0
BRDA:23,1,1,48
BRF:3
BRH:2
end_of_record
TN:
SF:src/redux/reducers/rolesReducer.js
FN:15,(anonymous_0)
FN:29,(anonymous_1)
FN:35,(anonymous_2)
FN:36,(anonymous_3)
FN:38,(anonymous_4)
FN:46,(anonymous_5)
FN:47,(anonymous_6)
FNF:7
FNH:7
FNDA:53,(anonymous_0)
FNDA:1,(anonymous_1)
FNDA:1,(anonymous_2)
FNDA:1,(anonymous_3)
FNDA:1,(anonymous_4)
FNDA:1,(anonymous_5)
FNDA:1,(anonymous_6)
DA:3,11
DA:5,11
DA:15,11
DA:16,53
DA:18,1
DA:19,1
DA:24,1
DA:25,1
DA:26,1
DA:28,1
DA:29,1
DA:30,1
DA:31,1
DA:33,1
DA:34,1
DA:35,1
DA:36,1
DA:37,1
DA:38,1
DA:39,1
DA:41,1
DA:42,1
DA:44,1
DA:45,1
DA:46,1
DA:47,1
DA:48,1
DA:49,1
DA:50,1
DA:51,1
DA:56,1
DA:57,1
DA:58,1
DA:60,49
LF:34
LH:34
BRDA:15,0,0,42
BRDA:16,1,0,1
BRDA:16,1,1,1
BRDA:16,1,2,1
BRDA:16,1,3,1
BRDA:16,1,4,49
BRF:6
BRH:6
end_of_record
TN:
SF:src/redux/reducers/userReducer.js
FN:17,(anonymous_0)
FNF:1
FNH:1
FNDA:48,(anonymous_0)
DA:3,10
DA:6,10
DA:17,10
DA:18,48
DA:20,0
DA:22,0
DA:24,0
DA:26,1
DA:27,1
DA:28,1
DA:29,1
DA:31,2
DA:33,2
DA:34,2
DA:35,2
DA:36,2
DA:37,2
DA:38,2
DA:39,0
DA:41,2
DA:42,2
DA:44,45
LF:22
LH:18
BRDA:17,0,0,40
BRDA:18,1,0,0
BRDA:18,1,1,0
BRDA:18,1,2,0
BRDA:18,1,3,1
BRDA:18,1,4,2
BRDA:18,1,5,45
BRDA:38,2,0,0
BRDA:38,2,1,2
BRF:9
BRH:5
end_of_record
TN:
SF:src/skeleton/skeletonElement.js
FN:2,(anonymous_0)
FNF:1
FNH:0
FNDA:0,(anonymous_0)
DA:2,0
DA:3,0
DA:5,0
LF:3
LH:0
BRF:0
BRH:0
end_of_record
TN:
SF:src/utls/testStore.js
FN:9,(anonymous_0)
FNF:1
FNH:1
FNDA:10,(anonymous_0)
DA:9,3
DA:10,10
DA:11,10
LF:3
LH:3
BRF:0
BRH:0
end_of_record
