TN:
SF:src/App.js
FN:18,(anonymous_0)
FN:32,(anonymous_1)
FNF:2
FNH:1
FNDA:3,(anonymous_0)
FNDA:0,(anonymous_1)
DA:18,1
DA:19,3
DA:32,0
LF:3
LH:2
BRF:0
BRH:0
end_of_record
TN:
SF:src/assets/js/main.js
FNF:0
FNH:0
DA:2,8
LF:1
LH:1
BRF:0
BRH:0
end_of_record
TN:
SF:src/components/BusSim/BusSim.js
FN:3,BusSim
FNF:1
FNH:0
FNDA:0,BusSim
DA:4,0
LF:1
LH:0
BRF:0
BRH:0
end_of_record
TN:
SF:src/components/Cards/CardService.js
FN:4,(anonymous_0)
FNF:1
FNH:0
FNDA:0,(anonymous_0)
DA:4,2
DA:5,0
LF:2
LH:1
BRF:0
BRH:0
end_of_record
TN:
SF:src/components/Cards/CardTestimonial.js
FN:4,(anonymous_0)
FNF:1
FNH:0
FNDA:0,(anonymous_0)
DA:4,2
DA:5,0
LF:2
LH:1
BRF:0
BRH:0
end_of_record
TN:
SF:src/components/Cards/CardToStart.js
FN:4,(anonymous_0)
FNF:1
FNH:0
FNDA:0,(anonymous_0)
DA:4,2
DA:5,0
LF:2
LH:1
BRF:0
BRH:0
end_of_record
TN:
SF:src/components/Cards/RouteCard.js
FN:8,(anonymous_0)
FN:50,(anonymous_1)
FN:54,(anonymous_2)
FN:80,(anonymous_3)
FN:102,(anonymous_4)
FN:102,(anonymous_5)
FN:130,(anonymous_6)
FN:148,(anonymous_7)
FNF:8
FNH:0
FNDA:0,(anonymous_0)
FNDA:0,(anonymous_1)
FNDA:0,(anonymous_2)
FNDA:0,(anonymous_3)
FNDA:0,(anonymous_4)
FNDA:0,(anonymous_5)
FNDA:0,(anonymous_6)
FNDA:0,(anonymous_7)
DA:8,1
DA:9,0
DA:10,0
DA:11,0
DA:49,0
DA:50,0
DA:51,0
DA:52,0
DA:54,0
DA:55,0
DA:57,0
DA:80,0
DA:102,0
DA:103,0
DA:130,0
DA:148,1
DA:149,0
LF:17
LH:2
BRDA:50,0,0,0
BRDA:50,1,0,0
BRDA:50,2,0,0
BRDA:94,3,0,0
BRDA:94,3,1,0
BRF:5
BRH:0
end_of_record
TN:
SF:src/components/Explore/Explore.js
FN:7,(anonymous_0)
FN:10,(anonymous_1)
FNF:2
FNH:0
FNDA:0,(anonymous_0)
FNDA:0,(anonymous_1)
DA:7,2
DA:8,0
DA:10,0
DA:11,0
DA:14,0
LF:5
LH:1
BRDA:29,0,0,0
BRDA:29,0,1,0
BRDA:30,1,0,0
BRDA:30,1,1,0
BRF:4
BRH:0
end_of_record
TN:
SF:src/components/Footer/Footer.js
FN:9,(anonymous_0)
FN:31,(anonymous_1)
FNF:2
FNH:0
FNDA:0,(anonymous_0)
FNDA:0,(anonymous_1)
DA:9,2
DA:11,0
DA:32,0
DA:36,0
LF:4
LH:1
BRDA:91,0,0,0
BRDA:91,0,1,0
BRDA:91,1,0,0
BRDA:91,1,1,0
BRDA:107,2,0,0
BRDA:107,2,1,0
BRDA:107,3,0,0
BRDA:107,3,1,0
BRDA:121,4,0,0
BRDA:121,4,1,0
BRDA:121,5,0,0
BRDA:121,5,1,0
BRDA:136,6,0,0
BRDA:136,6,1,0
BRDA:136,7,0,0
BRDA:136,7,1,0
BRF:16
BRH:0
end_of_record
TN:
SF:src/components/Header/Header.js
FN:7,(anonymous_0)
FN:100,(anonymous_1)
FNF:2
FNH:0
FNDA:0,(anonymous_0)
FNDA:0,(anonymous_1)
DA:7,2
DA:8,0
DA:100,0
LF:3
LH:1
BRF:0
BRH:0
end_of_record
TN:
SF:src/components/HowToStart/HowToStart.js
FN:9,(anonymous_0)
FNF:1
FNH:0
FNDA:0,(anonymous_0)
DA:9,2
DA:10,0
LF:2
LH:1
BRF:0
BRH:0
end_of_record
TN:
SF:src/components/Intro/Intro.js
FN:4,(anonymous_0)
FNF:1
FNH:0
FNDA:0,(anonymous_0)
DA:4,2
DA:5,0
LF:2
LH:1
BRF:0
BRH:0
end_of_record
TN:
SF:src/components/LocationSim/DriverSim.js
FN:19,(anonymous_0)
FN:26,(anonymous_1)
FN:30,(anonymous_2)
FN:35,(anonymous_3)
FN:40,(anonymous_4)
FN:123,(anonymous_5)
FNF:6
FNH:0
FNDA:0,(anonymous_0)
FNDA:0,(anonymous_1)
FNDA:0,(anonymous_2)
FNDA:0,(anonymous_3)
FNDA:0,(anonymous_4)
FNDA:0,(anonymous_5)
DA:19,2
DA:20,0
DA:22,0
DA:24,0
DA:26,0
DA:27,0
DA:30,0
DA:31,0
DA:32,0
DA:35,0
DA:36,0
DA:37,0
DA:40,0
DA:41,0
DA:44,0
DA:123,2
DA:124,0
LF:17
LH:2
BRDA:65,0,0,0
BRDA:65,0,1,0
BRDA:93,1,0,0
BRDA:93,1,1,0
BRDA:93,2,0,0
BRDA:93,2,1,0
BRDA:94,3,0,0
BRDA:94,3,1,0
BRDA:95,4,0,0
BRDA:95,4,1,0
BRF:10
BRH:0
end_of_record
TN:
SF:src/components/LocationSim/LocationSim.js
FN:17,(anonymous_0)
FN:24,(anonymous_1)
FN:29,(anonymous_2)
FN:34,(anonymous_3)
FN:176,(anonymous_4)
FNF:5
FNH:0
FNDA:0,(anonymous_0)
FNDA:0,(anonymous_1)
FNDA:0,(anonymous_2)
FNDA:0,(anonymous_3)
FNDA:0,(anonymous_4)
DA:17,1
DA:18,0
DA:20,0
DA:21,0
DA:23,0
DA:24,0
DA:25,0
DA:26,0
DA:29,0
DA:30,0
DA:31,0
DA:34,0
DA:35,0
DA:38,0
DA:176,1
DA:177,0
LF:16
LH:2
BRDA:63,0,0,0
BRDA:63,0,1,0
BRDA:64,1,0,0
BRDA:64,1,1,0
BRDA:107,2,0,0
BRDA:107,2,1,0
BRDA:107,3,0,0
BRDA:107,3,1,0
BRDA:108,4,0,0
BRDA:108,4,1,0
BRDA:109,5,0,0
BRDA:109,5,1,0
BRF:12
BRH:0
end_of_record
TN:
SF:src/components/LocationSim/locationSimUpdate.js
FN:16,(anonymous_0)
FN:23,(anonymous_1)
FN:27,(anonymous_2)
FN:32,(anonymous_3)
FN:37,(anonymous_4)
FN:62,(anonymous_5)
FN:205,(anonymous_6)
FNF:7
FNH:0
FNDA:0,(anonymous_0)
FNDA:0,(anonymous_1)
FNDA:0,(anonymous_2)
FNDA:0,(anonymous_3)
FNDA:0,(anonymous_4)
FNDA:0,(anonymous_5)
FNDA:0,(anonymous_6)
DA:16,2
DA:17,0
DA:19,0
DA:21,0
DA:23,0
DA:24,0
DA:27,0
DA:28,0
DA:29,0
DA:32,0
DA:33,0
DA:34,0
DA:37,0
DA:38,0
DA:42,0
DA:62,0
DA:205,2
DA:206,0
LF:18
LH:2
BRDA:71,0,0,0
BRDA:71,0,1,0
BRDA:71,1,0,0
BRDA:71,1,1,0
BRDA:72,2,0,0
BRDA:72,2,1,0
BRDA:73,3,0,0
BRDA:73,3,1,0
BRF:8
BRH:0
end_of_record
TN:
SF:src/components/Navbars/navbar/Navbar.js
FN:8,(anonymous_0)
FN:11,(anonymous_1)
FNF:2
FNH:1
FNDA:1,(anonymous_0)
FNDA:0,(anonymous_1)
DA:8,3
DA:9,1
DA:11,1
DA:12,0
DA:15,1
LF:5
LH:4
BRDA:31,0,0,1
BRDA:31,0,1,1
BRF:2
BRH:2
end_of_record
TN:
SF:src/components/Services/Services.js
FN:7,(anonymous_0)
FNF:1
FNH:0
FNDA:0,(anonymous_0)
DA:7,2
DA:8,0
LF:2
LH:1
BRF:0
BRH:0
end_of_record
TN:
SF:src/components/Testimonials/Testimonials.js
FN:4,(anonymous_0)
FNF:1
FNH:0
FNDA:0,(anonymous_0)
DA:4,2
DA:5,0
LF:2
LH:1
BRF:0
BRH:0
end_of_record
TN:
SF:src/components/buttons/Buttons.js
FN:3,(anonymous_0)
FN:10,(anonymous_1)
FN:17,(anonymous_2)
FN:24,(anonymous_3)
FN:31,(anonymous_4)
FN:35,(anonymous_5)
FN:42,(anonymous_6)
FN:51,(anonymous_7)
FNF:8
FNH:0
FNDA:0,(anonymous_0)
FNDA:0,(anonymous_1)
FNDA:0,(anonymous_2)
FNDA:0,(anonymous_3)
FNDA:0,(anonymous_4)
FNDA:0,(anonymous_5)
FNDA:0,(anonymous_6)
FNDA:0,(anonymous_7)
DA:3,5
DA:4,0
DA:10,5
DA:11,0
DA:17,5
DA:18,0
DA:24,5
DA:25,0
DA:31,5
DA:32,0
DA:35,5
DA:36,0
DA:42,5
DA:43,0
DA:51,5
DA:52,0
LF:16
LH:8
BRF:0
BRH:0
end_of_record
TN:
SF:src/components/buttons/LebalButton.js
FN:2,(anonymous_0)
FN:11,(anonymous_1)
FN:62,(anonymous_2)
FNF:3
FNH:0
FNDA:0,(anonymous_0)
FNDA:0,(anonymous_1)
FNDA:0,(anonymous_2)
DA:2,3
DA:3,0
DA:10,3
DA:11,3
DA:12,0
DA:14,0
DA:22,0
DA:30,0
DA:38,0
DA:46,0
DA:54,0
DA:62,3
DA:63,0
DA:64,0
LF:14
LH:4
BRDA:11,0,0,0
BRDA:12,1,0,0
BRDA:12,1,1,0
BRDA:12,1,2,0
BRDA:12,1,3,0
BRDA:12,1,4,0
BRDA:12,1,5,0
BRDA:56,2,0,0
BRDA:56,2,1,0
BRF:9
BRH:0
end_of_record
TN:
SF:src/components/dashBoardLayout/DashBoardLayout.js
FN:8,(anonymous_0)
FN:14,handleWindowSizeChange
FN:18,(anonymous_2)
FN:19,(anonymous_3)
FN:23,(anonymous_4)
FN:28,(anonymous_5)
FNF:6
FNH:0
FNDA:0,(anonymous_0)
FNDA:0,handleWindowSizeChange
FNDA:0,(anonymous_2)
FNDA:0,(anonymous_3)
FNDA:0,(anonymous_4)
FNDA:0,(anonymous_5)
DA:8,5
DA:9,0
DA:10,0
DA:11,0
DA:13,0
DA:15,0
DA:16,0
DA:18,0
DA:19,0
DA:20,0
DA:21,0
DA:23,0
DA:24,0
DA:28,0
DA:29,0
DA:30,0
DA:32,0
LF:17
LH:1
BRDA:16,0,0,0
BRDA:16,0,1,0
BRDA:35,1,0,0
BRDA:35,1,1,0
BRDA:43,2,0,0
BRDA:43,2,1,0
BRF:6
BRH:0
end_of_record
TN:
SF:src/components/fields/TextField.js
FN:10,(anonymous_0)
FN:11,(anonymous_1)
FN:28,(anonymous_2)
FN:31,(anonymous_3)
FNF:4
FNH:0
FNDA:0,(anonymous_0)
FNDA:0,(anonymous_1)
FNDA:0,(anonymous_2)
FNDA:0,(anonymous_3)
DA:10,2
DA:11,0
DA:12,0
DA:13,0
DA:29,0
DA:30,0
DA:31,0
DA:32,0
DA:33,0
DA:39,0
LF:10
LH:1
BRDA:43,0,0,0
BRDA:43,0,1,0
BRDA:47,1,0,0
BRDA:47,1,1,0
BRDA:52,2,0,0
BRDA:52,2,1,0
BRDA:59,3,0,0
BRDA:59,3,1,0
BRDA:65,4,0,0
BRDA:65,4,1,0
BRF:10
BRH:0
end_of_record
TN:
SF:src/components/header/DashBoardHeader.js
FN:8,(anonymous_0)
FN:12,(anonymous_1)
FN:16,(anonymous_2)
FN:27,(anonymous_3)
FNF:4
FNH:0
FNDA:0,(anonymous_0)
FNDA:0,(anonymous_1)
FNDA:0,(anonymous_2)
FNDA:0,(anonymous_3)
DA:8,5
DA:9,0
DA:12,0
DA:13,0
DA:14,0
DA:16,0
DA:27,0
LF:7
LH:1
BRDA:29,0,0,0
BRDA:29,0,1,0
BRF:2
BRH:0
end_of_record
TN:
SF:src/components/icons/Icons.js
FNF:0
FNH:0
DA:6,2
DA:12,2
DA:18,2
LF:3
LH:3
BRF:0
BRH:0
end_of_record
TN:
SF:src/components/inputs/SearchInput.js
FNF:0
FNH:0
LF:0
LH:0
BRF:0
BRH:0
end_of_record
TN:
SF:src/components/links/Links.js
FN:5,(anonymous_0)
FNF:1
FNH:0
FNDA:0,(anonymous_0)
DA:5,5
DA:6,0
LF:2
LH:1
BRF:0
BRH:0
end_of_record
TN:
SF:src/components/passwordReset/newpassword.js
FN:16,NewPassword
FN:29,(anonymous_1)
FN:31,(anonymous_2)
FN:39,(anonymous_3)
FN:40,(anonymous_4)
FNF:5
FNH:1
FNDA:2,NewPassword
FNDA:0,(anonymous_1)
FNDA:0,(anonymous_2)
FNDA:0,(anonymous_3)
FNDA:0,(anonymous_4)
DA:17,2
DA:18,2
DA:30,0
DA:31,0
DA:32,0
DA:37,2
DA:39,2
DA:40,0
DA:41,0
DA:45,2
LF:10
LH:5
BRDA:83,0,0,2
BRDA:83,0,1,0
BRDA:101,1,0,2
BRDA:101,1,1,0
BRDA:112,2,0,2
BRDA:112,2,1,2
BRDA:113,3,0,2
BRDA:113,3,1,0
BRF:8
BRH:5
end_of_record
TN:
SF:src/components/passwordReset/passwordereset.js
FN:10,PasswordReset
FN:13,(anonymous_1)
FN:27,(anonymous_2)
FN:29,(anonymous_3)
FNF:4
FNH:1
FNDA:1,PasswordReset
FNDA:0,(anonymous_1)
FNDA:0,(anonymous_2)
FNDA:0,(anonymous_3)
DA:11,1
DA:12,1
DA:13,1
DA:14,0
DA:16,1
DA:17,1
DA:20,1
DA:28,0
DA:29,0
DA:30,0
DA:31,0
DA:35,1
LF:12
LH:7
BRDA:65,0,0,0
BRDA:65,0,1,1
BRDA:65,1,0,1
BRDA:65,1,1,0
BRF:4
BRH:2
end_of_record
TN:
SF:src/components/roles/Roles.js
FN:24,(anonymous_0)
FN:37,(anonymous_1)
FN:38,(anonymous_2)
FN:50,(anonymous_3)
FN:54,(anonymous_4)
FN:58,(anonymous_5)
FN:64,(anonymous_6)
FN:71,(anonymous_7)
FN:87,(anonymous_8)
FN:95,(anonymous_9)
FN:100,(anonymous_10)
FN:104,(anonymous_11)
FN:115,(anonymous_12)
FN:122,(anonymous_13)
FN:124,(anonymous_14)
FN:129,(anonymous_15)
FN:131,(anonymous_16)
FN:170,(anonymous_17)
FN:176,(anonymous_18)
FN:205,(anonymous_19)
FN:216,(anonymous_20)
FN:222,(anonymous_21)
FN:234,(anonymous_22)
FN:262,(anonymous_23)
FN:273,(anonymous_24)
FN:285,(anonymous_25)
FN:292,(anonymous_26)
FN:316,(anonymous_27)
FN:327,(anonymous_28)
FN:339,(anonymous_29)
FN:346,(anonymous_30)
FN:390,(anonymous_31)
FN:403,(anonymous_32)
FN:408,(anonymous_33)
FN:418,(anonymous_34)
FN:424,(anonymous_35)
FN:468,(anonymous_36)
FN:491,(anonymous_37)
FNF:38
FNH:3
FNDA:4,(anonymous_0)
FNDA:0,(anonymous_1)
FNDA:0,(anonymous_2)
FNDA:0,(anonymous_3)
FNDA:0,(anonymous_4)
FNDA:0,(anonymous_5)
FNDA:0,(anonymous_6)
FNDA:0,(anonymous_7)
FNDA:0,(anonymous_8)
FNDA:0,(anonymous_9)
FNDA:0,(anonymous_10)
FNDA:0,(anonymous_11)
FNDA:0,(anonymous_12)
FNDA:0,(anonymous_13)
FNDA:0,(anonymous_14)
FNDA:0,(anonymous_15)
FNDA:0,(anonymous_16)
FNDA:0,(anonymous_17)
FNDA:0,(anonymous_18)
FNDA:0,(anonymous_19)
FNDA:16,(anonymous_20)
FNDA:0,(anonymous_21)
FNDA:0,(anonymous_22)
FNDA:0,(anonymous_23)
FNDA:0,(anonymous_24)
FNDA:0,(anonymous_25)
FNDA:0,(anonymous_26)
FNDA:0,(anonymous_27)
FNDA:0,(anonymous_28)
FNDA:0,(anonymous_29)
FNDA:0,(anonymous_30)
FNDA:0,(anonymous_31)
FNDA:0,(anonymous_32)
FNDA:0,(anonymous_33)
FNDA:0,(anonymous_34)
FNDA:0,(anonymous_35)
FNDA:0,(anonymous_36)
FNDA:4,(anonymous_37)
DA:24,2
DA:25,4
DA:26,4
DA:27,4
DA:28,4
DA:29,4
DA:30,4
DA:31,4
DA:32,4
DA:33,4
DA:34,4
DA:35,4
DA:37,4
DA:38,0
DA:39,0
DA:44,4
DA:45,4
DA:46,4
DA:47,4
DA:50,4
DA:51,0
DA:52,0
DA:54,4
DA:55,0
DA:56,0
DA:58,4
DA:59,0
DA:60,0
DA:61,0
DA:64,4
DA:65,0
DA:68,0
DA:71,0
DA:73,0
DA:74,0
DA:76,0
DA:77,0
DA:79,0
DA:82,0
DA:87,4
DA:88,0
DA:91,0
DA:94,0
DA:95,0
DA:96,0
DA:100,4
DA:101,0
DA:102,0
DA:104,4
DA:105,0
DA:110,0
DA:111,0
DA:112,0
DA:115,4
DA:116,0
DA:117,0
DA:118,0
DA:119,0
DA:122,4
DA:123,0
DA:124,0
DA:125,0
DA:129,4
DA:130,0
DA:131,0
DA:132,0
DA:134,0
DA:137,4
DA:170,0
DA:176,0
DA:205,0
DA:217,16
DA:222,0
DA:234,0
DA:262,0
DA:273,0
DA:285,0
DA:292,0
DA:316,0
DA:327,0
DA:339,0
DA:346,0
DA:391,0
DA:405,0
DA:408,0
DA:418,0
DA:424,0
DA:469,0
DA:491,2
DA:492,4
LF:90
LH:31
BRDA:68,0,0,0
BRDA:68,0,1,0
BRDA:73,1,0,0
BRDA:73,1,1,0
BRDA:91,2,0,0
BRDA:91,2,1,0
BRDA:154,3,0,0
BRDA:154,3,1,4
BRDA:195,4,0,0
BRDA:195,4,1,4
BRDA:252,5,0,0
BRDA:252,5,1,4
BRDA:306,6,0,0
BRDA:306,6,1,4
BRDA:372,7,0,4
BRDA:372,7,1,4
BRDA:373,8,0,4
BRDA:373,8,1,0
BRDA:453,9,0,4
BRDA:453,9,1,4
BRDA:454,10,0,4
BRDA:454,10,1,0
BRF:22
BRH:10
end_of_record
TN:
SF:src/components/sidebar/SideBar.js
FN:16,(anonymous_0)
FN:59,(anonymous_1)
FN:88,(anonymous_2)
FN:98,(anonymous_3)
FNF:4
FNH:0
FNDA:0,(anonymous_0)
FNDA:0,(anonymous_1)
FNDA:0,(anonymous_2)
FNDA:0,(anonymous_3)
DA:16,5
DA:18,0
DA:19,0
DA:20,0
DA:59,0
DA:60,0
DA:61,0
DA:71,0
DA:72,0
DA:89,0
DA:98,5
DA:99,0
LF:12
LH:2
BRDA:22,0,0,0
BRDA:22,0,1,0
BRDA:22,1,0,0
BRDA:22,1,1,0
BRDA:60,2,0,0
BRDA:60,2,1,0
BRDA:73,3,0,0
BRDA:73,3,1,0
BRDA:89,4,0,0
BRDA:89,4,1,0
BRF:10
BRH:0
end_of_record
TN:
SF:src/components/signIn/LoginForm.js
FN:15,(anonymous_0)
FN:19,(anonymous_1)
FN:20,(anonymous_2)
FN:41,(anonymous_3)
FN:159,(anonymous_4)
FNF:5
FNH:0
FNDA:0,(anonymous_0)
FNDA:0,(anonymous_1)
FNDA:0,(anonymous_2)
FNDA:0,(anonymous_3)
FNDA:0,(anonymous_4)
DA:15,2
DA:16,0
DA:17,0
DA:18,0
DA:19,0
DA:20,0
DA:21,0
DA:25,0
DA:42,0
DA:50,0
DA:51,0
DA:53,0
DA:54,0
DA:56,0
DA:57,0
DA:59,0
DA:60,0
DA:65,0
DA:159,2
DA:160,0
LF:20
LH:2
BRDA:50,0,0,0
BRDA:50,0,1,0
BRDA:53,1,0,0
BRDA:53,1,1,0
BRDA:56,2,0,0
BRDA:56,2,1,0
BRDA:74,3,0,0
BRDA:74,3,1,0
BRDA:75,4,0,0
BRDA:75,4,1,0
BRDA:99,5,0,0
BRDA:99,5,1,0
BRDA:99,6,0,0
BRDA:99,6,1,0
BRDA:113,7,0,0
BRDA:113,7,1,0
BRDA:113,8,0,0
BRDA:113,8,1,0
BRF:18
BRH:0
end_of_record
TN:
SF:src/components/signInSkeleton/SkeletonElement.js
FN:4,(anonymous_0)
FNF:1
FNH:0
FNDA:0,(anonymous_0)
DA:4,2
DA:5,0
DA:6,0
LF:3
LH:1
BRF:0
BRH:0
end_of_record
TN:
SF:src/components/signInSkeleton/SkeletonUpdate.js
FN:4,(anonymous_0)
FNF:1
FNH:0
FNDA:0,(anonymous_0)
DA:4,2
DA:5,0
LF:2
LH:1
BRF:0
BRH:0
end_of_record
TN:
SF:src/components/skeletons/SkeletonElement.js
FN:3,(anonymous_0)
FNF:1
FNH:0
FNDA:0,(anonymous_0)
DA:3,3
DA:4,0
DA:5,0
LF:3
LH:1
BRF:0
BRH:0
end_of_record
TN:
SF:src/components/skeletons/SkeletonLogout.js
FN:4,(anonymous_0)
FNF:1
FNH:0
FNDA:0,(anonymous_0)
DA:4,2
DA:5,0
LF:2
LH:1
BRF:0
BRH:0
end_of_record
TN:
SF:src/components/skeletons/SkeletonUpdate.js
FN:4,(anonymous_0)
FNF:1
FNH:0
FNDA:0,(anonymous_0)
DA:4,2
DA:5,0
LF:2
LH:1
BRF:0
BRH:0
end_of_record
TN:
SF:src/components/skeletons/Map/Map.js
FN:4,(anonymous_0)
FNF:1
FNH:0
FNDA:0,(anonymous_0)
DA:4,3
DA:5,0
LF:2
LH:1
BRF:0
BRH:0
end_of_record
TN:
SF:src/components/skeletons/Tables/TablePermissionsSkeleton.js
FN:3,(anonymous_0)
FNF:1
FNH:0
FNDA:0,(anonymous_0)
DA:3,2
DA:4,0
LF:2
LH:1
BRF:0
BRH:0
end_of_record
TN:
SF:src/components/skeletons/Tables/TableRolesSkeleton.js
FN:3,(anonymous_0)
FNF:1
FNH:0
FNDA:0,(anonymous_0)
DA:3,2
DA:4,0
LF:2
LH:1
BRF:0
BRH:0
end_of_record
TN:
SF:src/components/skeletons/Tables/TableSkeleton.js
FN:3,(anonymous_0)
FNF:1
FNH:0
FNDA:0,(anonymous_0)
DA:3,1
DA:4,0
LF:2
LH:1
BRF:0
BRH:0
end_of_record
TN:
SF:src/components/skeletons/cards/Profile.js
FN:2,(anonymous_0)
FN:77,(anonymous_1)
FNF:2
FNH:0
FNDA:0,(anonymous_0)
FNDA:0,(anonymous_1)
DA:2,3
DA:3,0
DA:77,3
DA:78,0
LF:4
LH:2
BRF:0
BRH:0
end_of_record
TN:
SF:src/components/skeletons/cards/TrackCard.js
FN:6,(anonymous_0)
FN:48,(anonymous_1)
FN:51,(anonymous_2)
FNF:3
FNH:0
FNDA:0,(anonymous_0)
FNDA:0,(anonymous_1)
FNDA:0,(anonymous_2)
DA:4,1
DA:6,1
DA:7,0
DA:8,0
DA:48,1
DA:49,0
DA:50,0
DA:51,0
LF:8
LH:3
BRF:0
BRH:0
end_of_record
TN:
SF:src/components/table/Table.js
FN:4,(anonymous_0)
FN:6,(anonymous_1)
FN:7,(anonymous_2)
FN:21,(anonymous_3)
FN:24,(anonymous_4)
FN:37,(anonymous_5)
FN:42,(anonymous_6)
FNF:7
FNH:0
FNDA:0,(anonymous_0)
FNDA:0,(anonymous_1)
FNDA:0,(anonymous_2)
FNDA:0,(anonymous_3)
FNDA:0,(anonymous_4)
FNDA:0,(anonymous_5)
FNDA:0,(anonymous_6)
DA:4,0
DA:6,0
DA:7,0
DA:9,0
DA:16,0
DA:17,0
DA:22,0
DA:25,0
DA:38,0
DA:39,0
DA:43,0
LF:11
LH:0
BRF:0
BRH:0
end_of_record
TN:
SF:src/containers/BusSimulation/BusSimulation.js
FN:12,(anonymous_0)
FN:40,(anonymous_1)
FN:47,(anonymous_2)
FN:51,(anonymous_3)
FN:60,(anonymous_4)
FN:87,(anonymous_5)
FN:93,(anonymous_6)
FN:96,(anonymous_7)
FN:101,(anonymous_8)
FN:119,(anonymous_9)
FN:125,(anonymous_10)
FN:128,(anonymous_11)
FN:144,(anonymous_12)
FN:147,(anonymous_13)
FN:156,(anonymous_14)
FN:182,(anonymous_15)
FNF:16
FNH:2
FNDA:3,(anonymous_0)
FNDA:0,(anonymous_1)
FNDA:0,(anonymous_2)
FNDA:0,(anonymous_3)
FNDA:0,(anonymous_4)
FNDA:0,(anonymous_5)
FNDA:0,(anonymous_6)
FNDA:0,(anonymous_7)
FNDA:0,(anonymous_8)
FNDA:0,(anonymous_9)
FNDA:0,(anonymous_10)
FNDA:0,(anonymous_11)
FNDA:0,(anonymous_12)
FNDA:0,(anonymous_13)
FNDA:0,(anonymous_14)
FNDA:3,(anonymous_15)
DA:12,2
DA:13,3
DA:14,3
DA:15,3
DA:16,3
DA:17,3
DA:19,3
DA:20,3
DA:21,3
DA:25,3
DA:26,3
DA:30,3
DA:40,3
DA:41,0
DA:42,0
DA:43,0
DA:44,0
DA:47,3
DA:48,0
DA:51,3
DA:52,0
DA:53,0
DA:54,0
DA:55,0
DA:56,0
DA:57,0
DA:60,3
DA:62,0
DA:64,0
DA:65,0
DA:67,0
DA:68,0
DA:70,0
DA:71,0
DA:74,0
DA:75,0
DA:78,3
DA:87,0
DA:93,0
DA:96,0
DA:101,0
DA:119,0
DA:125,0
DA:128,0
DA:144,0
DA:147,0
DA:156,0
DA:182,2
DA:183,3
LF:49
LH:19
BRDA:42,0,0,0
BRDA:42,0,1,0
BRDA:53,1,0,0
BRDA:53,1,1,0
BRDA:54,2,0,0
BRDA:54,2,1,0
BRDA:60,3,0,0
BRDA:62,4,0,0
BRDA:62,4,1,0
BRDA:62,4,2,0
BRDA:62,4,3,0
BRDA:81,5,0,0
BRDA:81,5,1,3
BRDA:113,6,0,0
BRDA:113,6,1,3
BRDA:140,7,0,0
BRDA:140,7,1,3
BRDA:172,8,0,3
BRDA:172,8,1,0
BRF:19
BRH:4
end_of_record
TN:
SF:src/containers/Dashboard/Dashboard.js
FN:7,(anonymous_0)
FN:11,(anonymous_1)
FN:25,(anonymous_2)
FN:41,(anonymous_3)
FNF:4
FNH:0
FNDA:0,(anonymous_0)
FNDA:0,(anonymous_1)
FNDA:0,(anonymous_2)
FNDA:0,(anonymous_3)
DA:7,1
DA:8,0
DA:9,0
DA:10,0
DA:11,0
DA:12,0
DA:15,0
DA:17,0
DA:26,0
DA:41,1
DA:42,0
LF:11
LH:2
BRDA:21,0,0,0
BRDA:21,0,1,0
BRDA:23,1,0,0
BRDA:23,1,1,0
BRDA:23,2,0,0
BRDA:23,2,1,0
BRF:6
BRH:0
end_of_record
TN:
SF:src/containers/Home/Home.js
FN:11,(anonymous_0)
FNF:1
FNH:1
FNDA:7,(anonymous_0)
DA:11,2
DA:13,7
LF:2
LH:2
BRF:0
BRH:0
end_of_record
TN:
SF:src/containers/RegisterDriverOperator/RegisterDriver.js
FN:22,(anonymous_0)
FN:32,(anonymous_1)
FN:33,(anonymous_2)
FN:40,(anonymous_3)
FN:43,(anonymous_4)
FN:49,(anonymous_5)
FN:62,(anonymous_6)
FN:91,(anonymous_7)
FN:97,(anonymous_8)
FN:100,(anonymous_9)
FN:105,(anonymous_10)
FN:110,(anonymous_11)
FN:115,(anonymous_12)
FN:120,(anonymous_13)
FNF:14
FNH:0
FNDA:0,(anonymous_0)
FNDA:0,(anonymous_1)
FNDA:0,(anonymous_2)
FNDA:0,(anonymous_3)
FNDA:0,(anonymous_4)
FNDA:0,(anonymous_5)
FNDA:0,(anonymous_6)
FNDA:0,(anonymous_7)
FNDA:0,(anonymous_8)
FNDA:0,(anonymous_9)
FNDA:0,(anonymous_10)
FNDA:0,(anonymous_11)
FNDA:0,(anonymous_12)
FNDA:0,(anonymous_13)
DA:22,1
DA:23,0
DA:24,0
DA:25,0
DA:26,0
DA:27,0
DA:28,0
DA:29,0
DA:32,0
DA:33,0
DA:34,0
DA:40,0
DA:43,0
DA:44,0
DA:45,0
DA:49,0
DA:50,0
DA:53,0
DA:54,0
DA:55,0
DA:56,0
DA:57,0
DA:59,0
DA:60,0
DA:62,0
DA:63,0
DA:67,0
DA:71,0
DA:91,0
DA:97,0
DA:100,0
DA:105,0
DA:110,0
DA:115,0
DA:120,0
LF:35
LH:1
BRDA:53,0,0,0
BRDA:53,0,1,0
BRDA:54,1,0,0
BRDA:54,1,1,0
BRDA:55,2,0,0
BRDA:55,2,1,0
BRDA:56,3,0,0
BRDA:56,3,1,0
BRDA:57,4,0,0
BRDA:57,4,1,0
BRDA:60,5,0,0
BRDA:60,5,1,0
BRDA:74,6,0,0
BRDA:74,6,1,0
BRDA:153,7,0,0
BRDA:153,7,1,0
BRDA:162,8,0,0
BRDA:162,8,1,0
BRDA:164,9,0,0
BRDA:164,9,1,0
BRDA:188,10,0,0
BRDA:188,10,1,0
BRDA:214,11,0,0
BRDA:214,11,1,0
BRDA:239,12,0,0
BRDA:239,12,1,0
BRDA:264,13,0,0
BRDA:264,13,1,0
BRDA:289,14,0,0
BRDA:289,14,1,0
BRDA:330,15,0,0
BRDA:330,15,1,0
BRDA:331,16,0,0
BRDA:331,16,1,0
BRDA:376,17,0,0
BRDA:376,17,1,0
BRDA:384,18,0,0
BRDA:384,18,1,0
BRDA:391,19,0,0
BRDA:391,19,1,0
BRF:40
BRH:0
end_of_record
TN:
SF:src/containers/RegisterDriverOperator/RegisterOperator.js
FN:23,(anonymous_0)
FN:32,(anonymous_1)
FN:33,(anonymous_2)
FN:39,(anonymous_3)
FN:45,(anonymous_4)
FN:47,(anonymous_5)
FN:59,(anonymous_6)
FN:85,(anonymous_7)
FN:94,(anonymous_8)
FN:99,(anonymous_9)
FN:104,(anonymous_10)
FN:109,(anonymous_11)
FN:140,(anonymous_12)
FNF:13
FNH:0
FNDA:0,(anonymous_0)
FNDA:0,(anonymous_1)
FNDA:0,(anonymous_2)
FNDA:0,(anonymous_3)
FNDA:0,(anonymous_4)
FNDA:0,(anonymous_5)
FNDA:0,(anonymous_6)
FNDA:0,(anonymous_7)
FNDA:0,(anonymous_8)
FNDA:0,(anonymous_9)
FNDA:0,(anonymous_10)
FNDA:0,(anonymous_11)
FNDA:0,(anonymous_12)
DA:23,1
DA:24,0
DA:25,0
DA:26,0
DA:27,0
DA:28,0
DA:29,0
DA:32,0
DA:33,0
DA:34,0
DA:39,0
DA:40,0
DA:41,0
DA:45,0
DA:47,0
DA:48,0
DA:50,0
DA:51,0
DA:52,0
DA:53,0
DA:55,0
DA:56,0
DA:59,0
DA:60,0
DA:64,0
DA:66,0
DA:85,0
DA:94,0
DA:99,0
DA:104,0
DA:109,0
DA:140,0
LF:32
LH:1
BRDA:50,0,0,0
BRDA:50,0,1,0
BRDA:51,1,0,0
BRDA:51,1,1,0
BRDA:52,2,0,0
BRDA:52,2,1,0
BRDA:53,3,0,0
BRDA:53,3,1,0
BRDA:56,4,0,0
BRDA:56,4,1,0
BRDA:69,5,0,0
BRDA:69,5,1,0
BRDA:138,6,0,0
BRDA:138,6,1,0
BRDA:147,7,0,0
BRDA:147,7,1,0
BRDA:148,8,0,0
BRDA:148,8,1,0
BRDA:172,9,0,0
BRDA:172,9,1,0
BRDA:196,10,0,0
BRDA:196,10,1,0
BRDA:220,11,0,0
BRDA:220,11,1,0
BRDA:244,12,0,0
BRDA:244,12,1,0
BRDA:268,13,0,0
BRDA:268,13,1,0
BRDA:307,14,0,0
BRDA:307,14,1,0
BRDA:308,15,0,0
BRDA:308,15,1,0
BRDA:353,16,0,0
BRDA:353,16,1,0
BRDA:361,17,0,0
BRDA:361,17,1,0
BRDA:367,18,0,0
BRDA:367,18,1,0
BRF:38
BRH:0
end_of_record
TN:
SF:src/containers/profile/Profile.js
FN:17,(anonymous_0)
FN:32,(anonymous_1)
FN:33,(anonymous_2)
FN:42,(anonymous_3)
FN:45,(anonymous_4)
FN:50,(anonymous_5)
FN:204,(anonymous_6)
FNF:7
FNH:2
FNDA:2,(anonymous_0)
FNDA:0,(anonymous_1)
FNDA:0,(anonymous_2)
FNDA:0,(anonymous_3)
FNDA:0,(anonymous_4)
FNDA:0,(anonymous_5)
FNDA:2,(anonymous_6)
DA:17,2
DA:18,2
DA:19,2
DA:29,2
DA:32,2
DA:33,0
DA:34,0
DA:40,2
DA:43,0
DA:44,0
DA:46,0
DA:50,0
DA:51,0
DA:55,0
DA:59,2
DA:204,2
DA:205,2
LF:17
LH:9
BRDA:74,0,0,2
BRDA:74,0,1,2
BRDA:75,1,0,2
BRDA:75,1,1,0
BRDA:82,2,0,0
BRDA:82,2,1,0
BRDA:99,3,0,2
BRDA:99,3,1,2
BRDA:100,4,0,2
BRDA:100,4,1,0
BRDA:162,5,0,0
BRDA:162,5,1,0
BRDA:171,6,0,0
BRDA:171,6,1,0
BRF:14
BRH:6
end_of_record
TN:
SF:src/functions/Notify.js
FN:2,(anonymous_0)
FNF:1
FNH:0
FNDA:0,(anonymous_0)
DA:2,5
DA:3,0
DA:5,0
DA:13,0
DA:15,0
DA:23,0
DA:25,0
DA:33,0
DA:35,0
DA:36,0
DA:38,0
LF:11
LH:1
BRDA:3,0,0,0
BRDA:3,0,1,0
BRDA:3,0,2,0
BRDA:3,0,3,0
BRDA:3,0,4,0
BRF:5
BRH:0
end_of_record
TN:
SF:src/functions/RanderMyLocation.js
FN:4,(anonymous_0)
FN:10,(anonymous_1)
FN:11,(anonymous_2)
FNF:3
FNH:0
FNDA:0,(anonymous_0)
FNDA:0,(anonymous_1)
FNDA:0,(anonymous_2)
DA:4,2
DA:5,0
DA:6,0
DA:8,0
DA:10,0
DA:11,0
DA:12,0
DA:13,0
DA:14,0
DA:15,0
DA:16,0
DA:17,0
DA:18,0
DA:25,0
LF:14
LH:1
BRDA:25,0,0,0
BRDA:25,0,1,0
BRF:2
BRH:0
end_of_record
TN:
SF:src/functions/RoutingMachine.js
FN:5,(anonymous_0)
FNF:1
FNH:0
FNDA:0,(anonymous_0)
DA:5,2
DA:6,0
DA:7,0
DA:23,0
DA:26,2
LF:5
LH:2
BRF:0
BRH:0
end_of_record
TN:
SF:src/redux/store.js
FNF:0
FNH:0
DA:6,5
DA:7,5
DA:10,5
LF:3
LH:3
BRDA:10,0,0,5
BRDA:10,0,1,0
BRF:2
BRH:1
end_of_record
TN:
SF:src/redux/actions/ActiveBus.js
FN:5,(anonymous_0)
FN:12,(anonymous_1)
FNF:2
FNH:2
FNDA:1,(anonymous_0)
FNDA:1,(anonymous_1)
DA:3,3
DA:5,3
DA:6,1
DA:12,3
DA:13,1
LF:5
LH:5
BRF:0
BRH:0
end_of_record
TN:
SF:src/redux/actions/counterActions.js
FN:5,(anonymous_0)
FN:10,(anonymous_1)
FN:16,(anonymous_2)
FN:23,(anonymous_3)
FN:31,(anonymous_4)
FNF:5
FNH:0
FNDA:0,(anonymous_0)
FNDA:0,(anonymous_1)
FNDA:0,(anonymous_2)
FNDA:0,(anonymous_3)
FNDA:0,(anonymous_4)
DA:3,0
DA:5,0
DA:6,0
DA:10,0
DA:11,0
DA:16,0
DA:17,0
DA:23,0
DA:24,0
DA:31,0
DA:32,0
LF:11
LH:0
BRF:0
BRH:0
end_of_record
TN:
SF:src/redux/actions/permissionAction.js
FN:5,(anonymous_0)
FNF:1
FNH:0
FNDA:0,(anonymous_0)
DA:2,2
DA:5,2
DA:6,0
LF:3
LH:2
BRF:0
BRH:0
end_of_record
TN:
SF:src/redux/actions/roleAction.js
FN:6,(anonymous_0)
FN:12,(anonymous_1)
FN:19,(anonymous_2)
FN:26,(anonymous_3)
FNF:4
FNH:0
FNDA:0,(anonymous_0)
FNDA:0,(anonymous_1)
FNDA:0,(anonymous_2)
FNDA:0,(anonymous_3)
DA:2,2
DA:6,2
DA:7,0
DA:12,2
DA:13,0
DA:19,2
DA:20,0
DA:26,2
DA:27,0
LF:9
LH:5
BRF:0
BRH:0
end_of_record
TN:
SF:src/redux/actions/selectedRouteAction.js
FN:5,(anonymous_0)
FNF:1
FNH:0
FNDA:0,(anonymous_0)
DA:3,1
DA:5,1
DA:6,0
LF:3
LH:2
BRF:0
BRH:0
end_of_record
TN:
SF:src/redux/actions/userActions.js
FN:4,(anonymous_0)
FN:12,(anonymous_1)
FN:19,(anonymous_2)
FN:25,(anonymous_3)
FN:32,(anonymous_4)
FNF:5
FNH:2
FNDA:1,(anonymous_0)
FNDA:0,(anonymous_1)
FNDA:0,(anonymous_2)
FNDA:0,(anonymous_3)
FNDA:1,(anonymous_4)
DA:3,4
DA:4,4
DA:5,1
DA:12,4
DA:13,0
DA:19,4
DA:20,0
DA:25,4
DA:26,0
DA:32,4
DA:33,1
LF:11
LH:8
BRF:0
BRH:0
end_of_record
TN:
SF:src/redux/constants/actionType.js
FNF:0
FNH:0
DA:1,5
LF:1
LH:1
BRF:0
BRH:0
end_of_record
TN:
SF:src/redux/constants/activeBusActionTypes.js
FNF:0
FNH:0
DA:1,6
LF:1
LH:1
BRF:0
BRH:0
end_of_record
TN:
SF:src/redux/constants/permissionActionType.js
FNF:0
FNH:0
DA:1,6
LF:1
LH:1
BRF:0
BRH:0
end_of_record
TN:
SF:src/redux/constants/roleAction.js
FNF:0
FNH:0
DA:1,7
LF:1
LH:1
BRF:0
BRH:0
end_of_record
TN:
SF:src/redux/constants/selectedRouteActionTypes.js
FNF:0
FNH:0
DA:1,6
LF:1
LH:1
BRF:0
BRH:0
end_of_record
TN:
SF:src/redux/constants/userActionTypes.js
FNF:0
FNH:0
DA:1,7
LF:1
LH:1
BRF:0
BRH:0
end_of_record
TN:
SF:src/redux/reducers/SelectedRouteReducer.js
FN:11,(anonymous_0)
FNF:1
FNH:1
FNDA:24,(anonymous_0)
DA:3,5
DA:5,5
DA:11,5
DA:12,24
DA:14,0
DA:15,0
DA:20,0
DA:21,0
DA:22,0
DA:23,0
DA:25,0
DA:26,0
DA:28,24
LF:13
LH:5
BRDA:11,0,0,20
BRDA:12,1,0,0
BRDA:12,1,1,24
BRF:3
BRH:2
end_of_record
TN:
SF:src/redux/reducers/activeBusReducer.js
FN:15,(anonymous_0)
FN:19,(anonymous_1)
FN:20,(anonymous_2)
FN:28,(anonymous_3)
FN:29,(anonymous_4)
FNF:5
FNH:3
FNDA:24,(anonymous_0)
FNDA:0,(anonymous_1)
FNDA:0,(anonymous_2)
FNDA:1,(anonymous_3)
FNDA:1,(anonymous_4)
DA:3,5
DA:5,5
DA:15,5
DA:16,24
DA:18,0
DA:19,0
DA:20,0
DA:21,0
DA:22,0
DA:23,0
DA:24,0
DA:25,0
DA:27,1
DA:28,1
DA:29,1
DA:31,1
DA:33,1
DA:34,1
DA:35,1
DA:36,1
DA:38,23
LF:21
LH:13
BRDA:15,0,0,20
BRDA:16,1,0,0
BRDA:16,1,1,1
BRDA:16,1,2,23
BRF:4
BRH:3
end_of_record
TN:
SF:src/redux/reducers/countReducer.js
FN:9,(anonymous_0)
FNF:1
FNH:1
FNDA:24,(anonymous_0)
DA:3,5
DA:5,5
DA:9,5
DA:10,24
DA:12,0
DA:14,0
DA:15,0
DA:17,0
DA:18,0
DA:20,0
DA:21,0
DA:23,0
DA:24,0
DA:26,24
LF:14
LH:5
BRDA:9,0,0,20
BRDA:10,1,0,0
BRDA:10,1,1,0
BRDA:10,1,2,0
BRDA:10,1,3,0
BRDA:10,1,4,0
BRDA:10,1,5,24
BRF:7
BRH:2
end_of_record
TN:
SF:src/redux/reducers/index.js
FNF:0
FNH:0
DA:9,5
LF:1
LH:1
BRF:0
BRH:0
end_of_record
TN:
SF:src/redux/reducers/permissionsReducer.js
FN:22,(anonymous_0)
FNF:1
FNH:1
FNDA:24,(anonymous_0)
DA:2,5
DA:4,5
DA:22,5
DA:23,24
DA:25,0
DA:26,0
DA:30,0
DA:31,0
DA:32,0
DA:34,24
LF:10
LH:5
BRDA:22,0,0,20
BRDA:23,1,0,0
BRDA:23,1,1,24
BRF:3
BRH:2
end_of_record
TN:
SF:src/redux/reducers/rolesReducer.js
FN:15,(anonymous_0)
FN:29,(anonymous_1)
FN:35,(anonymous_2)
FN:36,(anonymous_3)
FN:38,(anonymous_4)
FN:46,(anonymous_5)
FN:47,(anonymous_6)
FNF:7
FNH:7
FNDA:29,(anonymous_0)
FNDA:1,(anonymous_1)
FNDA:1,(anonymous_2)
FNDA:1,(anonymous_3)
FNDA:1,(anonymous_4)
FNDA:1,(anonymous_5)
FNDA:1,(anonymous_6)
DA:3,6
DA:5,6
DA:15,6
DA:16,29
DA:18,1
DA:19,1
DA:24,1
DA:25,1
DA:26,1
DA:28,1
DA:29,1
DA:30,1
DA:31,1
DA:33,1
DA:34,1
DA:35,1
DA:36,1
DA:37,1
DA:38,1
DA:39,1
DA:41,1
DA:42,1
DA:44,1
DA:45,1
DA:46,1
DA:47,1
DA:48,1
DA:49,1
DA:50,1
DA:51,1
DA:56,1
DA:57,1
DA:58,1
DA:60,25
LF:34
LH:34
BRDA:15,0,0,22
BRDA:16,1,0,1
BRDA:16,1,1,1
BRDA:16,1,2,1
BRDA:16,1,3,1
BRDA:16,1,4,25
BRF:6
BRH:6
end_of_record
TN:
SF:src/redux/reducers/userReducer.js
FN:17,(anonymous_0)
FNF:1
FNH:1
FNDA:24,(anonymous_0)
DA:3,5
DA:6,5
DA:17,5
DA:18,24
DA:20,0
DA:22,0
DA:24,0
DA:26,1
DA:27,1
DA:28,1
DA:29,1
DA:31,1
DA:33,1
DA:34,1
DA:35,1
DA:36,1
DA:37,1
DA:38,1
DA:39,0
DA:41,1
DA:42,1
DA:44,22
LF:22
LH:18
BRDA:17,0,0,20
BRDA:18,1,0,0
BRDA:18,1,1,0
BRDA:18,1,2,0
BRDA:18,1,3,1
BRDA:18,1,4,1
BRDA:18,1,5,22
BRDA:38,2,0,0
BRDA:38,2,1,1
BRF:9
BRH:5
end_of_record
TN:
SF:src/skeleton/skeletonElement.js
FN:2,(anonymous_0)
FNF:1
FNH:0
FNDA:0,(anonymous_0)
DA:2,0
DA:3,0
DA:5,0
LF:3
LH:0
BRF:0
BRH:0
end_of_record
TN:
SF:src/utls/testStore.js
FN:9,(anonymous_0)
FNF:1
FNH:1
FNDA:5,(anonymous_0)
DA:9,2
DA:10,5
DA:11,5
LF:3
LH:3
BRF:0
BRH:0
end_of_record
